<?xml version="1.0" encoding="UTF-8"?>
<robot generator="Robot 6.1.1 (Python 3.11.3 on win32)" generated="20231019 16:04:45.901" rpa="false" schemaversion="4">
<suite id="s1" name="Suites">
<suite id="s1-s1" name="Userkeywordswtoutarg" source="C:\Users\CBT\PycharmProjects\GodsOwnStay\Testcases\Userkeywordswtoutarg.robot">
<test id="s1-s1-t1" name="TC1" line="8">
<kw name="Launch Browser">
<kw name="Open Browser" library="SeleniumLibrary">
<arg>${url}</arg>
<arg>${browser}</arg>
<doc>Opens a new browser instance to the optional ``url``.</doc>
<msg timestamp="20231019 16:04:46.183" level="INFO">Opening browser 'chrome' to base url 'https://www.godsownstay.com/'.</msg>
<status status="PASS" starttime="20231019 16:04:46.182" endtime="20231019 16:05:15.883"/>
</kw>
<kw name="Maximize Browser Window" library="SeleniumLibrary">
<doc>Maximizes current browser window.</doc>
<status status="PASS" starttime="20231019 16:05:15.883" endtime="20231019 16:05:16.242"/>
</kw>
<kw name="Click Element" library="SeleniumLibrary">
<arg>xpath://span[text()=" Login as Admin"]</arg>
<doc>Click the element identified by ``locator``.</doc>
<msg timestamp="20231019 16:05:16.244" level="INFO">Clicking element 'xpath://span[text()=" Login as Admin"]'.</msg>
<status status="PASS" starttime="20231019 16:05:16.243" endtime="20231019 16:05:16.855"/>
</kw>
<status status="PASS" starttime="20231019 16:04:46.182" endtime="20231019 16:05:16.855"/>
</kw>
<kw name="Input Text" library="SeleniumLibrary">
<arg>xpath://input[@placeholder='Your Username*']</arg>
<arg>raunakali</arg>
<doc>Types the given ``text`` into the text field identified by ``locator``.</doc>
<msg timestamp="20231019 16:05:16.856" level="INFO">Typing text 'raunakali' into text field 'xpath://input[@placeholder='Your Username*']'.</msg>
<status status="PASS" starttime="20231019 16:05:16.856" endtime="20231019 16:05:16.969"/>
</kw>
<kw name="Input Text" library="SeleniumLibrary">
<arg>xpath://input[@placeholder='Your Password']</arg>
<arg>raunak@25</arg>
<doc>Types the given ``text`` into the text field identified by ``locator``.</doc>
<msg timestamp="20231019 16:05:16.970" level="INFO">Typing text 'raunak@25' into text field 'xpath://input[@placeholder='Your Password']'.</msg>
<status status="PASS" starttime="20231019 16:05:16.970" endtime="20231019 16:05:17.068"/>
</kw>
<status status="PASS" starttime="20231019 16:04:46.181" endtime="20231019 16:05:17.069"/>
</test>
<status status="PASS" starttime="20231019 16:04:45.936" endtime="20231019 16:05:17.069"/>
</suite>
<status status="PASS" starttime="20231019 16:04:45.915" endtime="20231019 16:05:17.071"/>
</suite>
<statistics>
<total>
<stat pass="1" fail="0" skip="0">All Tests</stat>
</total>
<tag>
</tag>
<suite>
<stat pass="1" fail="0" skip="0" id="s1" name="Suites">Suites</stat>
<stat pass="1" fail="0" skip="0" id="s1-s1" name="Userkeywordswtoutarg">Suites.Userkeywordswtoutarg</stat>
</suite>
</statistics>
<errors>
</errors>
</robot>
