<?xml version="1.0" encoding="UTF-8"?>
<robot generator="Robot 6.1.1 (Python 3.11.3 on win32)" generated="20231019 16:02:13.903" rpa="false" schemaversion="4">
<suite id="s1" name="Suites">
<suite id="s1-s1" name="LOGIN Test" source="C:\Users\CBT\PycharmProjects\GodsOwnStay\Testcases\LOGIN_Test.robot">
<test id="s1-s1-t1" name="Login Test" line="13">
<kw name="Open my Browser" library="Login_Keywords">
<arg>${Site URL}</arg>
<arg>${Browser}</arg>
<kw name="Open Browser" library="SeleniumLibrary">
<arg>${Site URL}</arg>
<arg>${Browser}</arg>
<doc>Opens a new browser instance to the optional ``url``.</doc>
<msg timestamp="20231019 16:02:14.241" level="INFO">Opening browser 'chrome' to base url 'https://godsownstay.com/'.</msg>
<status status="PASS" starttime="20231019 16:02:14.241" endtime="20231019 16:02:44.084"/>
</kw>
<kw name="Maximize Browser Window" library="SeleniumLibrary">
<doc>Maximizes current browser window.</doc>
<status status="PASS" starttime="20231019 16:02:44.084" endtime="20231019 16:02:44.430"/>
</kw>
<kw name="Sleep" library="BuiltIn">
<arg>3</arg>
<doc>Pauses the test executed for the given time.</doc>
<msg timestamp="20231019 16:02:47.431" level="INFO">Slept 3 seconds</msg>
<status status="PASS" starttime="20231019 16:02:44.430" endtime="20231019 16:02:47.431"/>
</kw>
<kw name="Click Element" library="SeleniumLibrary">
<arg>${txt_clickbtn}</arg>
<doc>Click the element identified by ``locator``.</doc>
<msg timestamp="20231019 16:02:47.432" level="INFO">Clicking element '//span[text()=' Login as Admin']'.</msg>
<status status="PASS" starttime="20231019 16:02:47.431" endtime="20231019 16:02:47.962"/>
</kw>
<status status="PASS" starttime="20231019 16:02:14.239" endtime="20231019 16:02:47.962"/>
</kw>
<kw name="Sleep" library="BuiltIn">
<arg>3</arg>
<doc>Pauses the test executed for the given time.</doc>
<msg timestamp="20231019 16:02:50.963" level="INFO">Slept 3 seconds</msg>
<status status="PASS" starttime="20231019 16:02:47.962" endtime="20231019 16:02:50.963"/>
</kw>
<kw name="Enter Username" library="Login_Keywords">
<arg>${user}</arg>
<kw name="Input Text" library="SeleniumLibrary">
<arg>${txt_loginusername}</arg>
<arg>${usename}</arg>
<doc>Types the given ``text`` into the text field identified by ``locator``.</doc>
<msg timestamp="20231019 16:02:50.965" level="INFO">Typing text 'raunakali' into text field 'xpath://input[@placeholder='Your Username*']'.</msg>
<status status="PASS" starttime="20231019 16:02:50.964" endtime="20231019 16:02:51.129"/>
</kw>
<status status="PASS" starttime="20231019 16:02:50.963" endtime="20231019 16:02:51.129"/>
</kw>
<kw name="Enter Password" library="Login_Keywords">
<arg>${pwd}</arg>
<kw name="Input Text" library="SeleniumLibrary">
<arg>${txt_loginpassword}</arg>
<arg>${password}</arg>
<doc>Types the given ``text`` into the text field identified by ``locator``.</doc>
<msg timestamp="20231019 16:02:51.132" level="INFO">Typing text 'raunak@25' into text field '//input[@placeholder='Your Password']'.</msg>
<status status="PASS" starttime="20231019 16:02:51.130" endtime="20231019 16:02:51.275"/>
</kw>
<status status="PASS" starttime="20231019 16:02:51.129" endtime="20231019 16:02:51.275"/>
</kw>
<kw name="Click Login" library="Login_Keywords">
<kw name="Click Button" library="SeleniumLibrary">
<arg>${btn_Login}</arg>
<doc>Clicks the button identified by ``locator``.</doc>
<msg timestamp="20231019 16:02:51.277" level="INFO">Clicking button 'xpath://button[text()=' Login']'.</msg>
<status status="PASS" starttime="20231019 16:02:51.276" endtime="20231019 16:02:51.377"/>
</kw>
<status status="PASS" starttime="20231019 16:02:51.275" endtime="20231019 16:02:51.377"/>
</kw>
<kw name="Close my browser" library="Login_Keywords">
<kw name="Close Browser" library="SeleniumLibrary">
<doc>Closes the current browser.</doc>
<status status="PASS" starttime="20231019 16:02:51.378" endtime="20231019 16:02:53.756"/>
</kw>
<status status="PASS" starttime="20231019 16:02:51.377" endtime="20231019 16:02:53.757"/>
</kw>
<status status="PASS" starttime="20231019 16:02:14.238" endtime="20231019 16:02:53.757"/>
</test>
<status status="PASS" starttime="20231019 16:02:13.940" endtime="20231019 16:02:53.758"/>
</suite>
<status status="PASS" starttime="20231019 16:02:13.919" endtime="20231019 16:02:53.760"/>
</suite>
<statistics>
<total>
<stat pass="1" fail="0" skip="0">All Tests</stat>
</total>
<tag>
</tag>
<suite>
<stat pass="1" fail="0" skip="0" id="s1" name="Suites">Suites</stat>
<stat pass="1" fail="0" skip="0" id="s1-s1" name="LOGIN Test">Suites.LOGIN Test</stat>
</suite>
</statistics>
<errors>
</errors>
</robot>
