<?xml version="1.0" encoding="UTF-8"?>
<robot generator="Robot 6.1.1 (Python 3.11.3 on win32)" generated="20231019 15:59:10.866" rpa="false" schemaversion="4">
<suite id="s1" name="Suites">
<suite id="s1-s1" name="DDT2 Excel" source="C:\Users\CBT\PycharmProjects\GodsOwnStay\Testcases\DDT2_Excel.robot">
<test id="s1-s1-t1" name="LoginTest_with_Excel" line="10">
<kw name="openmybrowser" library="Login_resources" type="SETUP">
<kw name="Open Browser" library="SeleniumLibrary">
<arg>${LOGIN_URL}</arg>
<arg>${BROWSER}</arg>
<doc>Opens a new browser instance to the optional ``url``.</doc>
<msg timestamp="20231019 15:59:15.252" level="INFO">Opening browser 'chrome' to base url 'https://www.godsownstay.com/'.</msg>
<status status="PASS" starttime="20231019 15:59:15.251" endtime="20231019 15:59:42.895"/>
</kw>
<kw name="Maximize Browser Window" library="SeleniumLibrary">
<doc>Maximizes current browser window.</doc>
<status status="PASS" starttime="20231019 15:59:42.895" endtime="20231019 15:59:43.526"/>
</kw>
<kw name="Click Element" library="SeleniumLibrary">
<arg>//span[text()=" Login as Admin"]</arg>
<doc>Click the element identified by ``locator``.</doc>
<msg timestamp="20231019 15:59:43.528" level="INFO">Clicking element '//span[text()=" Login as Admin"]'.</msg>
<status status="PASS" starttime="20231019 15:59:43.527" endtime="20231019 15:59:44.384"/>
</kw>
<status status="PASS" starttime="20231019 15:59:15.250" endtime="20231019 15:59:44.385"/>
</kw>
<kw name="InvalidLogin">
<arg>raunakali</arg>
<arg>123</arg>
<kw name="Inputusername" library="Login_resources">
<arg>${username}</arg>
<kw name="Input Text" library="SeleniumLibrary">
<arg>xpath://input[@placeholder='Your Username*']</arg>
<arg>${username}</arg>
<doc>Types the given ``text`` into the text field identified by ``locator``.</doc>
<msg timestamp="20231019 15:59:44.387" level="INFO">Typing text 'raunakali' into text field 'xpath://input[@placeholder='Your Username*']'.</msg>
<status status="PASS" starttime="20231019 15:59:44.387" endtime="20231019 15:59:44.551"/>
</kw>
<status status="PASS" starttime="20231019 15:59:44.386" endtime="20231019 15:59:44.552"/>
</kw>
<kw name="Inputpwd" library="Login_resources">
<arg>${password}</arg>
<kw name="Input Text" library="SeleniumLibrary">
<arg>//input[@placeholder='Your Password']</arg>
<arg>${password}</arg>
<doc>Types the given ``text`` into the text field identified by ``locator``.</doc>
<msg timestamp="20231019 15:59:44.553" level="INFO">Typing text '123' into text field '//input[@placeholder='Your Password']'.</msg>
<status status="PASS" starttime="20231019 15:59:44.553" endtime="20231019 15:59:44.668"/>
</kw>
<status status="PASS" starttime="20231019 15:59:44.552" endtime="20231019 15:59:44.668"/>
</kw>
<kw name="Clickloginbutton" library="Login_resources">
<kw name="Click Element" library="SeleniumLibrary">
<arg>xpath://button[text()=" Login"]</arg>
<doc>Click the element identified by ``locator``.</doc>
<msg timestamp="20231019 15:59:44.670" level="INFO">Clicking element 'xpath://button[text()=" Login"]'.</msg>
<status status="PASS" starttime="20231019 15:59:44.669" endtime="20231019 15:59:44.738"/>
</kw>
<status status="PASS" starttime="20231019 15:59:44.668" endtime="20231019 15:59:44.739"/>
</kw>
<kw name="Error message should be visible" library="Login_resources">
<kw name="Page Should Contain" library="SeleniumLibrary">
<arg>Invalid Usename or Password *</arg>
<doc>Verifies that current page contains ``text``.</doc>
<msg timestamp="20231019 15:59:44.765" level="INFO">Current page contains text 'Invalid Usename or Password *'.</msg>
<status status="PASS" starttime="20231019 15:59:44.739" endtime="20231019 15:59:44.765"/>
</kw>
<status status="PASS" starttime="20231019 15:59:44.739" endtime="20231019 15:59:44.765"/>
</kw>
<status status="PASS" starttime="20231019 15:59:44.385" endtime="20231019 15:59:44.765"/>
</kw>
<kw name="Close Browsers" library="Login_resources" type="TEARDOWN">
<kw name="Close Browser" library="SeleniumLibrary">
<doc>Closes the current browser.</doc>
<status status="PASS" starttime="20231019 15:59:44.766" endtime="20231019 15:59:47.022"/>
</kw>
<status status="PASS" starttime="20231019 15:59:44.766" endtime="20231019 15:59:47.022"/>
</kw>
<status status="PASS" starttime="20231019 15:59:15.248" endtime="20231019 15:59:47.022"/>
</test>
<test id="s1-s1-t2" name="LoginTest_with_Excel" line="10">
<kw name="openmybrowser" library="Login_resources" type="SETUP">
<kw name="Open Browser" library="SeleniumLibrary">
<arg>${LOGIN_URL}</arg>
<arg>${BROWSER}</arg>
<doc>Opens a new browser instance to the optional ``url``.</doc>
<msg timestamp="20231019 15:59:47.026" level="INFO">Opening browser 'chrome' to base url 'https://www.godsownstay.com/'.</msg>
<status status="PASS" starttime="20231019 15:59:47.026" endtime="20231019 16:00:11.114"/>
</kw>
<kw name="Maximize Browser Window" library="SeleniumLibrary">
<doc>Maximizes current browser window.</doc>
<status status="PASS" starttime="20231019 16:00:11.114" endtime="20231019 16:00:11.526"/>
</kw>
<kw name="Click Element" library="SeleniumLibrary">
<arg>//span[text()=" Login as Admin"]</arg>
<doc>Click the element identified by ``locator``.</doc>
<msg timestamp="20231019 16:00:11.527" level="INFO">Clicking element '//span[text()=" Login as Admin"]'.</msg>
<status status="PASS" starttime="20231019 16:00:11.527" endtime="20231019 16:00:12.359"/>
</kw>
<status status="PASS" starttime="20231019 15:59:47.025" endtime="20231019 16:00:12.359"/>
</kw>
<kw name="InvalidLogin">
<arg>raunak@123</arg>
<arg>raunak</arg>
<kw name="Inputusername" library="Login_resources">
<arg>${username}</arg>
<kw name="Input Text" library="SeleniumLibrary">
<arg>xpath://input[@placeholder='Your Username*']</arg>
<arg>${username}</arg>
<doc>Types the given ``text`` into the text field identified by ``locator``.</doc>
<msg timestamp="20231019 16:00:12.362" level="INFO">Typing text 'raunak@123' into text field 'xpath://input[@placeholder='Your Username*']'.</msg>
<status status="PASS" starttime="20231019 16:00:12.361" endtime="20231019 16:00:12.499"/>
</kw>
<status status="PASS" starttime="20231019 16:00:12.360" endtime="20231019 16:00:12.499"/>
</kw>
<kw name="Inputpwd" library="Login_resources">
<arg>${password}</arg>
<kw name="Input Text" library="SeleniumLibrary">
<arg>//input[@placeholder='Your Password']</arg>
<arg>${password}</arg>
<doc>Types the given ``text`` into the text field identified by ``locator``.</doc>
<msg timestamp="20231019 16:00:12.501" level="INFO">Typing text 'raunak' into text field '//input[@placeholder='Your Password']'.</msg>
<status status="PASS" starttime="20231019 16:00:12.500" endtime="20231019 16:00:12.614"/>
</kw>
<status status="PASS" starttime="20231019 16:00:12.500" endtime="20231019 16:00:12.614"/>
</kw>
<kw name="Clickloginbutton" library="Login_resources">
<kw name="Click Element" library="SeleniumLibrary">
<arg>xpath://button[text()=" Login"]</arg>
<doc>Click the element identified by ``locator``.</doc>
<msg timestamp="20231019 16:00:12.616" level="INFO">Clicking element 'xpath://button[text()=" Login"]'.</msg>
<status status="PASS" starttime="20231019 16:00:12.615" endtime="20231019 16:00:12.680"/>
</kw>
<status status="PASS" starttime="20231019 16:00:12.615" endtime="20231019 16:00:12.680"/>
</kw>
<kw name="Error message should be visible" library="Login_resources">
<kw name="Page Should Contain" library="SeleniumLibrary">
<arg>Invalid Usename or Password *</arg>
<doc>Verifies that current page contains ``text``.</doc>
<msg timestamp="20231019 16:00:12.700" level="INFO">Current page contains text 'Invalid Usename or Password *'.</msg>
<status status="PASS" starttime="20231019 16:00:12.681" endtime="20231019 16:00:12.700"/>
</kw>
<status status="PASS" starttime="20231019 16:00:12.680" endtime="20231019 16:00:12.700"/>
</kw>
<status status="PASS" starttime="20231019 16:00:12.360" endtime="20231019 16:00:12.700"/>
</kw>
<kw name="Close Browsers" library="Login_resources" type="TEARDOWN">
<kw name="Close Browser" library="SeleniumLibrary">
<doc>Closes the current browser.</doc>
<status status="PASS" starttime="20231019 16:00:12.701" endtime="20231019 16:00:14.950"/>
</kw>
<status status="PASS" starttime="20231019 16:00:12.701" endtime="20231019 16:00:14.950"/>
</kw>
<status status="PASS" starttime="20231019 15:59:47.023" endtime="20231019 16:00:14.950"/>
</test>
<test id="s1-s1-t3" name="LoginTest_with_Excel" line="10">
<kw name="openmybrowser" library="Login_resources" type="SETUP">
<kw name="Open Browser" library="SeleniumLibrary">
<arg>${LOGIN_URL}</arg>
<arg>${BROWSER}</arg>
<doc>Opens a new browser instance to the optional ``url``.</doc>
<msg timestamp="20231019 16:00:14.954" level="INFO">Opening browser 'chrome' to base url 'https://www.godsownstay.com/'.</msg>
<status status="PASS" starttime="20231019 16:00:14.953" endtime="20231019 16:00:39.278"/>
</kw>
<kw name="Maximize Browser Window" library="SeleniumLibrary">
<doc>Maximizes current browser window.</doc>
<status status="PASS" starttime="20231019 16:00:39.279" endtime="20231019 16:00:39.668"/>
</kw>
<kw name="Click Element" library="SeleniumLibrary">
<arg>//span[text()=" Login as Admin"]</arg>
<doc>Click the element identified by ``locator``.</doc>
<msg timestamp="20231019 16:00:39.669" level="INFO">Clicking element '//span[text()=" Login as Admin"]'.</msg>
<status status="PASS" starttime="20231019 16:00:39.669" endtime="20231019 16:00:40.464"/>
</kw>
<status status="PASS" starttime="20231019 16:00:14.953" endtime="20231019 16:00:40.464"/>
</kw>
<kw name="InvalidLogin">
<arg>haritha</arg>
<arg>tiger</arg>
<kw name="Inputusername" library="Login_resources">
<arg>${username}</arg>
<kw name="Input Text" library="SeleniumLibrary">
<arg>xpath://input[@placeholder='Your Username*']</arg>
<arg>${username}</arg>
<doc>Types the given ``text`` into the text field identified by ``locator``.</doc>
<msg timestamp="20231019 16:00:40.467" level="INFO">Typing text 'haritha' into text field 'xpath://input[@placeholder='Your Username*']'.</msg>
<status status="PASS" starttime="20231019 16:00:40.465" endtime="20231019 16:00:40.596"/>
</kw>
<status status="PASS" starttime="20231019 16:00:40.465" endtime="20231019 16:00:40.596"/>
</kw>
<kw name="Inputpwd" library="Login_resources">
<arg>${password}</arg>
<kw name="Input Text" library="SeleniumLibrary">
<arg>//input[@placeholder='Your Password']</arg>
<arg>${password}</arg>
<doc>Types the given ``text`` into the text field identified by ``locator``.</doc>
<msg timestamp="20231019 16:00:40.598" level="INFO">Typing text 'tiger' into text field '//input[@placeholder='Your Password']'.</msg>
<status status="PASS" starttime="20231019 16:00:40.597" endtime="20231019 16:00:40.707"/>
</kw>
<status status="PASS" starttime="20231019 16:00:40.597" endtime="20231019 16:00:40.708"/>
</kw>
<kw name="Clickloginbutton" library="Login_resources">
<kw name="Click Element" library="SeleniumLibrary">
<arg>xpath://button[text()=" Login"]</arg>
<doc>Click the element identified by ``locator``.</doc>
<msg timestamp="20231019 16:00:40.709" level="INFO">Clicking element 'xpath://button[text()=" Login"]'.</msg>
<status status="PASS" starttime="20231019 16:00:40.708" endtime="20231019 16:00:40.791"/>
</kw>
<status status="PASS" starttime="20231019 16:00:40.708" endtime="20231019 16:00:40.791"/>
</kw>
<kw name="Error message should be visible" library="Login_resources">
<kw name="Page Should Contain" library="SeleniumLibrary">
<arg>Invalid Usename or Password *</arg>
<doc>Verifies that current page contains ``text``.</doc>
<msg timestamp="20231019 16:00:40.829" level="INFO">Current page contains text 'Invalid Usename or Password *'.</msg>
<status status="PASS" starttime="20231019 16:00:40.791" endtime="20231019 16:00:40.830"/>
</kw>
<status status="PASS" starttime="20231019 16:00:40.791" endtime="20231019 16:00:40.830"/>
</kw>
<status status="PASS" starttime="20231019 16:00:40.464" endtime="20231019 16:00:40.830"/>
</kw>
<kw name="Close Browsers" library="Login_resources" type="TEARDOWN">
<kw name="Close Browser" library="SeleniumLibrary">
<doc>Closes the current browser.</doc>
<status status="PASS" starttime="20231019 16:00:40.831" endtime="20231019 16:00:43.040"/>
</kw>
<status status="PASS" starttime="20231019 16:00:40.830" endtime="20231019 16:00:43.040"/>
</kw>
<status status="PASS" starttime="20231019 16:00:14.951" endtime="20231019 16:00:43.040"/>
</test>
<status status="PASS" starttime="20231019 15:59:10.908" endtime="20231019 16:00:43.041"/>
</suite>
<status status="PASS" starttime="20231019 15:59:10.885" endtime="20231019 16:00:43.042"/>
</suite>
<statistics>
<total>
<stat pass="3" fail="0" skip="0">All Tests</stat>
</total>
<tag>
</tag>
<suite>
<stat pass="3" fail="0" skip="0" id="s1" name="Suites">Suites</stat>
<stat pass="3" fail="0" skip="0" id="s1-s1" name="DDT2 Excel">Suites.DDT2 Excel</stat>
</suite>
</statistics>
<errors>
<msg timestamp="20231019 15:59:47.023" level="WARN">Multiple tests with name 'LoginTest_with_Excel' executed in suite 'Suites.DDT2 Excel'.</msg>
<msg timestamp="20231019 16:00:14.951" level="WARN">Multiple tests with name 'LoginTest_with_Excel' executed in suite 'Suites.DDT2 Excel'.</msg>
</errors>
</robot>
