<?xml version="1.0" encoding="UTF-8"?>
<robot generator="Robot 6.1.1 (Python 3.11.3 on win32)" generated="20231019 16:01:11.688" rpa="false" schemaversion="4">
<suite id="s1" name="Suites">
<suite id="s1-s1" name="Handlingdropdownlists2" source="C:\Users\CBT\PycharmProjects\GodsOwnStay\Testcases\Handlingdropdownlists2.robot">
<test id="s1-s1-t1" name="Handling dropdown and listboxes" line="9">
<kw name="Open Browser" library="SeleniumLibrary">
<arg>https://www.techlistic.com/p/selenium-practice-form.html</arg>
<arg>chrome</arg>
<doc>Opens a new browser instance to the optional ``url``.</doc>
<msg timestamp="20231019 16:01:12.452" level="INFO">Opening browser 'chrome' to base url 'https://www.techlistic.com/p/selenium-practice-form.html'.</msg>
<status status="PASS" starttime="20231019 16:01:12.447" endtime="20231019 16:02:16.573"/>
</kw>
<kw name="Maximize Browser Window" library="SeleniumLibrary">
<doc>Maximizes current browser window.</doc>
<status status="PASS" starttime="20231019 16:02:16.573" endtime="20231019 16:02:16.722"/>
</kw>
<kw name="Sleep" library="BuiltIn">
<arg>5</arg>
<doc>Pauses the test executed for the given time.</doc>
<msg timestamp="20231019 16:02:21.724" level="INFO">Slept 5 seconds</msg>
<status status="PASS" starttime="20231019 16:02:16.722" endtime="20231019 16:02:21.724"/>
</kw>
<kw name="Select From List By Label" library="SeleniumLibrary">
<arg>continents</arg>
<arg>Australia</arg>
<doc>Selects options from selection list ``locator`` by ``labels``.</doc>
<msg timestamp="20231019 16:02:21.725" level="INFO">Selecting options from selection list 'continents' by label Australia.</msg>
<status status="PASS" starttime="20231019 16:02:21.724" endtime="20231019 16:02:21.847"/>
</kw>
<kw name="Sleep" library="BuiltIn">
<arg>3</arg>
<doc>Pauses the test executed for the given time.</doc>
<msg timestamp="20231019 16:02:24.849" level="INFO">Slept 3 seconds</msg>
<status status="PASS" starttime="20231019 16:02:21.848" endtime="20231019 16:02:24.849"/>
</kw>
<kw name="Select From List By Index" library="SeleniumLibrary">
<arg>continents</arg>
<arg>5</arg>
<doc>Selects options from selection list ``locator`` by ``indexes``.</doc>
<msg timestamp="20231019 16:02:24.851" level="INFO">Selecting options from selection list 'continents' by index 5.</msg>
<status status="PASS" starttime="20231019 16:02:24.849" endtime="20231019 16:02:25.261"/>
</kw>
<kw name="Select From List By Label" library="SeleniumLibrary">
<arg>selenium_commands</arg>
<arg>Switch Commands</arg>
<doc>Selects options from selection list ``locator`` by ``labels``.</doc>
<msg timestamp="20231019 16:02:25.262" level="INFO">Selecting options from selection list 'selenium_commands' by label Switch Commands.</msg>
<status status="PASS" starttime="20231019 16:02:25.261" endtime="20231019 16:02:25.350"/>
</kw>
<kw name="Sleep" library="BuiltIn">
<arg>3</arg>
<doc>Pauses the test executed for the given time.</doc>
<msg timestamp="20231019 16:02:28.351" level="INFO">Slept 3 seconds</msg>
<status status="PASS" starttime="20231019 16:02:25.351" endtime="20231019 16:02:28.351"/>
</kw>
<kw name="Select From List By Label" library="SeleniumLibrary">
<arg>selenium_commands</arg>
<arg>WebElement Commands</arg>
<doc>Selects options from selection list ``locator`` by ``labels``.</doc>
<msg timestamp="20231019 16:02:28.352" level="INFO">Selecting options from selection list 'selenium_commands' by label WebElement Commands.</msg>
<status status="PASS" starttime="20231019 16:02:28.351" endtime="20231019 16:02:28.434"/>
</kw>
<kw name="Sleep" library="BuiltIn">
<arg>2</arg>
<doc>Pauses the test executed for the given time.</doc>
<msg timestamp="20231019 16:02:30.436" level="INFO">Slept 2 seconds</msg>
<status status="PASS" starttime="20231019 16:02:28.435" endtime="20231019 16:02:30.436"/>
</kw>
<kw name="Unselect From List By Label" library="SeleniumLibrary">
<arg>selenium_commands</arg>
<arg>WebElement Commands</arg>
<doc>Unselects options from selection list ``locator`` by ``labels``.</doc>
<msg timestamp="20231019 16:02:30.437" level="INFO">Un-selecting options from selection list 'selenium_commands' by label WebElement Commands.</msg>
<status status="PASS" starttime="20231019 16:02:30.436" endtime="20231019 16:02:30.542"/>
</kw>
<status status="PASS" starttime="20231019 16:01:12.444" endtime="20231019 16:02:30.542"/>
</test>
<status status="PASS" starttime="20231019 16:01:11.861" endtime="20231019 16:02:30.543"/>
</suite>
<status status="PASS" starttime="20231019 16:01:11.834" endtime="20231019 16:02:30.545"/>
</suite>
<statistics>
<total>
<stat pass="1" fail="0" skip="0">All Tests</stat>
</total>
<tag>
</tag>
<suite>
<stat pass="1" fail="0" skip="0" id="s1" name="Suites">Suites</stat>
<stat pass="1" fail="0" skip="0" id="s1-s1" name="Handlingdropdownlists2">Suites.Handlingdropdownlists2</stat>
</suite>
</statistics>
<errors>
</errors>
</robot>
