<?xml version="1.0" encoding="UTF-8"?>
<robot generator="Robot 6.1.1 (Python 3.11.3 on win32)" generated="20231018 11:58:48.600" rpa="false" schemaversion="4">
<suite id="s1" name="LOGIN Test" source="C:\Users\CBT\PycharmProjects\GodsOwnStay\Testcases\LOGIN_Test.robot">
<test id="s1-t1" name="Login Test" line="13">
<kw name="Open my Browser" library="Login_Keywords">
<arg>${Site URL}</arg>
<arg>${Browser}</arg>
<kw name="Open Browser" library="SeleniumLibrary">
<arg>${Site URL}</arg>
<arg>${Browser}</arg>
<doc>Opens a new browser instance to the optional ``url``.</doc>
<msg timestamp="20231018 11:58:48.874" level="INFO">Opening browser 'chrome' to base url 'https://godsownstay.com/'.</msg>
<status status="PASS" starttime="20231018 11:58:48.874" endtime="20231018 11:59:18.748"/>
</kw>
<kw name="Maximize Browser Window" library="SeleniumLibrary">
<doc>Maximizes current browser window.</doc>
<status status="PASS" starttime="20231018 11:59:18.748" endtime="20231018 11:59:19.066"/>
</kw>
<kw name="Sleep" library="BuiltIn">
<arg>3</arg>
<doc>Pauses the test executed for the given time.</doc>
<msg timestamp="20231018 11:59:22.068" level="INFO">Slept 3 seconds</msg>
<status status="PASS" starttime="20231018 11:59:19.067" endtime="20231018 11:59:22.068"/>
</kw>
<kw name="Click Element" library="SeleniumLibrary">
<arg>${txt_clickbtn}</arg>
<doc>Click the element identified by ``locator``.</doc>
<msg timestamp="20231018 11:59:22.069" level="INFO">Clicking element '//span[text()=' Login as Admin']'.</msg>
<status status="PASS" starttime="20231018 11:59:22.068" endtime="20231018 11:59:22.569"/>
</kw>
<status status="PASS" starttime="20231018 11:58:48.873" endtime="20231018 11:59:22.569"/>
</kw>
<kw name="Sleep" library="BuiltIn">
<arg>3</arg>
<doc>Pauses the test executed for the given time.</doc>
<msg timestamp="20231018 11:59:25.570" level="INFO">Slept 3 seconds</msg>
<status status="PASS" starttime="20231018 11:59:22.570" endtime="20231018 11:59:25.570"/>
</kw>
<kw name="Enter Username" library="Login_Keywords">
<arg>${user}</arg>
<kw name="Input Text" library="SeleniumLibrary">
<arg>${txt_loginusername}</arg>
<arg>${usename}</arg>
<doc>Types the given ``text`` into the text field identified by ``locator``.</doc>
<msg timestamp="20231018 11:59:25.572" level="INFO">Typing text 'raunakali' into text field 'xpath://input[@placeholder='Your Username*']'.</msg>
<status status="PASS" starttime="20231018 11:59:25.571" endtime="20231018 11:59:25.689"/>
</kw>
<status status="PASS" starttime="20231018 11:59:25.570" endtime="20231018 11:59:25.689"/>
</kw>
<kw name="Enter Password" library="Login_Keywords">
<arg>${pwd}</arg>
<kw name="Input Text" library="SeleniumLibrary">
<arg>${txt_loginpassword}</arg>
<arg>${password}</arg>
<doc>Types the given ``text`` into the text field identified by ``locator``.</doc>
<msg timestamp="20231018 11:59:25.690" level="INFO">Typing text 'raunak@25' into text field '//input[@placeholder='Your Password']'.</msg>
<status status="PASS" starttime="20231018 11:59:25.690" endtime="20231018 11:59:25.780"/>
</kw>
<status status="PASS" starttime="20231018 11:59:25.689" endtime="20231018 11:59:25.780"/>
</kw>
<kw name="Click Login" library="Login_Keywords">
<kw name="Click Button" library="SeleniumLibrary">
<arg>${btn_Login}</arg>
<doc>Clicks the button identified by ``locator``.</doc>
<msg timestamp="20231018 11:59:25.781" level="INFO">Clicking button 'xpath://button[text()=' Login']'.</msg>
<status status="PASS" starttime="20231018 11:59:25.780" endtime="20231018 11:59:25.844"/>
</kw>
<status status="PASS" starttime="20231018 11:59:25.780" endtime="20231018 11:59:25.844"/>
</kw>
<kw name="Close my browser" library="Login_Keywords">
<kw name="Close Browser" library="SeleniumLibrary">
<doc>Closes the current browser.</doc>
<status status="PASS" starttime="20231018 11:59:25.845" endtime="20231018 11:59:28.013"/>
</kw>
<status status="PASS" starttime="20231018 11:59:25.844" endtime="20231018 11:59:28.013"/>
</kw>
<status status="PASS" starttime="20231018 11:58:48.873" endtime="20231018 11:59:28.013"/>
</test>
<status status="PASS" starttime="20231018 11:58:48.602" endtime="20231018 11:59:28.014"/>
</suite>
<statistics>
<total>
<stat pass="1" fail="0" skip="0">All Tests</stat>
</total>
<tag>
</tag>
<suite>
<stat pass="1" fail="0" skip="0" id="s1" name="LOGIN Test">LOGIN Test</stat>
</suite>
</statistics>
<errors>
</errors>
</robot>
