<?xml version="1.0" encoding="UTF-8"?>
<robot generator="Robot 6.1.1 (Python 3.11.3 on win32)" generated="20230830 15:36:58.000" rpa="false" schemaversion="4">
<suite id="s1" name="Handlingdropdownlists2" source="C:\Users\CBT\PycharmProjects\GodsOwnStay\Testcases\Handlingdropdownlists2.robot">
<test id="s1-t1" name="Handling dropdown and listboxes" line="9">
<kw name="Open Browser" library="SeleniumLibrary">
<arg>https://www.techlistic.com/p/selenium-practice-form.html</arg>
<arg>chrome</arg>
<doc>Opens a new browser instance to the optional ``url``.</doc>
<msg timestamp="20230830 15:36:58.260" level="INFO">Opening browser 'chrome' to base url 'https://www.techlistic.com/p/selenium-practice-form.html'.</msg>
<status status="PASS" starttime="20230830 15:36:58.260" endtime="20230830 15:37:12.023"/>
</kw>
<kw name="Maximize Browser Window" library="SeleniumLibrary">
<doc>Maximizes current browser window.</doc>
<status status="PASS" starttime="20230830 15:37:12.024" endtime="20230830 15:37:12.194"/>
</kw>
<kw name="Sleep" library="BuiltIn">
<arg>5</arg>
<doc>Pauses the test executed for the given time.</doc>
<msg timestamp="20230830 15:37:17.198" level="INFO">Slept 5 seconds</msg>
<status status="PASS" starttime="20230830 15:37:12.197" endtime="20230830 15:37:17.198"/>
</kw>
<kw name="Select From List By Label" library="SeleniumLibrary">
<arg>continents</arg>
<arg>Australia</arg>
<doc>Selects options from selection list ``locator`` by ``labels``.</doc>
<msg timestamp="20230830 15:37:17.200" level="INFO">Selecting options from selection list 'continents' by label Australia.</msg>
<status status="PASS" starttime="20230830 15:37:17.198" endtime="20230830 15:37:17.336"/>
</kw>
<kw name="Sleep" library="BuiltIn">
<arg>3</arg>
<doc>Pauses the test executed for the given time.</doc>
<msg timestamp="20230830 15:37:20.337" level="INFO">Slept 3 seconds</msg>
<status status="PASS" starttime="20230830 15:37:17.336" endtime="20230830 15:37:20.337"/>
</kw>
<kw name="Select From List By Index" library="SeleniumLibrary">
<arg>continents</arg>
<arg>5</arg>
<doc>Selects options from selection list ``locator`` by ``indexes``.</doc>
<msg timestamp="20230830 15:37:20.339" level="INFO">Selecting options from selection list 'continents' by index 5.</msg>
<status status="PASS" starttime="20230830 15:37:20.338" endtime="20230830 15:37:20.566"/>
</kw>
<kw name="Select From List By Label" library="SeleniumLibrary">
<arg>selenium_commands</arg>
<arg>Switch Commands</arg>
<doc>Selects options from selection list ``locator`` by ``labels``.</doc>
<msg timestamp="20230830 15:37:20.567" level="INFO">Selecting options from selection list 'selenium_commands' by label Switch Commands.</msg>
<status status="PASS" starttime="20230830 15:37:20.567" endtime="20230830 15:37:20.637"/>
</kw>
<kw name="Sleep" library="BuiltIn">
<arg>3</arg>
<doc>Pauses the test executed for the given time.</doc>
<msg timestamp="20230830 15:37:23.638" level="INFO">Slept 3 seconds</msg>
<status status="PASS" starttime="20230830 15:37:20.638" endtime="20230830 15:37:23.638"/>
</kw>
<kw name="Select From List By Label" library="SeleniumLibrary">
<arg>selenium_commands</arg>
<arg>WebElement Commands</arg>
<doc>Selects options from selection list ``locator`` by ``labels``.</doc>
<msg timestamp="20230830 15:37:23.640" level="INFO">Selecting options from selection list 'selenium_commands' by label WebElement Commands.</msg>
<status status="PASS" starttime="20230830 15:37:23.639" endtime="20230830 15:37:23.745"/>
</kw>
<kw name="Sleep" library="BuiltIn">
<arg>2</arg>
<doc>Pauses the test executed for the given time.</doc>
<msg timestamp="20230830 15:37:25.748" level="INFO">Slept 2 seconds</msg>
<status status="PASS" starttime="20230830 15:37:23.747" endtime="20230830 15:37:25.748"/>
</kw>
<kw name="Unselect From List By Label" library="SeleniumLibrary">
<arg>selenium_commands</arg>
<arg>WebElement Commands</arg>
<doc>Unselects options from selection list ``locator`` by ``labels``.</doc>
<msg timestamp="20230830 15:37:25.749" level="INFO">Un-selecting options from selection list 'selenium_commands' by label WebElement Commands.</msg>
<status status="PASS" starttime="20230830 15:37:25.748" endtime="20230830 15:37:25.846"/>
</kw>
<status status="PASS" starttime="20230830 15:36:58.259" endtime="20230830 15:37:25.847"/>
</test>
<status status="PASS" starttime="20230830 15:36:58.002" endtime="20230830 15:37:25.849"/>
</suite>
<statistics>
<total>
<stat pass="1" fail="0" skip="0">All Tests</stat>
</total>
<tag>
</tag>
<suite>
<stat pass="1" fail="0" skip="0" id="s1" name="Handlingdropdownlists2">Handlingdropdownlists2</stat>
</suite>
</statistics>
<errors>
</errors>
</robot>
