<?xml version="1.0" encoding="UTF-8"?>
<robot generator="Robot 6.1.1 (Python 3.11.3 on win32)" generated="20231005 12:28:16.181" rpa="false" schemaversion="4">
<suite id="s1" name="Forloopdemo" source="C:\Users\CBT\PycharmProjects\GodsOwnStay\Testcases\Forloopdemo.robot">
<test id="s1-t1" name="END" line="12">
<status status="FAIL" starttime="20231005 12:28:16.589" endtime="20231005 12:28:16.590">Test cannot be empty.</status>
</test>
<status status="FAIL" starttime="20231005 12:28:16.206" endtime="20231005 12:28:16.592"/>
</suite>
<statistics>
<total>
<stat pass="0" fail="1" skip="0">All Tests</stat>
</total>
<tag>
</tag>
<suite>
<stat pass="0" fail="1" skip="0" id="s1" name="Forloopdemo">Forloopdemo</stat>
</suite>
</statistics>
<errors>
</errors>
</robot>
