<?xml version="1.0" encoding="UTF-8"?>
<robot generator="Robot 6.1.1 (Python 3.11.3 on win32)" generated="20231019 16:04:21.966" rpa="false" schemaversion="4">
<suite id="s1" name="Suites">
<suite id="s1-s1" name="Userkeywordswitharg" source="C:\Users\CBT\PycharmProjects\GodsOwnStay\Testcases\Userkeywordswitharg.robot">
<test id="s1-s1-t1" name="TC1" line="8">
<kw name="Launch Browser">
<arg>${url}</arg>
<arg>${browser}</arg>
<kw name="Open Browser" library="SeleniumLibrary">
<arg>${appurl}</arg>
<arg>${appbrowser}</arg>
<doc>Opens a new browser instance to the optional ``url``.</doc>
<msg timestamp="20231019 16:04:22.330" level="INFO">Opening browser 'chrome' to base url 'https://www.godsownstay.com/'.</msg>
<status status="PASS" starttime="20231019 16:04:22.330" endtime="20231019 16:04:42.914"/>
</kw>
<kw name="Maximize Browser Window" library="SeleniumLibrary">
<doc>Maximizes current browser window.</doc>
<status status="PASS" starttime="20231019 16:04:42.914" endtime="20231019 16:04:43.375"/>
</kw>
<kw name="Click Element" library="SeleniumLibrary">
<arg>xpath://span[text()=" Login as Admin"]</arg>
<doc>Click the element identified by ``locator``.</doc>
<msg timestamp="20231019 16:04:43.378" level="INFO">Clicking element 'xpath://span[text()=" Login as Admin"]'.</msg>
<status status="PASS" starttime="20231019 16:04:43.376" endtime="20231019 16:04:44.316"/>
</kw>
<status status="PASS" starttime="20231019 16:04:22.329" endtime="20231019 16:04:44.316"/>
</kw>
<kw name="Input Text" library="SeleniumLibrary">
<arg>xpath://input[@placeholder='Your Username*']</arg>
<arg>raunakali</arg>
<doc>Types the given ``text`` into the text field identified by ``locator``.</doc>
<msg timestamp="20231019 16:04:44.318" level="INFO">Typing text 'raunakali' into text field 'xpath://input[@placeholder='Your Username*']'.</msg>
<status status="PASS" starttime="20231019 16:04:44.317" endtime="20231019 16:04:44.456"/>
</kw>
<kw name="Input Text" library="SeleniumLibrary">
<arg>xpath://input[@placeholder='Your Password']</arg>
<arg>raunak@25</arg>
<doc>Types the given ``text`` into the text field identified by ``locator``.</doc>
<msg timestamp="20231019 16:04:44.457" level="INFO">Typing text 'raunak@25' into text field 'xpath://input[@placeholder='Your Password']'.</msg>
<status status="PASS" starttime="20231019 16:04:44.456" endtime="20231019 16:04:44.584"/>
</kw>
<status status="PASS" starttime="20231019 16:04:22.328" endtime="20231019 16:04:44.585"/>
</test>
<status status="PASS" starttime="20231019 16:04:22.011" endtime="20231019 16:04:44.586"/>
</suite>
<status status="PASS" starttime="20231019 16:04:21.982" endtime="20231019 16:04:44.587"/>
</suite>
<statistics>
<total>
<stat pass="1" fail="0" skip="0">All Tests</stat>
</total>
<tag>
</tag>
<suite>
<stat pass="1" fail="0" skip="0" id="s1" name="Suites">Suites</stat>
<stat pass="1" fail="0" skip="0" id="s1-s1" name="Userkeywordswitharg">Suites.Userkeywordswitharg</stat>
</suite>
</statistics>
<errors>
</errors>
</robot>
