<?xml version="1.0" encoding="UTF-8"?>
<robot generator="Robot 6.1.1 (Python 3.11.3 on win32)" generated="20231019 16:00:57.490" rpa="false" schemaversion="4">
<suite id="s1" name="Suites">
<suite id="s1-s1" name="GetAll Links" source="C:\Users\CBT\PycharmProjects\GodsOwnStay\Testcases\GetAll_Links.robot">
<test id="s1-s1-t1" name="Getall_links" line="5">
<kw name="Open Browser" library="SeleniumLibrary">
<arg>https://www.worldometers.info/geography/alphabetical-list-of-countries/</arg>
<arg>chrome</arg>
<doc>Opens a new browser instance to the optional ``url``.</doc>
<msg timestamp="20231019 16:00:57.818" level="INFO">Opening browser 'chrome' to base url 'https://www.worldometers.info/geography/alphabetical-list-of-countries/'.</msg>
<status status="PASS" starttime="20231019 16:00:57.817" endtime="20231019 16:01:02.571"/>
</kw>
<kw name="Maximize Browser Window" library="SeleniumLibrary">
<doc>Maximizes current browser window.</doc>
<status status="PASS" starttime="20231019 16:01:02.571" endtime="20231019 16:01:02.699"/>
</kw>
<kw name="Get Element Count" library="SeleniumLibrary">
<var>${getalllinkscount}</var>
<arg>xpath://a</arg>
<doc>Returns the number of elements matching ``locator``.</doc>
<msg timestamp="20231019 16:01:02.739" level="INFO">${getalllinkscount} = 236</msg>
<status status="PASS" starttime="20231019 16:01:02.699" endtime="20231019 16:01:02.739"/>
</kw>
<kw name="Log To Console" library="BuiltIn">
<arg>${getalllinkscount}</arg>
<doc>Logs the given message to the console.</doc>
<status status="PASS" starttime="20231019 16:01:02.739" endtime="20231019 16:01:02.741"/>
</kw>
<kw name="Create List" library="BuiltIn">
<var>@{Linkitems}</var>
<doc>Returns a list containing given items.</doc>
<msg timestamp="20231019 16:01:02.742" level="INFO">@{Linkitems} = [ ]</msg>
<status status="PASS" starttime="20231019 16:01:02.741" endtime="20231019 16:01:02.742"/>
</kw>
<for flavor="IN RANGE">
<var>${i}</var>
<value>1</value>
<value>${getalllinkscount}+1</value>
<iter>
<var name="${i}">1</var>
<kw name="Get Text" library="SeleniumLibrary">
<var>${linktext}</var>
<arg>xpath:(//a)[${i}]</arg>
<doc>Returns the text value of the element identified by ``locator``.</doc>
<msg timestamp="20231019 16:01:02.772" level="INFO">${linktext} = Learn more</msg>
<status status="PASS" starttime="20231019 16:01:02.743" endtime="20231019 16:01:02.772"/>
</kw>
<kw name="Log To Console" library="BuiltIn">
<arg>${linktext}</arg>
<doc>Logs the given message to the console.</doc>
<status status="PASS" starttime="20231019 16:01:02.772" endtime="20231019 16:01:02.773"/>
</kw>
<status status="PASS" starttime="20231019 16:01:02.742" endtime="20231019 16:01:02.774"/>
</iter>
<iter>
<var name="${i}">2</var>
<kw name="Get Text" library="SeleniumLibrary">
<var>${linktext}</var>
<arg>xpath:(//a)[${i}]</arg>
<doc>Returns the text value of the element identified by ``locator``.</doc>
<msg timestamp="20231019 16:01:02.836" level="INFO">${linktext} = Got it!</msg>
<status status="PASS" starttime="20231019 16:01:02.775" endtime="20231019 16:01:02.836"/>
</kw>
<kw name="Log To Console" library="BuiltIn">
<arg>${linktext}</arg>
<doc>Logs the given message to the console.</doc>
<status status="PASS" starttime="20231019 16:01:02.836" endtime="20231019 16:01:02.837"/>
</kw>
<status status="PASS" starttime="20231019 16:01:02.774" endtime="20231019 16:01:02.837"/>
</iter>
<iter>
<var name="${i}">3</var>
<kw name="Get Text" library="SeleniumLibrary">
<var>${linktext}</var>
<arg>xpath:(//a)[${i}]</arg>
<doc>Returns the text value of the element identified by ``locator``.</doc>
<msg timestamp="20231019 16:01:02.864" level="INFO">${linktext} = </msg>
<status status="PASS" starttime="20231019 16:01:02.837" endtime="20231019 16:01:02.864"/>
</kw>
<kw name="Log To Console" library="BuiltIn">
<arg>${linktext}</arg>
<doc>Logs the given message to the console.</doc>
<status status="PASS" starttime="20231019 16:01:02.864" endtime="20231019 16:01:02.865"/>
</kw>
<status status="PASS" starttime="20231019 16:01:02.837" endtime="20231019 16:01:02.865"/>
</iter>
<iter>
<var name="${i}">4</var>
<kw name="Get Text" library="SeleniumLibrary">
<var>${linktext}</var>
<arg>xpath:(//a)[${i}]</arg>
<doc>Returns the text value of the element identified by ``locator``.</doc>
<msg timestamp="20231019 16:01:02.891" level="INFO">${linktext} = Coronavirus</msg>
<status status="PASS" starttime="20231019 16:01:02.866" endtime="20231019 16:01:02.891"/>
</kw>
<kw name="Log To Console" library="BuiltIn">
<arg>${linktext}</arg>
<doc>Logs the given message to the console.</doc>
<status status="PASS" starttime="20231019 16:01:02.892" endtime="20231019 16:01:02.892"/>
</kw>
<status status="PASS" starttime="20231019 16:01:02.865" endtime="20231019 16:01:02.892"/>
</iter>
<iter>
<var name="${i}">5</var>
<kw name="Get Text" library="SeleniumLibrary">
<var>${linktext}</var>
<arg>xpath:(//a)[${i}]</arg>
<doc>Returns the text value of the element identified by ``locator``.</doc>
<msg timestamp="20231019 16:01:02.916" level="INFO">${linktext} = Population</msg>
<status status="PASS" starttime="20231019 16:01:02.893" endtime="20231019 16:01:02.916"/>
</kw>
<kw name="Log To Console" library="BuiltIn">
<arg>${linktext}</arg>
<doc>Logs the given message to the console.</doc>
<status status="PASS" starttime="20231019 16:01:02.917" endtime="20231019 16:01:02.917"/>
</kw>
<status status="PASS" starttime="20231019 16:01:02.893" endtime="20231019 16:01:02.917"/>
</iter>
<iter>
<var name="${i}">6</var>
<kw name="Get Text" library="SeleniumLibrary">
<var>${linktext}</var>
<arg>xpath:(//a)[${i}]</arg>
<doc>Returns the text value of the element identified by ``locator``.</doc>
<msg timestamp="20231019 16:01:02.938" level="INFO">${linktext} = W</msg>
<status status="PASS" starttime="20231019 16:01:02.918" endtime="20231019 16:01:02.938"/>
</kw>
<kw name="Log To Console" library="BuiltIn">
<arg>${linktext}</arg>
<doc>Logs the given message to the console.</doc>
<status status="PASS" starttime="20231019 16:01:02.938" endtime="20231019 16:01:02.940"/>
</kw>
<status status="PASS" starttime="20231019 16:01:02.918" endtime="20231019 16:01:02.940"/>
</iter>
<iter>
<var name="${i}">7</var>
<kw name="Get Text" library="SeleniumLibrary">
<var>${linktext}</var>
<arg>xpath:(//a)[${i}]</arg>
<doc>Returns the text value of the element identified by ``locator``.</doc>
<msg timestamp="20231019 16:01:02.978" level="INFO">${linktext} = A</msg>
<status status="PASS" starttime="20231019 16:01:02.940" endtime="20231019 16:01:02.978"/>
</kw>
<kw name="Log To Console" library="BuiltIn">
<arg>${linktext}</arg>
<doc>Logs the given message to the console.</doc>
<status status="PASS" starttime="20231019 16:01:02.978" endtime="20231019 16:01:02.979"/>
</kw>
<status status="PASS" starttime="20231019 16:01:02.940" endtime="20231019 16:01:02.979"/>
</iter>
<iter>
<var name="${i}">8</var>
<kw name="Get Text" library="SeleniumLibrary">
<var>${linktext}</var>
<arg>xpath:(//a)[${i}]</arg>
<doc>Returns the text value of the element identified by ``locator``.</doc>
<msg timestamp="20231019 16:01:03.014" level="INFO">${linktext} = B</msg>
<status status="PASS" starttime="20231019 16:01:02.980" endtime="20231019 16:01:03.015"/>
</kw>
<kw name="Log To Console" library="BuiltIn">
<arg>${linktext}</arg>
<doc>Logs the given message to the console.</doc>
<status status="PASS" starttime="20231019 16:01:03.015" endtime="20231019 16:01:03.015"/>
</kw>
<status status="PASS" starttime="20231019 16:01:02.979" endtime="20231019 16:01:03.016"/>
</iter>
<iter>
<var name="${i}">9</var>
<kw name="Get Text" library="SeleniumLibrary">
<var>${linktext}</var>
<arg>xpath:(//a)[${i}]</arg>
<doc>Returns the text value of the element identified by ``locator``.</doc>
<msg timestamp="20231019 16:01:03.037" level="INFO">${linktext} = C</msg>
<status status="PASS" starttime="20231019 16:01:03.016" endtime="20231019 16:01:03.037"/>
</kw>
<kw name="Log To Console" library="BuiltIn">
<arg>${linktext}</arg>
<doc>Logs the given message to the console.</doc>
<status status="PASS" starttime="20231019 16:01:03.037" endtime="20231019 16:01:03.038"/>
</kw>
<status status="PASS" starttime="20231019 16:01:03.016" endtime="20231019 16:01:03.038"/>
</iter>
<iter>
<var name="${i}">10</var>
<kw name="Get Text" library="SeleniumLibrary">
<var>${linktext}</var>
<arg>xpath:(//a)[${i}]</arg>
<doc>Returns the text value of the element identified by ``locator``.</doc>
<msg timestamp="20231019 16:01:03.065" level="INFO">${linktext} = D</msg>
<status status="PASS" starttime="20231019 16:01:03.038" endtime="20231019 16:01:03.065"/>
</kw>
<kw name="Log To Console" library="BuiltIn">
<arg>${linktext}</arg>
<doc>Logs the given message to the console.</doc>
<status status="PASS" starttime="20231019 16:01:03.065" endtime="20231019 16:01:03.066"/>
</kw>
<status status="PASS" starttime="20231019 16:01:03.038" endtime="20231019 16:01:03.066"/>
</iter>
<iter>
<var name="${i}">11</var>
<kw name="Get Text" library="SeleniumLibrary">
<var>${linktext}</var>
<arg>xpath:(//a)[${i}]</arg>
<doc>Returns the text value of the element identified by ``locator``.</doc>
<msg timestamp="20231019 16:01:03.090" level="INFO">${linktext} = E</msg>
<status status="PASS" starttime="20231019 16:01:03.067" endtime="20231019 16:01:03.090"/>
</kw>
<kw name="Log To Console" library="BuiltIn">
<arg>${linktext}</arg>
<doc>Logs the given message to the console.</doc>
<status status="PASS" starttime="20231019 16:01:03.090" endtime="20231019 16:01:03.091"/>
</kw>
<status status="PASS" starttime="20231019 16:01:03.066" endtime="20231019 16:01:03.091"/>
</iter>
<iter>
<var name="${i}">12</var>
<kw name="Get Text" library="SeleniumLibrary">
<var>${linktext}</var>
<arg>xpath:(//a)[${i}]</arg>
<doc>Returns the text value of the element identified by ``locator``.</doc>
<msg timestamp="20231019 16:01:03.112" level="INFO">${linktext} = F</msg>
<status status="PASS" starttime="20231019 16:01:03.092" endtime="20231019 16:01:03.112"/>
</kw>
<kw name="Log To Console" library="BuiltIn">
<arg>${linktext}</arg>
<doc>Logs the given message to the console.</doc>
<status status="PASS" starttime="20231019 16:01:03.112" endtime="20231019 16:01:03.113"/>
</kw>
<status status="PASS" starttime="20231019 16:01:03.091" endtime="20231019 16:01:03.113"/>
</iter>
<iter>
<var name="${i}">13</var>
<kw name="Get Text" library="SeleniumLibrary">
<var>${linktext}</var>
<arg>xpath:(//a)[${i}]</arg>
<doc>Returns the text value of the element identified by ``locator``.</doc>
<msg timestamp="20231019 16:01:03.133" level="INFO">${linktext} = G</msg>
<status status="PASS" starttime="20231019 16:01:03.113" endtime="20231019 16:01:03.133"/>
</kw>
<kw name="Log To Console" library="BuiltIn">
<arg>${linktext}</arg>
<doc>Logs the given message to the console.</doc>
<status status="PASS" starttime="20231019 16:01:03.133" endtime="20231019 16:01:03.134"/>
</kw>
<status status="PASS" starttime="20231019 16:01:03.113" endtime="20231019 16:01:03.134"/>
</iter>
<iter>
<var name="${i}">14</var>
<kw name="Get Text" library="SeleniumLibrary">
<var>${linktext}</var>
<arg>xpath:(//a)[${i}]</arg>
<doc>Returns the text value of the element identified by ``locator``.</doc>
<msg timestamp="20231019 16:01:03.156" level="INFO">${linktext} = H</msg>
<status status="PASS" starttime="20231019 16:01:03.134" endtime="20231019 16:01:03.156"/>
</kw>
<kw name="Log To Console" library="BuiltIn">
<arg>${linktext}</arg>
<doc>Logs the given message to the console.</doc>
<status status="PASS" starttime="20231019 16:01:03.156" endtime="20231019 16:01:03.157"/>
</kw>
<status status="PASS" starttime="20231019 16:01:03.134" endtime="20231019 16:01:03.157"/>
</iter>
<iter>
<var name="${i}">15</var>
<kw name="Get Text" library="SeleniumLibrary">
<var>${linktext}</var>
<arg>xpath:(//a)[${i}]</arg>
<doc>Returns the text value of the element identified by ``locator``.</doc>
<msg timestamp="20231019 16:01:03.192" level="INFO">${linktext} = I</msg>
<status status="PASS" starttime="20231019 16:01:03.158" endtime="20231019 16:01:03.192"/>
</kw>
<kw name="Log To Console" library="BuiltIn">
<arg>${linktext}</arg>
<doc>Logs the given message to the console.</doc>
<status status="PASS" starttime="20231019 16:01:03.193" endtime="20231019 16:01:03.193"/>
</kw>
<status status="PASS" starttime="20231019 16:01:03.158" endtime="20231019 16:01:03.193"/>
</iter>
<iter>
<var name="${i}">16</var>
<kw name="Get Text" library="SeleniumLibrary">
<var>${linktext}</var>
<arg>xpath:(//a)[${i}]</arg>
<doc>Returns the text value of the element identified by ``locator``.</doc>
<msg timestamp="20231019 16:01:03.216" level="INFO">${linktext} = J</msg>
<status status="PASS" starttime="20231019 16:01:03.193" endtime="20231019 16:01:03.216"/>
</kw>
<kw name="Log To Console" library="BuiltIn">
<arg>${linktext}</arg>
<doc>Logs the given message to the console.</doc>
<status status="PASS" starttime="20231019 16:01:03.216" endtime="20231019 16:01:03.217"/>
</kw>
<status status="PASS" starttime="20231019 16:01:03.193" endtime="20231019 16:01:03.217"/>
</iter>
<iter>
<var name="${i}">17</var>
<kw name="Get Text" library="SeleniumLibrary">
<var>${linktext}</var>
<arg>xpath:(//a)[${i}]</arg>
<doc>Returns the text value of the element identified by ``locator``.</doc>
<msg timestamp="20231019 16:01:03.245" level="INFO">${linktext} = K</msg>
<status status="PASS" starttime="20231019 16:01:03.217" endtime="20231019 16:01:03.245"/>
</kw>
<kw name="Log To Console" library="BuiltIn">
<arg>${linktext}</arg>
<doc>Logs the given message to the console.</doc>
<status status="PASS" starttime="20231019 16:01:03.245" endtime="20231019 16:01:03.246"/>
</kw>
<status status="PASS" starttime="20231019 16:01:03.217" endtime="20231019 16:01:03.246"/>
</iter>
<iter>
<var name="${i}">18</var>
<kw name="Get Text" library="SeleniumLibrary">
<var>${linktext}</var>
<arg>xpath:(//a)[${i}]</arg>
<doc>Returns the text value of the element identified by ``locator``.</doc>
<msg timestamp="20231019 16:01:03.286" level="INFO">${linktext} = L</msg>
<status status="PASS" starttime="20231019 16:01:03.246" endtime="20231019 16:01:03.287"/>
</kw>
<kw name="Log To Console" library="BuiltIn">
<arg>${linktext}</arg>
<doc>Logs the given message to the console.</doc>
<status status="PASS" starttime="20231019 16:01:03.287" endtime="20231019 16:01:03.287"/>
</kw>
<status status="PASS" starttime="20231019 16:01:03.246" endtime="20231019 16:01:03.287"/>
</iter>
<iter>
<var name="${i}">19</var>
<kw name="Get Text" library="SeleniumLibrary">
<var>${linktext}</var>
<arg>xpath:(//a)[${i}]</arg>
<doc>Returns the text value of the element identified by ``locator``.</doc>
<msg timestamp="20231019 16:01:03.338" level="INFO">${linktext} = M</msg>
<status status="PASS" starttime="20231019 16:01:03.288" endtime="20231019 16:01:03.338"/>
</kw>
<kw name="Log To Console" library="BuiltIn">
<arg>${linktext}</arg>
<doc>Logs the given message to the console.</doc>
<status status="PASS" starttime="20231019 16:01:03.339" endtime="20231019 16:01:03.339"/>
</kw>
<status status="PASS" starttime="20231019 16:01:03.288" endtime="20231019 16:01:03.340"/>
</iter>
<iter>
<var name="${i}">20</var>
<kw name="Get Text" library="SeleniumLibrary">
<var>${linktext}</var>
<arg>xpath:(//a)[${i}]</arg>
<doc>Returns the text value of the element identified by ``locator``.</doc>
<msg timestamp="20231019 16:01:03.408" level="INFO">${linktext} = N</msg>
<status status="PASS" starttime="20231019 16:01:03.340" endtime="20231019 16:01:03.409"/>
</kw>
<kw name="Log To Console" library="BuiltIn">
<arg>${linktext}</arg>
<doc>Logs the given message to the console.</doc>
<status status="PASS" starttime="20231019 16:01:03.409" endtime="20231019 16:01:03.410"/>
</kw>
<status status="PASS" starttime="20231019 16:01:03.340" endtime="20231019 16:01:03.410"/>
</iter>
<iter>
<var name="${i}">21</var>
<kw name="Get Text" library="SeleniumLibrary">
<var>${linktext}</var>
<arg>xpath:(//a)[${i}]</arg>
<doc>Returns the text value of the element identified by ``locator``.</doc>
<msg timestamp="20231019 16:01:03.443" level="INFO">${linktext} = O</msg>
<status status="PASS" starttime="20231019 16:01:03.410" endtime="20231019 16:01:03.443"/>
</kw>
<kw name="Log To Console" library="BuiltIn">
<arg>${linktext}</arg>
<doc>Logs the given message to the console.</doc>
<status status="PASS" starttime="20231019 16:01:03.444" endtime="20231019 16:01:03.444"/>
</kw>
<status status="PASS" starttime="20231019 16:01:03.410" endtime="20231019 16:01:03.444"/>
</iter>
<iter>
<var name="${i}">22</var>
<kw name="Get Text" library="SeleniumLibrary">
<var>${linktext}</var>
<arg>xpath:(//a)[${i}]</arg>
<doc>Returns the text value of the element identified by ``locator``.</doc>
<msg timestamp="20231019 16:01:03.473" level="INFO">${linktext} = P</msg>
<status status="PASS" starttime="20231019 16:01:03.445" endtime="20231019 16:01:03.473"/>
</kw>
<kw name="Log To Console" library="BuiltIn">
<arg>${linktext}</arg>
<doc>Logs the given message to the console.</doc>
<status status="PASS" starttime="20231019 16:01:03.473" endtime="20231019 16:01:03.473"/>
</kw>
<status status="PASS" starttime="20231019 16:01:03.445" endtime="20231019 16:01:03.474"/>
</iter>
<iter>
<var name="${i}">23</var>
<kw name="Get Text" library="SeleniumLibrary">
<var>${linktext}</var>
<arg>xpath:(//a)[${i}]</arg>
<doc>Returns the text value of the element identified by ``locator``.</doc>
<msg timestamp="20231019 16:01:03.528" level="INFO">${linktext} = Q</msg>
<status status="PASS" starttime="20231019 16:01:03.474" endtime="20231019 16:01:03.528"/>
</kw>
<kw name="Log To Console" library="BuiltIn">
<arg>${linktext}</arg>
<doc>Logs the given message to the console.</doc>
<status status="PASS" starttime="20231019 16:01:03.528" endtime="20231019 16:01:03.529"/>
</kw>
<status status="PASS" starttime="20231019 16:01:03.474" endtime="20231019 16:01:03.529"/>
</iter>
<iter>
<var name="${i}">24</var>
<kw name="Get Text" library="SeleniumLibrary">
<var>${linktext}</var>
<arg>xpath:(//a)[${i}]</arg>
<doc>Returns the text value of the element identified by ``locator``.</doc>
<msg timestamp="20231019 16:01:03.550" level="INFO">${linktext} = R</msg>
<status status="PASS" starttime="20231019 16:01:03.529" endtime="20231019 16:01:03.550"/>
</kw>
<kw name="Log To Console" library="BuiltIn">
<arg>${linktext}</arg>
<doc>Logs the given message to the console.</doc>
<status status="PASS" starttime="20231019 16:01:03.550" endtime="20231019 16:01:03.551"/>
</kw>
<status status="PASS" starttime="20231019 16:01:03.529" endtime="20231019 16:01:03.551"/>
</iter>
<iter>
<var name="${i}">25</var>
<kw name="Get Text" library="SeleniumLibrary">
<var>${linktext}</var>
<arg>xpath:(//a)[${i}]</arg>
<doc>Returns the text value of the element identified by ``locator``.</doc>
<msg timestamp="20231019 16:01:03.576" level="INFO">${linktext} = S</msg>
<status status="PASS" starttime="20231019 16:01:03.551" endtime="20231019 16:01:03.576"/>
</kw>
<kw name="Log To Console" library="BuiltIn">
<arg>${linktext}</arg>
<doc>Logs the given message to the console.</doc>
<status status="PASS" starttime="20231019 16:01:03.576" endtime="20231019 16:01:03.577"/>
</kw>
<status status="PASS" starttime="20231019 16:01:03.551" endtime="20231019 16:01:03.577"/>
</iter>
<iter>
<var name="${i}">26</var>
<kw name="Get Text" library="SeleniumLibrary">
<var>${linktext}</var>
<arg>xpath:(//a)[${i}]</arg>
<doc>Returns the text value of the element identified by ``locator``.</doc>
<msg timestamp="20231019 16:01:03.597" level="INFO">${linktext} = T</msg>
<status status="PASS" starttime="20231019 16:01:03.577" endtime="20231019 16:01:03.597"/>
</kw>
<kw name="Log To Console" library="BuiltIn">
<arg>${linktext}</arg>
<doc>Logs the given message to the console.</doc>
<status status="PASS" starttime="20231019 16:01:03.597" endtime="20231019 16:01:03.598"/>
</kw>
<status status="PASS" starttime="20231019 16:01:03.577" endtime="20231019 16:01:03.598"/>
</iter>
<iter>
<var name="${i}">27</var>
<kw name="Get Text" library="SeleniumLibrary">
<var>${linktext}</var>
<arg>xpath:(//a)[${i}]</arg>
<doc>Returns the text value of the element identified by ``locator``.</doc>
<msg timestamp="20231019 16:01:03.619" level="INFO">${linktext} = U</msg>
<status status="PASS" starttime="20231019 16:01:03.599" endtime="20231019 16:01:03.619"/>
</kw>
<kw name="Log To Console" library="BuiltIn">
<arg>${linktext}</arg>
<doc>Logs the given message to the console.</doc>
<status status="PASS" starttime="20231019 16:01:03.619" endtime="20231019 16:01:03.620"/>
</kw>
<status status="PASS" starttime="20231019 16:01:03.598" endtime="20231019 16:01:03.620"/>
</iter>
<iter>
<var name="${i}">28</var>
<kw name="Get Text" library="SeleniumLibrary">
<var>${linktext}</var>
<arg>xpath:(//a)[${i}]</arg>
<doc>Returns the text value of the element identified by ``locator``.</doc>
<msg timestamp="20231019 16:01:03.640" level="INFO">${linktext} = V</msg>
<status status="PASS" starttime="20231019 16:01:03.620" endtime="20231019 16:01:03.640"/>
</kw>
<kw name="Log To Console" library="BuiltIn">
<arg>${linktext}</arg>
<doc>Logs the given message to the console.</doc>
<status status="PASS" starttime="20231019 16:01:03.640" endtime="20231019 16:01:03.641"/>
</kw>
<status status="PASS" starttime="20231019 16:01:03.620" endtime="20231019 16:01:03.641"/>
</iter>
<iter>
<var name="${i}">29</var>
<kw name="Get Text" library="SeleniumLibrary">
<var>${linktext}</var>
<arg>xpath:(//a)[${i}]</arg>
<doc>Returns the text value of the element identified by ``locator``.</doc>
<msg timestamp="20231019 16:01:03.661" level="INFO">${linktext} = W</msg>
<status status="PASS" starttime="20231019 16:01:03.641" endtime="20231019 16:01:03.661"/>
</kw>
<kw name="Log To Console" library="BuiltIn">
<arg>${linktext}</arg>
<doc>Logs the given message to the console.</doc>
<status status="PASS" starttime="20231019 16:01:03.662" endtime="20231019 16:01:03.662"/>
</kw>
<status status="PASS" starttime="20231019 16:01:03.641" endtime="20231019 16:01:03.662"/>
</iter>
<iter>
<var name="${i}">30</var>
<kw name="Get Text" library="SeleniumLibrary">
<var>${linktext}</var>
<arg>xpath:(//a)[${i}]</arg>
<doc>Returns the text value of the element identified by ``locator``.</doc>
<msg timestamp="20231019 16:01:03.688" level="INFO">${linktext} = X</msg>
<status status="PASS" starttime="20231019 16:01:03.663" endtime="20231019 16:01:03.688"/>
</kw>
<kw name="Log To Console" library="BuiltIn">
<arg>${linktext}</arg>
<doc>Logs the given message to the console.</doc>
<status status="PASS" starttime="20231019 16:01:03.688" endtime="20231019 16:01:03.689"/>
</kw>
<status status="PASS" starttime="20231019 16:01:03.663" endtime="20231019 16:01:03.689"/>
</iter>
<iter>
<var name="${i}">31</var>
<kw name="Get Text" library="SeleniumLibrary">
<var>${linktext}</var>
<arg>xpath:(//a)[${i}]</arg>
<doc>Returns the text value of the element identified by ``locator``.</doc>
<msg timestamp="20231019 16:01:03.721" level="INFO">${linktext} = Y</msg>
<status status="PASS" starttime="20231019 16:01:03.690" endtime="20231019 16:01:03.721"/>
</kw>
<kw name="Log To Console" library="BuiltIn">
<arg>${linktext}</arg>
<doc>Logs the given message to the console.</doc>
<status status="PASS" starttime="20231019 16:01:03.722" endtime="20231019 16:01:03.722"/>
</kw>
<status status="PASS" starttime="20231019 16:01:03.689" endtime="20231019 16:01:03.723"/>
</iter>
<iter>
<var name="${i}">32</var>
<kw name="Get Text" library="SeleniumLibrary">
<var>${linktext}</var>
<arg>xpath:(//a)[${i}]</arg>
<doc>Returns the text value of the element identified by ``locator``.</doc>
<msg timestamp="20231019 16:01:03.748" level="INFO">${linktext} = Z</msg>
<status status="PASS" starttime="20231019 16:01:03.723" endtime="20231019 16:01:03.748"/>
</kw>
<kw name="Log To Console" library="BuiltIn">
<arg>${linktext}</arg>
<doc>Logs the given message to the console.</doc>
<status status="PASS" starttime="20231019 16:01:03.749" endtime="20231019 16:01:03.749"/>
</kw>
<status status="PASS" starttime="20231019 16:01:03.723" endtime="20231019 16:01:03.749"/>
</iter>
<iter>
<var name="${i}">33</var>
<kw name="Get Text" library="SeleniumLibrary">
<var>${linktext}</var>
<arg>xpath:(//a)[${i}]</arg>
<doc>Returns the text value of the element identified by ``locator``.</doc>
<msg timestamp="20231019 16:01:03.778" level="INFO">${linktext} = 42,239,854</msg>
<status status="PASS" starttime="20231019 16:01:03.750" endtime="20231019 16:01:03.778"/>
</kw>
<kw name="Log To Console" library="BuiltIn">
<arg>${linktext}</arg>
<doc>Logs the given message to the console.</doc>
<status status="PASS" starttime="20231019 16:01:03.778" endtime="20231019 16:01:03.779"/>
</kw>
<status status="PASS" starttime="20231019 16:01:03.750" endtime="20231019 16:01:03.779"/>
</iter>
<iter>
<var name="${i}">34</var>
<kw name="Get Text" library="SeleniumLibrary">
<var>${linktext}</var>
<arg>xpath:(//a)[${i}]</arg>
<doc>Returns the text value of the element identified by ``locator``.</doc>
<msg timestamp="20231019 16:01:03.802" level="INFO">${linktext} = 2,832,439</msg>
<status status="PASS" starttime="20231019 16:01:03.779" endtime="20231019 16:01:03.802"/>
</kw>
<kw name="Log To Console" library="BuiltIn">
<arg>${linktext}</arg>
<doc>Logs the given message to the console.</doc>
<status status="PASS" starttime="20231019 16:01:03.802" endtime="20231019 16:01:03.803"/>
</kw>
<status status="PASS" starttime="20231019 16:01:03.779" endtime="20231019 16:01:03.803"/>
</iter>
<iter>
<var name="${i}">35</var>
<kw name="Get Text" library="SeleniumLibrary">
<var>${linktext}</var>
<arg>xpath:(//a)[${i}]</arg>
<doc>Returns the text value of the element identified by ``locator``.</doc>
<msg timestamp="20231019 16:01:03.824" level="INFO">${linktext} = 45,606,480</msg>
<status status="PASS" starttime="20231019 16:01:03.803" endtime="20231019 16:01:03.824"/>
</kw>
<kw name="Log To Console" library="BuiltIn">
<arg>${linktext}</arg>
<doc>Logs the given message to the console.</doc>
<status status="PASS" starttime="20231019 16:01:03.824" endtime="20231019 16:01:03.825"/>
</kw>
<status status="PASS" starttime="20231019 16:01:03.803" endtime="20231019 16:01:03.825"/>
</iter>
<iter>
<var name="${i}">36</var>
<kw name="Get Text" library="SeleniumLibrary">
<var>${linktext}</var>
<arg>xpath:(//a)[${i}]</arg>
<doc>Returns the text value of the element identified by ``locator``.</doc>
<msg timestamp="20231019 16:01:03.847" level="INFO">${linktext} = 80,088</msg>
<status status="PASS" starttime="20231019 16:01:03.825" endtime="20231019 16:01:03.847"/>
</kw>
<kw name="Log To Console" library="BuiltIn">
<arg>${linktext}</arg>
<doc>Logs the given message to the console.</doc>
<status status="PASS" starttime="20231019 16:01:03.848" endtime="20231019 16:01:03.848"/>
</kw>
<status status="PASS" starttime="20231019 16:01:03.825" endtime="20231019 16:01:03.848"/>
</iter>
<iter>
<var name="${i}">37</var>
<kw name="Get Text" library="SeleniumLibrary">
<var>${linktext}</var>
<arg>xpath:(//a)[${i}]</arg>
<doc>Returns the text value of the element identified by ``locator``.</doc>
<msg timestamp="20231019 16:01:03.868" level="INFO">${linktext} = 36,684,202</msg>
<status status="PASS" starttime="20231019 16:01:03.849" endtime="20231019 16:01:03.868"/>
</kw>
<kw name="Log To Console" library="BuiltIn">
<arg>${linktext}</arg>
<doc>Logs the given message to the console.</doc>
<status status="PASS" starttime="20231019 16:01:03.868" endtime="20231019 16:01:03.869"/>
</kw>
<status status="PASS" starttime="20231019 16:01:03.848" endtime="20231019 16:01:03.869"/>
</iter>
<iter>
<var name="${i}">38</var>
<kw name="Get Text" library="SeleniumLibrary">
<var>${linktext}</var>
<arg>xpath:(//a)[${i}]</arg>
<doc>Returns the text value of the element identified by ``locator``.</doc>
<msg timestamp="20231019 16:01:03.908" level="INFO">${linktext} = 94,298</msg>
<status status="PASS" starttime="20231019 16:01:03.870" endtime="20231019 16:01:03.908"/>
</kw>
<kw name="Log To Console" library="BuiltIn">
<arg>${linktext}</arg>
<doc>Logs the given message to the console.</doc>
<status status="PASS" starttime="20231019 16:01:03.908" endtime="20231019 16:01:03.909"/>
</kw>
<status status="PASS" starttime="20231019 16:01:03.869" endtime="20231019 16:01:03.909"/>
</iter>
<iter>
<var name="${i}">39</var>
<kw name="Get Text" library="SeleniumLibrary">
<var>${linktext}</var>
<arg>xpath:(//a)[${i}]</arg>
<doc>Returns the text value of the element identified by ``locator``.</doc>
<msg timestamp="20231019 16:01:03.951" level="INFO">${linktext} = 45,773,884</msg>
<status status="PASS" starttime="20231019 16:01:03.910" endtime="20231019 16:01:03.951"/>
</kw>
<kw name="Log To Console" library="BuiltIn">
<arg>${linktext}</arg>
<doc>Logs the given message to the console.</doc>
<status status="PASS" starttime="20231019 16:01:03.951" endtime="20231019 16:01:03.952"/>
</kw>
<status status="PASS" starttime="20231019 16:01:03.910" endtime="20231019 16:01:03.952"/>
</iter>
<iter>
<var name="${i}">40</var>
<kw name="Get Text" library="SeleniumLibrary">
<var>${linktext}</var>
<arg>xpath:(//a)[${i}]</arg>
<doc>Returns the text value of the element identified by ``locator``.</doc>
<msg timestamp="20231019 16:01:03.980" level="INFO">${linktext} = 2,777,970</msg>
<status status="PASS" starttime="20231019 16:01:03.952" endtime="20231019 16:01:03.980"/>
</kw>
<kw name="Log To Console" library="BuiltIn">
<arg>${linktext}</arg>
<doc>Logs the given message to the console.</doc>
<status status="PASS" starttime="20231019 16:01:03.981" endtime="20231019 16:01:03.981"/>
</kw>
<status status="PASS" starttime="20231019 16:01:03.952" endtime="20231019 16:01:03.981"/>
</iter>
<iter>
<var name="${i}">41</var>
<kw name="Get Text" library="SeleniumLibrary">
<var>${linktext}</var>
<arg>xpath:(//a)[${i}]</arg>
<doc>Returns the text value of the element identified by ``locator``.</doc>
<msg timestamp="20231019 16:01:04.009" level="INFO">${linktext} = 26,439,111</msg>
<status status="PASS" starttime="20231019 16:01:03.982" endtime="20231019 16:01:04.009"/>
</kw>
<kw name="Log To Console" library="BuiltIn">
<arg>${linktext}</arg>
<doc>Logs the given message to the console.</doc>
<status status="PASS" starttime="20231019 16:01:04.010" endtime="20231019 16:01:04.010"/>
</kw>
<status status="PASS" starttime="20231019 16:01:03.982" endtime="20231019 16:01:04.010"/>
</iter>
<iter>
<var name="${i}">42</var>
<kw name="Get Text" library="SeleniumLibrary">
<var>${linktext}</var>
<arg>xpath:(//a)[${i}]</arg>
<doc>Returns the text value of the element identified by ``locator``.</doc>
<msg timestamp="20231019 16:01:04.029" level="INFO">${linktext} = 8,958,960</msg>
<status status="PASS" starttime="20231019 16:01:04.011" endtime="20231019 16:01:04.029"/>
</kw>
<kw name="Log To Console" library="BuiltIn">
<arg>${linktext}</arg>
<doc>Logs the given message to the console.</doc>
<status status="PASS" starttime="20231019 16:01:04.029" endtime="20231019 16:01:04.030"/>
</kw>
<status status="PASS" starttime="20231019 16:01:04.011" endtime="20231019 16:01:04.030"/>
</iter>
<iter>
<var name="${i}">43</var>
<kw name="Get Text" library="SeleniumLibrary">
<var>${linktext}</var>
<arg>xpath:(//a)[${i}]</arg>
<doc>Returns the text value of the element identified by ``locator``.</doc>
<msg timestamp="20231019 16:01:04.048" level="INFO">${linktext} = 10,412,651</msg>
<status status="PASS" starttime="20231019 16:01:04.030" endtime="20231019 16:01:04.048"/>
</kw>
<kw name="Log To Console" library="BuiltIn">
<arg>${linktext}</arg>
<doc>Logs the given message to the console.</doc>
<status status="PASS" starttime="20231019 16:01:04.049" endtime="20231019 16:01:04.049"/>
</kw>
<status status="PASS" starttime="20231019 16:01:04.030" endtime="20231019 16:01:04.049"/>
</iter>
<iter>
<var name="${i}">44</var>
<kw name="Get Text" library="SeleniumLibrary">
<var>${linktext}</var>
<arg>xpath:(//a)[${i}]</arg>
<doc>Returns the text value of the element identified by ``locator``.</doc>
<msg timestamp="20231019 16:01:04.071" level="INFO">${linktext} = 412,623</msg>
<status status="PASS" starttime="20231019 16:01:04.050" endtime="20231019 16:01:04.072"/>
</kw>
<kw name="Log To Console" library="BuiltIn">
<arg>${linktext}</arg>
<doc>Logs the given message to the console.</doc>
<status status="PASS" starttime="20231019 16:01:04.072" endtime="20231019 16:01:04.072"/>
</kw>
<status status="PASS" starttime="20231019 16:01:04.049" endtime="20231019 16:01:04.072"/>
</iter>
<iter>
<var name="${i}">45</var>
<kw name="Get Text" library="SeleniumLibrary">
<var>${linktext}</var>
<arg>xpath:(//a)[${i}]</arg>
<doc>Returns the text value of the element identified by ``locator``.</doc>
<msg timestamp="20231019 16:01:04.094" level="INFO">${linktext} = 1,485,509</msg>
<status status="PASS" starttime="20231019 16:01:04.073" endtime="20231019 16:01:04.094"/>
</kw>
<kw name="Log To Console" library="BuiltIn">
<arg>${linktext}</arg>
<doc>Logs the given message to the console.</doc>
<status status="PASS" starttime="20231019 16:01:04.094" endtime="20231019 16:01:04.094"/>
</kw>
<status status="PASS" starttime="20231019 16:01:04.072" endtime="20231019 16:01:04.095"/>
</iter>
<iter>
<var name="${i}">46</var>
<kw name="Get Text" library="SeleniumLibrary">
<var>${linktext}</var>
<arg>xpath:(//a)[${i}]</arg>
<doc>Returns the text value of the element identified by ``locator``.</doc>
<msg timestamp="20231019 16:01:04.118" level="INFO">${linktext} = 172,954,319</msg>
<status status="PASS" starttime="20231019 16:01:04.095" endtime="20231019 16:01:04.118"/>
</kw>
<kw name="Log To Console" library="BuiltIn">
<arg>${linktext}</arg>
<doc>Logs the given message to the console.</doc>
<status status="PASS" starttime="20231019 16:01:04.118" endtime="20231019 16:01:04.119"/>
</kw>
<status status="PASS" starttime="20231019 16:01:04.095" endtime="20231019 16:01:04.119"/>
</iter>
<iter>
<var name="${i}">47</var>
<kw name="Get Text" library="SeleniumLibrary">
<var>${linktext}</var>
<arg>xpath:(//a)[${i}]</arg>
<doc>Returns the text value of the element identified by ``locator``.</doc>
<msg timestamp="20231019 16:01:04.139" level="INFO">${linktext} = 281,995</msg>
<status status="PASS" starttime="20231019 16:01:04.119" endtime="20231019 16:01:04.139"/>
</kw>
<kw name="Log To Console" library="BuiltIn">
<arg>${linktext}</arg>
<doc>Logs the given message to the console.</doc>
<status status="PASS" starttime="20231019 16:01:04.139" endtime="20231019 16:01:04.140"/>
</kw>
<status status="PASS" starttime="20231019 16:01:04.119" endtime="20231019 16:01:04.140"/>
</iter>
<iter>
<var name="${i}">48</var>
<kw name="Get Text" library="SeleniumLibrary">
<var>${linktext}</var>
<arg>xpath:(//a)[${i}]</arg>
<doc>Returns the text value of the element identified by ``locator``.</doc>
<msg timestamp="20231019 16:01:04.160" level="INFO">${linktext} = 9,498,238</msg>
<status status="PASS" starttime="20231019 16:01:04.141" endtime="20231019 16:01:04.160"/>
</kw>
<kw name="Log To Console" library="BuiltIn">
<arg>${linktext}</arg>
<doc>Logs the given message to the console.</doc>
<status status="PASS" starttime="20231019 16:01:04.160" endtime="20231019 16:01:04.160"/>
</kw>
<status status="PASS" starttime="20231019 16:01:04.140" endtime="20231019 16:01:04.161"/>
</iter>
<iter>
<var name="${i}">49</var>
<kw name="Get Text" library="SeleniumLibrary">
<var>${linktext}</var>
<arg>xpath:(//a)[${i}]</arg>
<doc>Returns the text value of the element identified by ``locator``.</doc>
<msg timestamp="20231019 16:01:04.180" level="INFO">${linktext} = 11,686,140</msg>
<status status="PASS" starttime="20231019 16:01:04.161" endtime="20231019 16:01:04.180"/>
</kw>
<kw name="Log To Console" library="BuiltIn">
<arg>${linktext}</arg>
<doc>Logs the given message to the console.</doc>
<status status="PASS" starttime="20231019 16:01:04.181" endtime="20231019 16:01:04.181"/>
</kw>
<status status="PASS" starttime="20231019 16:01:04.161" endtime="20231019 16:01:04.181"/>
</iter>
<iter>
<var name="${i}">50</var>
<kw name="Get Text" library="SeleniumLibrary">
<var>${linktext}</var>
<arg>xpath:(//a)[${i}]</arg>
<doc>Returns the text value of the element identified by ``locator``.</doc>
<msg timestamp="20231019 16:01:04.200" level="INFO">${linktext} = 410,825</msg>
<status status="PASS" starttime="20231019 16:01:04.181" endtime="20231019 16:01:04.200"/>
</kw>
<kw name="Log To Console" library="BuiltIn">
<arg>${linktext}</arg>
<doc>Logs the given message to the console.</doc>
<status status="PASS" starttime="20231019 16:01:04.200" endtime="20231019 16:01:04.201"/>
</kw>
<status status="PASS" starttime="20231019 16:01:04.181" endtime="20231019 16:01:04.201"/>
</iter>
<iter>
<var name="${i}">51</var>
<kw name="Get Text" library="SeleniumLibrary">
<var>${linktext}</var>
<arg>xpath:(//a)[${i}]</arg>
<doc>Returns the text value of the element identified by ``locator``.</doc>
<msg timestamp="20231019 16:01:04.220" level="INFO">${linktext} = 13,712,828</msg>
<status status="PASS" starttime="20231019 16:01:04.201" endtime="20231019 16:01:04.220"/>
</kw>
<kw name="Log To Console" library="BuiltIn">
<arg>${linktext}</arg>
<doc>Logs the given message to the console.</doc>
<status status="PASS" starttime="20231019 16:01:04.221" endtime="20231019 16:01:04.221"/>
</kw>
<status status="PASS" starttime="20231019 16:01:04.201" endtime="20231019 16:01:04.221"/>
</iter>
<iter>
<var name="${i}">52</var>
<kw name="Get Text" library="SeleniumLibrary">
<var>${linktext}</var>
<arg>xpath:(//a)[${i}]</arg>
<doc>Returns the text value of the element identified by ``locator``.</doc>
<msg timestamp="20231019 16:01:04.244" level="INFO">${linktext} = 787,424</msg>
<status status="PASS" starttime="20231019 16:01:04.222" endtime="20231019 16:01:04.244"/>
</kw>
<kw name="Log To Console" library="BuiltIn">
<arg>${linktext}</arg>
<doc>Logs the given message to the console.</doc>
<status status="PASS" starttime="20231019 16:01:04.244" endtime="20231019 16:01:04.244"/>
</kw>
<status status="PASS" starttime="20231019 16:01:04.221" endtime="20231019 16:01:04.245"/>
</iter>
<iter>
<var name="${i}">53</var>
<kw name="Get Text" library="SeleniumLibrary">
<var>${linktext}</var>
<arg>xpath:(//a)[${i}]</arg>
<doc>Returns the text value of the element identified by ``locator``.</doc>
<msg timestamp="20231019 16:01:04.265" level="INFO">${linktext} = 12,388,571</msg>
<status status="PASS" starttime="20231019 16:01:04.245" endtime="20231019 16:01:04.265"/>
</kw>
<kw name="Log To Console" library="BuiltIn">
<arg>${linktext}</arg>
<doc>Logs the given message to the console.</doc>
<status status="PASS" starttime="20231019 16:01:04.265" endtime="20231019 16:01:04.266"/>
</kw>
<status status="PASS" starttime="20231019 16:01:04.245" endtime="20231019 16:01:04.266"/>
</iter>
<iter>
<var name="${i}">54</var>
<kw name="Get Text" library="SeleniumLibrary">
<var>${linktext}</var>
<arg>xpath:(//a)[${i}]</arg>
<doc>Returns the text value of the element identified by ``locator``.</doc>
<msg timestamp="20231019 16:01:04.285" level="INFO">${linktext} = 3,210,847</msg>
<status status="PASS" starttime="20231019 16:01:04.266" endtime="20231019 16:01:04.285"/>
</kw>
<kw name="Log To Console" library="BuiltIn">
<arg>${linktext}</arg>
<doc>Logs the given message to the console.</doc>
<status status="PASS" starttime="20231019 16:01:04.285" endtime="20231019 16:01:04.285"/>
</kw>
<status status="PASS" starttime="20231019 16:01:04.266" endtime="20231019 16:01:04.285"/>
</iter>
<iter>
<var name="${i}">55</var>
<kw name="Get Text" library="SeleniumLibrary">
<var>${linktext}</var>
<arg>xpath:(//a)[${i}]</arg>
<doc>Returns the text value of the element identified by ``locator``.</doc>
<msg timestamp="20231019 16:01:04.306" level="INFO">${linktext} = 2,675,352</msg>
<status status="PASS" starttime="20231019 16:01:04.286" endtime="20231019 16:01:04.306"/>
</kw>
<kw name="Log To Console" library="BuiltIn">
<arg>${linktext}</arg>
<doc>Logs the given message to the console.</doc>
<status status="PASS" starttime="20231019 16:01:04.306" endtime="20231019 16:01:04.307"/>
</kw>
<status status="PASS" starttime="20231019 16:01:04.285" endtime="20231019 16:01:04.307"/>
</iter>
<iter>
<var name="${i}">56</var>
<kw name="Get Text" library="SeleniumLibrary">
<var>${linktext}</var>
<arg>xpath:(//a)[${i}]</arg>
<doc>Returns the text value of the element identified by ``locator``.</doc>
<msg timestamp="20231019 16:01:04.329" level="INFO">${linktext} = 216,422,446</msg>
<status status="PASS" starttime="20231019 16:01:04.308" endtime="20231019 16:01:04.329"/>
</kw>
<kw name="Log To Console" library="BuiltIn">
<arg>${linktext}</arg>
<doc>Logs the given message to the console.</doc>
<status status="PASS" starttime="20231019 16:01:04.329" endtime="20231019 16:01:04.329"/>
</kw>
<status status="PASS" starttime="20231019 16:01:04.307" endtime="20231019 16:01:04.330"/>
</iter>
<iter>
<var name="${i}">57</var>
<kw name="Get Text" library="SeleniumLibrary">
<var>${linktext}</var>
<arg>xpath:(//a)[${i}]</arg>
<doc>Returns the text value of the element identified by ``locator``.</doc>
<msg timestamp="20231019 16:01:04.348" level="INFO">${linktext} = 452,524</msg>
<status status="PASS" starttime="20231019 16:01:04.330" endtime="20231019 16:01:04.348"/>
</kw>
<kw name="Log To Console" library="BuiltIn">
<arg>${linktext}</arg>
<doc>Logs the given message to the console.</doc>
<status status="PASS" starttime="20231019 16:01:04.348" endtime="20231019 16:01:04.348"/>
</kw>
<status status="PASS" starttime="20231019 16:01:04.330" endtime="20231019 16:01:04.349"/>
</iter>
<iter>
<var name="${i}">58</var>
<kw name="Get Text" library="SeleniumLibrary">
<var>${linktext}</var>
<arg>xpath:(//a)[${i}]</arg>
<doc>Returns the text value of the element identified by ``locator``.</doc>
<msg timestamp="20231019 16:01:04.367" level="INFO">${linktext} = 6,687,717</msg>
<status status="PASS" starttime="20231019 16:01:04.349" endtime="20231019 16:01:04.367"/>
</kw>
<kw name="Log To Console" library="BuiltIn">
<arg>${linktext}</arg>
<doc>Logs the given message to the console.</doc>
<status status="PASS" starttime="20231019 16:01:04.367" endtime="20231019 16:01:04.367"/>
</kw>
<status status="PASS" starttime="20231019 16:01:04.349" endtime="20231019 16:01:04.367"/>
</iter>
<iter>
<var name="${i}">59</var>
<kw name="Get Text" library="SeleniumLibrary">
<var>${linktext}</var>
<arg>xpath:(//a)[${i}]</arg>
<doc>Returns the text value of the element identified by ``locator``.</doc>
<msg timestamp="20231019 16:01:04.386" level="INFO">${linktext} = 23,251,485</msg>
<status status="PASS" starttime="20231019 16:01:04.368" endtime="20231019 16:01:04.386"/>
</kw>
<kw name="Log To Console" library="BuiltIn">
<arg>${linktext}</arg>
<doc>Logs the given message to the console.</doc>
<status status="PASS" starttime="20231019 16:01:04.386" endtime="20231019 16:01:04.387"/>
</kw>
<status status="PASS" starttime="20231019 16:01:04.368" endtime="20231019 16:01:04.387"/>
</iter>
<iter>
<var name="${i}">60</var>
<kw name="Get Text" library="SeleniumLibrary">
<var>${linktext}</var>
<arg>xpath:(//a)[${i}]</arg>
<doc>Returns the text value of the element identified by ``locator``.</doc>
<msg timestamp="20231019 16:01:04.407" level="INFO">${linktext} = 13,238,559</msg>
<status status="PASS" starttime="20231019 16:01:04.387" endtime="20231019 16:01:04.407"/>
</kw>
<kw name="Log To Console" library="BuiltIn">
<arg>${linktext}</arg>
<doc>Logs the given message to the console.</doc>
<status status="PASS" starttime="20231019 16:01:04.407" endtime="20231019 16:01:04.407"/>
</kw>
<status status="PASS" starttime="20231019 16:01:04.387" endtime="20231019 16:01:04.407"/>
</iter>
<iter>
<var name="${i}">61</var>
<kw name="Get Text" library="SeleniumLibrary">
<var>${linktext}</var>
<arg>xpath:(//a)[${i}]</arg>
<doc>Returns the text value of the element identified by ``locator``.</doc>
<msg timestamp="20231019 16:01:04.427" level="INFO">${linktext} = 28,873,034</msg>
<status status="PASS" starttime="20231019 16:01:04.408" endtime="20231019 16:01:04.427"/>
</kw>
<kw name="Log To Console" library="BuiltIn">
<arg>${linktext}</arg>
<doc>Logs the given message to the console.</doc>
<status status="PASS" starttime="20231019 16:01:04.427" endtime="20231019 16:01:04.428"/>
</kw>
<status status="PASS" starttime="20231019 16:01:04.408" endtime="20231019 16:01:04.428"/>
</iter>
<iter>
<var name="${i}">62</var>
<kw name="Get Text" library="SeleniumLibrary">
<var>${linktext}</var>
<arg>xpath:(//a)[${i}]</arg>
<doc>Returns the text value of the element identified by ``locator``.</doc>
<msg timestamp="20231019 16:01:04.448" level="INFO">${linktext} = 598,682</msg>
<status status="PASS" starttime="20231019 16:01:04.428" endtime="20231019 16:01:04.448"/>
</kw>
<kw name="Log To Console" library="BuiltIn">
<arg>${linktext}</arg>
<doc>Logs the given message to the console.</doc>
<status status="PASS" starttime="20231019 16:01:04.448" endtime="20231019 16:01:04.448"/>
</kw>
<status status="PASS" starttime="20231019 16:01:04.428" endtime="20231019 16:01:04.449"/>
</iter>
<iter>
<var name="${i}">63</var>
<kw name="Get Text" library="SeleniumLibrary">
<var>${linktext}</var>
<arg>xpath:(//a)[${i}]</arg>
<doc>Returns the text value of the element identified by ``locator``.</doc>
<msg timestamp="20231019 16:01:04.467" level="INFO">${linktext} = 16,944,826</msg>
<status status="PASS" starttime="20231019 16:01:04.449" endtime="20231019 16:01:04.467"/>
</kw>
<kw name="Log To Console" library="BuiltIn">
<arg>${linktext}</arg>
<doc>Logs the given message to the console.</doc>
<status status="PASS" starttime="20231019 16:01:04.467" endtime="20231019 16:01:04.468"/>
</kw>
<status status="PASS" starttime="20231019 16:01:04.449" endtime="20231019 16:01:04.468"/>
</iter>
<iter>
<var name="${i}">64</var>
<kw name="Get Text" library="SeleniumLibrary">
<var>${linktext}</var>
<arg>xpath:(//a)[${i}]</arg>
<doc>Returns the text value of the element identified by ``locator``.</doc>
<msg timestamp="20231019 16:01:04.489" level="INFO">${linktext} = 28,647,293</msg>
<status status="PASS" starttime="20231019 16:01:04.468" endtime="20231019 16:01:04.489"/>
</kw>
<kw name="Log To Console" library="BuiltIn">
<arg>${linktext}</arg>
<doc>Logs the given message to the console.</doc>
<status status="PASS" starttime="20231019 16:01:04.489" endtime="20231019 16:01:04.490"/>
</kw>
<status status="PASS" starttime="20231019 16:01:04.468" endtime="20231019 16:01:04.490"/>
</iter>
<iter>
<var name="${i}">65</var>
<kw name="Get Text" library="SeleniumLibrary">
<var>${linktext}</var>
<arg>xpath:(//a)[${i}]</arg>
<doc>Returns the text value of the element identified by ``locator``.</doc>
<msg timestamp="20231019 16:01:04.510" level="INFO">${linktext} = 38,781,291</msg>
<status status="PASS" starttime="20231019 16:01:04.491" endtime="20231019 16:01:04.510"/>
</kw>
<kw name="Log To Console" library="BuiltIn">
<arg>${linktext}</arg>
<doc>Logs the given message to the console.</doc>
<status status="PASS" starttime="20231019 16:01:04.510" endtime="20231019 16:01:04.510"/>
</kw>
<status status="PASS" starttime="20231019 16:01:04.491" endtime="20231019 16:01:04.511"/>
</iter>
<iter>
<var name="${i}">66</var>
<kw name="Get Text" library="SeleniumLibrary">
<var>${linktext}</var>
<arg>xpath:(//a)[${i}]</arg>
<doc>Returns the text value of the element identified by ``locator``.</doc>
<msg timestamp="20231019 16:01:04.533" level="INFO">${linktext} = 5,742,315</msg>
<status status="PASS" starttime="20231019 16:01:04.511" endtime="20231019 16:01:04.533"/>
</kw>
<kw name="Log To Console" library="BuiltIn">
<arg>${linktext}</arg>
<doc>Logs the given message to the console.</doc>
<status status="PASS" starttime="20231019 16:01:04.533" endtime="20231019 16:01:04.533"/>
</kw>
<status status="PASS" starttime="20231019 16:01:04.511" endtime="20231019 16:01:04.533"/>
</iter>
<iter>
<var name="${i}">67</var>
<kw name="Get Text" library="SeleniumLibrary">
<var>${linktext}</var>
<arg>xpath:(//a)[${i}]</arg>
<doc>Returns the text value of the element identified by ``locator``.</doc>
<msg timestamp="20231019 16:01:04.554" level="INFO">${linktext} = 18,278,568</msg>
<status status="PASS" starttime="20231019 16:01:04.534" endtime="20231019 16:01:04.554"/>
</kw>
<kw name="Log To Console" library="BuiltIn">
<arg>${linktext}</arg>
<doc>Logs the given message to the console.</doc>
<status status="PASS" starttime="20231019 16:01:04.554" endtime="20231019 16:01:04.555"/>
</kw>
<status status="PASS" starttime="20231019 16:01:04.533" endtime="20231019 16:01:04.555"/>
</iter>
<iter>
<var name="${i}">68</var>
<kw name="Get Text" library="SeleniumLibrary">
<var>${linktext}</var>
<arg>xpath:(//a)[${i}]</arg>
<doc>Returns the text value of the element identified by ``locator``.</doc>
<msg timestamp="20231019 16:01:04.574" level="INFO">${linktext} = 19,629,590</msg>
<status status="PASS" starttime="20231019 16:01:04.555" endtime="20231019 16:01:04.574"/>
</kw>
<kw name="Log To Console" library="BuiltIn">
<arg>${linktext}</arg>
<doc>Logs the given message to the console.</doc>
<status status="PASS" starttime="20231019 16:01:04.574" endtime="20231019 16:01:04.575"/>
</kw>
<status status="PASS" starttime="20231019 16:01:04.555" endtime="20231019 16:01:04.575"/>
</iter>
<iter>
<var name="${i}">69</var>
<kw name="Get Text" library="SeleniumLibrary">
<var>${linktext}</var>
<arg>xpath:(//a)[${i}]</arg>
<doc>Returns the text value of the element identified by ``locator``.</doc>
<msg timestamp="20231019 16:01:04.594" level="INFO">${linktext} = 1,425,671,352</msg>
<status status="PASS" starttime="20231019 16:01:04.575" endtime="20231019 16:01:04.594"/>
</kw>
<kw name="Log To Console" library="BuiltIn">
<arg>${linktext}</arg>
<doc>Logs the given message to the console.</doc>
<status status="PASS" starttime="20231019 16:01:04.594" endtime="20231019 16:01:04.594"/>
</kw>
<status status="PASS" starttime="20231019 16:01:04.575" endtime="20231019 16:01:04.595"/>
</iter>
<iter>
<var name="${i}">70</var>
<kw name="Get Text" library="SeleniumLibrary">
<var>${linktext}</var>
<arg>xpath:(//a)[${i}]</arg>
<doc>Returns the text value of the element identified by ``locator``.</doc>
<msg timestamp="20231019 16:01:04.615" level="INFO">${linktext} = 52,085,168</msg>
<status status="PASS" starttime="20231019 16:01:04.595" endtime="20231019 16:01:04.615"/>
</kw>
<kw name="Log To Console" library="BuiltIn">
<arg>${linktext}</arg>
<doc>Logs the given message to the console.</doc>
<status status="PASS" starttime="20231019 16:01:04.616" endtime="20231019 16:01:04.616"/>
</kw>
<status status="PASS" starttime="20231019 16:01:04.595" endtime="20231019 16:01:04.616"/>
</iter>
<iter>
<var name="${i}">71</var>
<kw name="Get Text" library="SeleniumLibrary">
<var>${linktext}</var>
<arg>xpath:(//a)[${i}]</arg>
<doc>Returns the text value of the element identified by ``locator``.</doc>
<msg timestamp="20231019 16:01:04.637" level="INFO">${linktext} = 852,075</msg>
<status status="PASS" starttime="20231019 16:01:04.616" endtime="20231019 16:01:04.637"/>
</kw>
<kw name="Log To Console" library="BuiltIn">
<arg>${linktext}</arg>
<doc>Logs the given message to the console.</doc>
<status status="PASS" starttime="20231019 16:01:04.637" endtime="20231019 16:01:04.638"/>
</kw>
<status status="PASS" starttime="20231019 16:01:04.616" endtime="20231019 16:01:04.638"/>
</iter>
<iter>
<var name="${i}">72</var>
<kw name="Get Text" library="SeleniumLibrary">
<var>${linktext}</var>
<arg>xpath:(//a)[${i}]</arg>
<doc>Returns the text value of the element identified by ``locator``.</doc>
<msg timestamp="20231019 16:01:04.657" level="INFO">${linktext} = 6,106,869</msg>
<status status="PASS" starttime="20231019 16:01:04.638" endtime="20231019 16:01:04.657"/>
</kw>
<kw name="Log To Console" library="BuiltIn">
<arg>${linktext}</arg>
<doc>Logs the given message to the console.</doc>
<status status="PASS" starttime="20231019 16:01:04.657" endtime="20231019 16:01:04.657"/>
</kw>
<status status="PASS" starttime="20231019 16:01:04.638" endtime="20231019 16:01:04.658"/>
</iter>
<iter>
<var name="${i}">73</var>
<kw name="Get Text" library="SeleniumLibrary">
<var>${linktext}</var>
<arg>xpath:(//a)[${i}]</arg>
<doc>Returns the text value of the element identified by ``locator``.</doc>
<msg timestamp="20231019 16:01:04.677" level="INFO">${linktext} = 5,212,173</msg>
<status status="PASS" starttime="20231019 16:01:04.658" endtime="20231019 16:01:04.677"/>
</kw>
<kw name="Log To Console" library="BuiltIn">
<arg>${linktext}</arg>
<doc>Logs the given message to the console.</doc>
<status status="PASS" starttime="20231019 16:01:04.677" endtime="20231019 16:01:04.677"/>
</kw>
<status status="PASS" starttime="20231019 16:01:04.658" endtime="20231019 16:01:04.677"/>
</iter>
<iter>
<var name="${i}">74</var>
<kw name="Get Text" library="SeleniumLibrary">
<var>${linktext}</var>
<arg>xpath:(//a)[${i}]</arg>
<doc>Returns the text value of the element identified by ``locator``.</doc>
<msg timestamp="20231019 16:01:04.696" level="INFO">${linktext} = 4,008,617</msg>
<status status="PASS" starttime="20231019 16:01:04.678" endtime="20231019 16:01:04.696"/>
</kw>
<kw name="Log To Console" library="BuiltIn">
<arg>${linktext}</arg>
<doc>Logs the given message to the console.</doc>
<status status="PASS" starttime="20231019 16:01:04.696" endtime="20231019 16:01:04.697"/>
</kw>
<status status="PASS" starttime="20231019 16:01:04.677" endtime="20231019 16:01:04.697"/>
</iter>
<iter>
<var name="${i}">75</var>
<kw name="Get Text" library="SeleniumLibrary">
<var>${linktext}</var>
<arg>xpath:(//a)[${i}]</arg>
<doc>Returns the text value of the element identified by ``locator``.</doc>
<msg timestamp="20231019 16:01:04.716" level="INFO">${linktext} = 11,194,449</msg>
<status status="PASS" starttime="20231019 16:01:04.697" endtime="20231019 16:01:04.716"/>
</kw>
<kw name="Log To Console" library="BuiltIn">
<arg>${linktext}</arg>
<doc>Logs the given message to the console.</doc>
<status status="PASS" starttime="20231019 16:01:04.717" endtime="20231019 16:01:04.717"/>
</kw>
<status status="PASS" starttime="20231019 16:01:04.697" endtime="20231019 16:01:04.717"/>
</iter>
<iter>
<var name="${i}">76</var>
<kw name="Get Text" library="SeleniumLibrary">
<var>${linktext}</var>
<arg>xpath:(//a)[${i}]</arg>
<doc>Returns the text value of the element identified by ``locator``.</doc>
<msg timestamp="20231019 16:01:04.738" level="INFO">${linktext} = 1,260,138</msg>
<status status="PASS" starttime="20231019 16:01:04.717" endtime="20231019 16:01:04.738"/>
</kw>
<kw name="Log To Console" library="BuiltIn">
<arg>${linktext}</arg>
<doc>Logs the given message to the console.</doc>
<status status="PASS" starttime="20231019 16:01:04.738" endtime="20231019 16:01:04.738"/>
</kw>
<status status="PASS" starttime="20231019 16:01:04.717" endtime="20231019 16:01:04.738"/>
</iter>
<iter>
<var name="${i}">77</var>
<kw name="Get Text" library="SeleniumLibrary">
<var>${linktext}</var>
<arg>xpath:(//a)[${i}]</arg>
<doc>Returns the text value of the element identified by ``locator``.</doc>
<msg timestamp="20231019 16:01:04.759" level="INFO">${linktext} = 10,495,295</msg>
<status status="PASS" starttime="20231019 16:01:04.739" endtime="20231019 16:01:04.759"/>
</kw>
<kw name="Log To Console" library="BuiltIn">
<arg>${linktext}</arg>
<doc>Logs the given message to the console.</doc>
<status status="PASS" starttime="20231019 16:01:04.759" endtime="20231019 16:01:04.760"/>
</kw>
<status status="PASS" starttime="20231019 16:01:04.739" endtime="20231019 16:01:04.760"/>
</iter>
<iter>
<var name="${i}">78</var>
<kw name="Get Text" library="SeleniumLibrary">
<var>${linktext}</var>
<arg>xpath:(//a)[${i}]</arg>
<doc>Returns the text value of the element identified by ``locator``.</doc>
<msg timestamp="20231019 16:01:04.780" level="INFO">${linktext} = 102,262,808</msg>
<status status="PASS" starttime="20231019 16:01:04.760" endtime="20231019 16:01:04.780"/>
</kw>
<kw name="Log To Console" library="BuiltIn">
<arg>${linktext}</arg>
<doc>Logs the given message to the console.</doc>
<status status="PASS" starttime="20231019 16:01:04.780" endtime="20231019 16:01:04.781"/>
</kw>
<status status="PASS" starttime="20231019 16:01:04.760" endtime="20231019 16:01:04.781"/>
</iter>
<iter>
<var name="${i}">79</var>
<kw name="Get Text" library="SeleniumLibrary">
<var>${linktext}</var>
<arg>xpath:(//a)[${i}]</arg>
<doc>Returns the text value of the element identified by ``locator``.</doc>
<msg timestamp="20231019 16:01:04.802" level="INFO">${linktext} = 5,910,913</msg>
<status status="PASS" starttime="20231019 16:01:04.781" endtime="20231019 16:01:04.802"/>
</kw>
<kw name="Log To Console" library="BuiltIn">
<arg>${linktext}</arg>
<doc>Logs the given message to the console.</doc>
<status status="PASS" starttime="20231019 16:01:04.802" endtime="20231019 16:01:04.803"/>
</kw>
<status status="PASS" starttime="20231019 16:01:04.781" endtime="20231019 16:01:04.803"/>
</iter>
<iter>
<var name="${i}">80</var>
<kw name="Get Text" library="SeleniumLibrary">
<var>${linktext}</var>
<arg>xpath:(//a)[${i}]</arg>
<doc>Returns the text value of the element identified by ``locator``.</doc>
<msg timestamp="20231019 16:01:04.832" level="INFO">${linktext} = 1,136,455</msg>
<status status="PASS" starttime="20231019 16:01:04.803" endtime="20231019 16:01:04.832"/>
</kw>
<kw name="Log To Console" library="BuiltIn">
<arg>${linktext}</arg>
<doc>Logs the given message to the console.</doc>
<status status="PASS" starttime="20231019 16:01:04.833" endtime="20231019 16:01:04.833"/>
</kw>
<status status="PASS" starttime="20231019 16:01:04.803" endtime="20231019 16:01:04.833"/>
</iter>
<iter>
<var name="${i}">81</var>
<kw name="Get Text" library="SeleniumLibrary">
<var>${linktext}</var>
<arg>xpath:(//a)[${i}]</arg>
<doc>Returns the text value of the element identified by ``locator``.</doc>
<msg timestamp="20231019 16:01:04.853" level="INFO">${linktext} = 73,040</msg>
<status status="PASS" starttime="20231019 16:01:04.833" endtime="20231019 16:01:04.853"/>
</kw>
<kw name="Log To Console" library="BuiltIn">
<arg>${linktext}</arg>
<doc>Logs the given message to the console.</doc>
<status status="PASS" starttime="20231019 16:01:04.853" endtime="20231019 16:01:04.854"/>
</kw>
<status status="PASS" starttime="20231019 16:01:04.833" endtime="20231019 16:01:04.854"/>
</iter>
<iter>
<var name="${i}">82</var>
<kw name="Get Text" library="SeleniumLibrary">
<var>${linktext}</var>
<arg>xpath:(//a)[${i}]</arg>
<doc>Returns the text value of the element identified by ``locator``.</doc>
<msg timestamp="20231019 16:01:04.875" level="INFO">${linktext} = 11,332,972</msg>
<status status="PASS" starttime="20231019 16:01:04.854" endtime="20231019 16:01:04.875"/>
</kw>
<kw name="Log To Console" library="BuiltIn">
<arg>${linktext}</arg>
<doc>Logs the given message to the console.</doc>
<status status="PASS" starttime="20231019 16:01:04.875" endtime="20231019 16:01:04.876"/>
</kw>
<status status="PASS" starttime="20231019 16:01:04.854" endtime="20231019 16:01:04.876"/>
</iter>
<iter>
<var name="${i}">83</var>
<kw name="Get Text" library="SeleniumLibrary">
<var>${linktext}</var>
<arg>xpath:(//a)[${i}]</arg>
<doc>Returns the text value of the element identified by ``locator``.</doc>
<msg timestamp="20231019 16:01:04.896" level="INFO">${linktext} = 18,190,484</msg>
<status status="PASS" starttime="20231019 16:01:04.876" endtime="20231019 16:01:04.896"/>
</kw>
<kw name="Log To Console" library="BuiltIn">
<arg>${linktext}</arg>
<doc>Logs the given message to the console.</doc>
<status status="PASS" starttime="20231019 16:01:04.897" endtime="20231019 16:01:04.897"/>
</kw>
<status status="PASS" starttime="20231019 16:01:04.876" endtime="20231019 16:01:04.897"/>
</iter>
<iter>
<var name="${i}">84</var>
<kw name="Get Text" library="SeleniumLibrary">
<var>${linktext}</var>
<arg>xpath:(//a)[${i}]</arg>
<doc>Returns the text value of the element identified by ``locator``.</doc>
<msg timestamp="20231019 16:01:04.918" level="INFO">${linktext} = 112,716,598</msg>
<status status="PASS" starttime="20231019 16:01:04.897" endtime="20231019 16:01:04.918"/>
</kw>
<kw name="Log To Console" library="BuiltIn">
<arg>${linktext}</arg>
<doc>Logs the given message to the console.</doc>
<status status="PASS" starttime="20231019 16:01:04.918" endtime="20231019 16:01:04.919"/>
</kw>
<status status="PASS" starttime="20231019 16:01:04.897" endtime="20231019 16:01:04.919"/>
</iter>
<iter>
<var name="${i}">85</var>
<kw name="Get Text" library="SeleniumLibrary">
<var>${linktext}</var>
<arg>xpath:(//a)[${i}]</arg>
<doc>Returns the text value of the element identified by ``locator``.</doc>
<msg timestamp="20231019 16:01:04.943" level="INFO">${linktext} = 6,364,943</msg>
<status status="PASS" starttime="20231019 16:01:04.919" endtime="20231019 16:01:04.943"/>
</kw>
<kw name="Log To Console" library="BuiltIn">
<arg>${linktext}</arg>
<doc>Logs the given message to the console.</doc>
<status status="PASS" starttime="20231019 16:01:04.943" endtime="20231019 16:01:04.943"/>
</kw>
<status status="PASS" starttime="20231019 16:01:04.919" endtime="20231019 16:01:04.943"/>
</iter>
<iter>
<var name="${i}">86</var>
<kw name="Get Text" library="SeleniumLibrary">
<var>${linktext}</var>
<arg>xpath:(//a)[${i}]</arg>
<doc>Returns the text value of the element identified by ``locator``.</doc>
<msg timestamp="20231019 16:01:04.967" level="INFO">${linktext} = 1,714,671</msg>
<status status="PASS" starttime="20231019 16:01:04.944" endtime="20231019 16:01:04.967"/>
</kw>
<kw name="Log To Console" library="BuiltIn">
<arg>${linktext}</arg>
<doc>Logs the given message to the console.</doc>
<status status="PASS" starttime="20231019 16:01:04.967" endtime="20231019 16:01:04.967"/>
</kw>
<status status="PASS" starttime="20231019 16:01:04.943" endtime="20231019 16:01:04.968"/>
</iter>
<iter>
<var name="${i}">87</var>
<kw name="Get Text" library="SeleniumLibrary">
<var>${linktext}</var>
<arg>xpath:(//a)[${i}]</arg>
<doc>Returns the text value of the element identified by ``locator``.</doc>
<msg timestamp="20231019 16:01:04.994" level="INFO">${linktext} = 3,748,901</msg>
<status status="PASS" starttime="20231019 16:01:04.968" endtime="20231019 16:01:04.994"/>
</kw>
<kw name="Log To Console" library="BuiltIn">
<arg>${linktext}</arg>
<doc>Logs the given message to the console.</doc>
<status status="PASS" starttime="20231019 16:01:04.994" endtime="20231019 16:01:04.994"/>
</kw>
<status status="PASS" starttime="20231019 16:01:04.968" endtime="20231019 16:01:04.995"/>
</iter>
<iter>
<var name="${i}">88</var>
<kw name="Get Text" library="SeleniumLibrary">
<var>${linktext}</var>
<arg>xpath:(//a)[${i}]</arg>
<doc>Returns the text value of the element identified by ``locator``.</doc>
<msg timestamp="20231019 16:01:05.027" level="INFO">${linktext} = 1,322,765</msg>
<status status="PASS" starttime="20231019 16:01:04.995" endtime="20231019 16:01:05.027"/>
</kw>
<kw name="Log To Console" library="BuiltIn">
<arg>${linktext}</arg>
<doc>Logs the given message to the console.</doc>
<status status="PASS" starttime="20231019 16:01:05.028" endtime="20231019 16:01:05.029"/>
</kw>
<status status="PASS" starttime="20231019 16:01:04.995" endtime="20231019 16:01:05.029"/>
</iter>
<iter>
<var name="${i}">89</var>
<kw name="Get Text" library="SeleniumLibrary">
<var>${linktext}</var>
<arg>xpath:(//a)[${i}]</arg>
<doc>Returns the text value of the element identified by ``locator``.</doc>
<msg timestamp="20231019 16:01:05.051" level="INFO">${linktext} = 1,210,822</msg>
<status status="PASS" starttime="20231019 16:01:05.030" endtime="20231019 16:01:05.051"/>
</kw>
<kw name="Log To Console" library="BuiltIn">
<arg>${linktext}</arg>
<doc>Logs the given message to the console.</doc>
<status status="PASS" starttime="20231019 16:01:05.051" endtime="20231019 16:01:05.051"/>
</kw>
<status status="PASS" starttime="20231019 16:01:05.030" endtime="20231019 16:01:05.052"/>
</iter>
<iter>
<var name="${i}">90</var>
<kw name="Get Text" library="SeleniumLibrary">
<var>${linktext}</var>
<arg>xpath:(//a)[${i}]</arg>
<doc>Returns the text value of the element identified by ``locator``.</doc>
<msg timestamp="20231019 16:01:05.072" level="INFO">${linktext} = 126,527,060</msg>
<status status="PASS" starttime="20231019 16:01:05.052" endtime="20231019 16:01:05.072"/>
</kw>
<kw name="Log To Console" library="BuiltIn">
<arg>${linktext}</arg>
<doc>Logs the given message to the console.</doc>
<status status="PASS" starttime="20231019 16:01:05.073" endtime="20231019 16:01:05.073"/>
</kw>
<status status="PASS" starttime="20231019 16:01:05.052" endtime="20231019 16:01:05.073"/>
</iter>
<iter>
<var name="${i}">91</var>
<kw name="Get Text" library="SeleniumLibrary">
<var>${linktext}</var>
<arg>xpath:(//a)[${i}]</arg>
<doc>Returns the text value of the element identified by ``locator``.</doc>
<msg timestamp="20231019 16:01:05.097" level="INFO">${linktext} = 936,375</msg>
<status status="PASS" starttime="20231019 16:01:05.074" endtime="20231019 16:01:05.097"/>
</kw>
<kw name="Log To Console" library="BuiltIn">
<arg>${linktext}</arg>
<doc>Logs the given message to the console.</doc>
<status status="PASS" starttime="20231019 16:01:05.097" endtime="20231019 16:01:05.097"/>
</kw>
<status status="PASS" starttime="20231019 16:01:05.073" endtime="20231019 16:01:05.097"/>
</iter>
<iter>
<var name="${i}">92</var>
<kw name="Get Text" library="SeleniumLibrary">
<var>${linktext}</var>
<arg>xpath:(//a)[${i}]</arg>
<doc>Returns the text value of the element identified by ``locator``.</doc>
<msg timestamp="20231019 16:01:05.119" level="INFO">${linktext} = 5,545,475</msg>
<status status="PASS" starttime="20231019 16:01:05.098" endtime="20231019 16:01:05.119"/>
</kw>
<kw name="Log To Console" library="BuiltIn">
<arg>${linktext}</arg>
<doc>Logs the given message to the console.</doc>
<status status="PASS" starttime="20231019 16:01:05.120" endtime="20231019 16:01:05.120"/>
</kw>
<status status="PASS" starttime="20231019 16:01:05.097" endtime="20231019 16:01:05.120"/>
</iter>
<iter>
<var name="${i}">93</var>
<kw name="Get Text" library="SeleniumLibrary">
<var>${linktext}</var>
<arg>xpath:(//a)[${i}]</arg>
<doc>Returns the text value of the element identified by ``locator``.</doc>
<msg timestamp="20231019 16:01:05.144" level="INFO">${linktext} = 64,756,584</msg>
<status status="PASS" starttime="20231019 16:01:05.120" endtime="20231019 16:01:05.144"/>
</kw>
<kw name="Log To Console" library="BuiltIn">
<arg>${linktext}</arg>
<doc>Logs the given message to the console.</doc>
<status status="PASS" starttime="20231019 16:01:05.144" endtime="20231019 16:01:05.145"/>
</kw>
<status status="PASS" starttime="20231019 16:01:05.120" endtime="20231019 16:01:05.145"/>
</iter>
<iter>
<var name="${i}">94</var>
<kw name="Get Text" library="SeleniumLibrary">
<var>${linktext}</var>
<arg>xpath:(//a)[${i}]</arg>
<doc>Returns the text value of the element identified by ``locator``.</doc>
<msg timestamp="20231019 16:01:05.168" level="INFO">${linktext} = 2,436,566</msg>
<status status="PASS" starttime="20231019 16:01:05.145" endtime="20231019 16:01:05.168"/>
</kw>
<kw name="Log To Console" library="BuiltIn">
<arg>${linktext}</arg>
<doc>Logs the given message to the console.</doc>
<status status="PASS" starttime="20231019 16:01:05.168" endtime="20231019 16:01:05.168"/>
</kw>
<status status="PASS" starttime="20231019 16:01:05.145" endtime="20231019 16:01:05.169"/>
</iter>
<iter>
<var name="${i}">95</var>
<kw name="Get Text" library="SeleniumLibrary">
<var>${linktext}</var>
<arg>xpath:(//a)[${i}]</arg>
<doc>Returns the text value of the element identified by ``locator``.</doc>
<msg timestamp="20231019 16:01:05.193" level="INFO">${linktext} = 2,773,168</msg>
<status status="PASS" starttime="20231019 16:01:05.169" endtime="20231019 16:01:05.193"/>
</kw>
<kw name="Log To Console" library="BuiltIn">
<arg>${linktext}</arg>
<doc>Logs the given message to the console.</doc>
<status status="PASS" starttime="20231019 16:01:05.194" endtime="20231019 16:01:05.195"/>
</kw>
<status status="PASS" starttime="20231019 16:01:05.169" endtime="20231019 16:01:05.195"/>
</iter>
<iter>
<var name="${i}">96</var>
<kw name="Get Text" library="SeleniumLibrary">
<var>${linktext}</var>
<arg>xpath:(//a)[${i}]</arg>
<doc>Returns the text value of the element identified by ``locator``.</doc>
<msg timestamp="20231019 16:01:05.220" level="INFO">${linktext} = 3,728,282</msg>
<status status="PASS" starttime="20231019 16:01:05.196" endtime="20231019 16:01:05.220"/>
</kw>
<kw name="Log To Console" library="BuiltIn">
<arg>${linktext}</arg>
<doc>Logs the given message to the console.</doc>
<status status="PASS" starttime="20231019 16:01:05.220" endtime="20231019 16:01:05.220"/>
</kw>
<status status="PASS" starttime="20231019 16:01:05.195" endtime="20231019 16:01:05.221"/>
</iter>
<iter>
<var name="${i}">97</var>
<kw name="Get Text" library="SeleniumLibrary">
<var>${linktext}</var>
<arg>xpath:(//a)[${i}]</arg>
<doc>Returns the text value of the element identified by ``locator``.</doc>
<msg timestamp="20231019 16:01:05.246" level="INFO">${linktext} = 83,294,633</msg>
<status status="PASS" starttime="20231019 16:01:05.221" endtime="20231019 16:01:05.246"/>
</kw>
<kw name="Log To Console" library="BuiltIn">
<arg>${linktext}</arg>
<doc>Logs the given message to the console.</doc>
<status status="PASS" starttime="20231019 16:01:05.246" endtime="20231019 16:01:05.246"/>
</kw>
<status status="PASS" starttime="20231019 16:01:05.221" endtime="20231019 16:01:05.247"/>
</iter>
<iter>
<var name="${i}">98</var>
<kw name="Get Text" library="SeleniumLibrary">
<var>${linktext}</var>
<arg>xpath:(//a)[${i}]</arg>
<doc>Returns the text value of the element identified by ``locator``.</doc>
<msg timestamp="20231019 16:01:05.272" level="INFO">${linktext} = 34,121,985</msg>
<status status="PASS" starttime="20231019 16:01:05.247" endtime="20231019 16:01:05.272"/>
</kw>
<kw name="Log To Console" library="BuiltIn">
<arg>${linktext}</arg>
<doc>Logs the given message to the console.</doc>
<status status="PASS" starttime="20231019 16:01:05.272" endtime="20231019 16:01:05.273"/>
</kw>
<status status="PASS" starttime="20231019 16:01:05.247" endtime="20231019 16:01:05.273"/>
</iter>
<iter>
<var name="${i}">99</var>
<kw name="Get Text" library="SeleniumLibrary">
<var>${linktext}</var>
<arg>xpath:(//a)[${i}]</arg>
<doc>Returns the text value of the element identified by ``locator``.</doc>
<msg timestamp="20231019 16:01:05.300" level="INFO">${linktext} = 10,341,277</msg>
<status status="PASS" starttime="20231019 16:01:05.273" endtime="20231019 16:01:05.300"/>
</kw>
<kw name="Log To Console" library="BuiltIn">
<arg>${linktext}</arg>
<doc>Logs the given message to the console.</doc>
<status status="PASS" starttime="20231019 16:01:05.300" endtime="20231019 16:01:05.300"/>
</kw>
<status status="PASS" starttime="20231019 16:01:05.273" endtime="20231019 16:01:05.300"/>
</iter>
<iter>
<var name="${i}">100</var>
<kw name="Get Text" library="SeleniumLibrary">
<var>${linktext}</var>
<arg>xpath:(//a)[${i}]</arg>
<doc>Returns the text value of the element identified by ``locator``.</doc>
<msg timestamp="20231019 16:01:05.321" level="INFO">${linktext} = 126,183</msg>
<status status="PASS" starttime="20231019 16:01:05.301" endtime="20231019 16:01:05.321"/>
</kw>
<kw name="Log To Console" library="BuiltIn">
<arg>${linktext}</arg>
<doc>Logs the given message to the console.</doc>
<status status="PASS" starttime="20231019 16:01:05.322" endtime="20231019 16:01:05.322"/>
</kw>
<status status="PASS" starttime="20231019 16:01:05.301" endtime="20231019 16:01:05.322"/>
</iter>
<iter>
<var name="${i}">101</var>
<kw name="Get Text" library="SeleniumLibrary">
<var>${linktext}</var>
<arg>xpath:(//a)[${i}]</arg>
<doc>Returns the text value of the element identified by ``locator``.</doc>
<msg timestamp="20231019 16:01:05.345" level="INFO">${linktext} = 18,092,026</msg>
<status status="PASS" starttime="20231019 16:01:05.322" endtime="20231019 16:01:05.345"/>
</kw>
<kw name="Log To Console" library="BuiltIn">
<arg>${linktext}</arg>
<doc>Logs the given message to the console.</doc>
<status status="PASS" starttime="20231019 16:01:05.345" endtime="20231019 16:01:05.346"/>
</kw>
<status status="PASS" starttime="20231019 16:01:05.322" endtime="20231019 16:01:05.346"/>
</iter>
<iter>
<var name="${i}">102</var>
<kw name="Get Text" library="SeleniumLibrary">
<var>${linktext}</var>
<arg>xpath:(//a)[${i}]</arg>
<doc>Returns the text value of the element identified by ``locator``.</doc>
<msg timestamp="20231019 16:01:05.366" level="INFO">${linktext} = 14,190,612</msg>
<status status="PASS" starttime="20231019 16:01:05.346" endtime="20231019 16:01:05.366"/>
</kw>
<kw name="Log To Console" library="BuiltIn">
<arg>${linktext}</arg>
<doc>Logs the given message to the console.</doc>
<status status="PASS" starttime="20231019 16:01:05.366" endtime="20231019 16:01:05.367"/>
</kw>
<status status="PASS" starttime="20231019 16:01:05.346" endtime="20231019 16:01:05.367"/>
</iter>
<iter>
<var name="${i}">103</var>
<kw name="Get Text" library="SeleniumLibrary">
<var>${linktext}</var>
<arg>xpath:(//a)[${i}]</arg>
<doc>Returns the text value of the element identified by ``locator``.</doc>
<msg timestamp="20231019 16:01:05.394" level="INFO">${linktext} = 2,150,842</msg>
<status status="PASS" starttime="20231019 16:01:05.367" endtime="20231019 16:01:05.395"/>
</kw>
<kw name="Log To Console" library="BuiltIn">
<arg>${linktext}</arg>
<doc>Logs the given message to the console.</doc>
<status status="PASS" starttime="20231019 16:01:05.395" endtime="20231019 16:01:05.396"/>
</kw>
<status status="PASS" starttime="20231019 16:01:05.367" endtime="20231019 16:01:05.396"/>
</iter>
<iter>
<var name="${i}">104</var>
<kw name="Get Text" library="SeleniumLibrary">
<var>${linktext}</var>
<arg>xpath:(//a)[${i}]</arg>
<doc>Returns the text value of the element identified by ``locator``.</doc>
<msg timestamp="20231019 16:01:05.418" level="INFO">${linktext} = 813,834</msg>
<status status="PASS" starttime="20231019 16:01:05.396" endtime="20231019 16:01:05.419"/>
</kw>
<kw name="Log To Console" library="BuiltIn">
<arg>${linktext}</arg>
<doc>Logs the given message to the console.</doc>
<status status="PASS" starttime="20231019 16:01:05.419" endtime="20231019 16:01:05.419"/>
</kw>
<status status="PASS" starttime="20231019 16:01:05.396" endtime="20231019 16:01:05.419"/>
</iter>
<iter>
<var name="${i}">105</var>
<kw name="Get Text" library="SeleniumLibrary">
<var>${linktext}</var>
<arg>xpath:(//a)[${i}]</arg>
<doc>Returns the text value of the element identified by ``locator``.</doc>
<msg timestamp="20231019 16:01:05.440" level="INFO">${linktext} = 11,724,763</msg>
<status status="PASS" starttime="20231019 16:01:05.420" endtime="20231019 16:01:05.440"/>
</kw>
<kw name="Log To Console" library="BuiltIn">
<arg>${linktext}</arg>
<doc>Logs the given message to the console.</doc>
<status status="PASS" starttime="20231019 16:01:05.441" endtime="20231019 16:01:05.441"/>
</kw>
<status status="PASS" starttime="20231019 16:01:05.420" endtime="20231019 16:01:05.442"/>
</iter>
<iter>
<var name="${i}">106</var>
<kw name="Get Text" library="SeleniumLibrary">
<var>${linktext}</var>
<arg>xpath:(//a)[${i}]</arg>
<doc>Returns the text value of the element identified by ``locator``.</doc>
<msg timestamp="20231019 16:01:05.462" level="INFO">${linktext} = 518</msg>
<status status="PASS" starttime="20231019 16:01:05.442" endtime="20231019 16:01:05.462"/>
</kw>
<kw name="Log To Console" library="BuiltIn">
<arg>${linktext}</arg>
<doc>Logs the given message to the console.</doc>
<status status="PASS" starttime="20231019 16:01:05.462" endtime="20231019 16:01:05.462"/>
</kw>
<status status="PASS" starttime="20231019 16:01:05.442" endtime="20231019 16:01:05.462"/>
</iter>
<iter>
<var name="${i}">107</var>
<kw name="Get Text" library="SeleniumLibrary">
<var>${linktext}</var>
<arg>xpath:(//a)[${i}]</arg>
<doc>Returns the text value of the element identified by ``locator``.</doc>
<msg timestamp="20231019 16:01:05.482" level="INFO">${linktext} = 10,593,798</msg>
<status status="PASS" starttime="20231019 16:01:05.463" endtime="20231019 16:01:05.482"/>
</kw>
<kw name="Log To Console" library="BuiltIn">
<arg>${linktext}</arg>
<doc>Logs the given message to the console.</doc>
<status status="PASS" starttime="20231019 16:01:05.483" endtime="20231019 16:01:05.483"/>
</kw>
<status status="PASS" starttime="20231019 16:01:05.463" endtime="20231019 16:01:05.483"/>
</iter>
<iter>
<var name="${i}">108</var>
<kw name="Get Text" library="SeleniumLibrary">
<var>${linktext}</var>
<arg>xpath:(//a)[${i}]</arg>
<doc>Returns the text value of the element identified by ``locator``.</doc>
<msg timestamp="20231019 16:01:05.502" level="INFO">${linktext} = 10,156,239</msg>
<status status="PASS" starttime="20231019 16:01:05.484" endtime="20231019 16:01:05.502"/>
</kw>
<kw name="Log To Console" library="BuiltIn">
<arg>${linktext}</arg>
<doc>Logs the given message to the console.</doc>
<status status="PASS" starttime="20231019 16:01:05.503" endtime="20231019 16:01:05.503"/>
</kw>
<status status="PASS" starttime="20231019 16:01:05.483" endtime="20231019 16:01:05.503"/>
</iter>
<iter>
<var name="${i}">109</var>
<kw name="Get Text" library="SeleniumLibrary">
<var>${linktext}</var>
<arg>xpath:(//a)[${i}]</arg>
<doc>Returns the text value of the element identified by ``locator``.</doc>
<msg timestamp="20231019 16:01:05.526" level="INFO">${linktext} = 375,318</msg>
<status status="PASS" starttime="20231019 16:01:05.503" endtime="20231019 16:01:05.526"/>
</kw>
<kw name="Log To Console" library="BuiltIn">
<arg>${linktext}</arg>
<doc>Logs the given message to the console.</doc>
<status status="PASS" starttime="20231019 16:01:05.527" endtime="20231019 16:01:05.527"/>
</kw>
<status status="PASS" starttime="20231019 16:01:05.503" endtime="20231019 16:01:05.527"/>
</iter>
<iter>
<var name="${i}">110</var>
<kw name="Get Text" library="SeleniumLibrary">
<var>${linktext}</var>
<arg>xpath:(//a)[${i}]</arg>
<doc>Returns the text value of the element identified by ``locator``.</doc>
<msg timestamp="20231019 16:01:05.547" level="INFO">${linktext} = 1,428,627,663</msg>
<status status="PASS" starttime="20231019 16:01:05.528" endtime="20231019 16:01:05.547"/>
</kw>
<kw name="Log To Console" library="BuiltIn">
<arg>${linktext}</arg>
<doc>Logs the given message to the console.</doc>
<status status="PASS" starttime="20231019 16:01:05.547" endtime="20231019 16:01:05.547"/>
</kw>
<status status="PASS" starttime="20231019 16:01:05.527" endtime="20231019 16:01:05.548"/>
</iter>
<iter>
<var name="${i}">111</var>
<kw name="Get Text" library="SeleniumLibrary">
<var>${linktext}</var>
<arg>xpath:(//a)[${i}]</arg>
<doc>Returns the text value of the element identified by ``locator``.</doc>
<msg timestamp="20231019 16:01:05.566" level="INFO">${linktext} = 277,534,122</msg>
<status status="PASS" starttime="20231019 16:01:05.548" endtime="20231019 16:01:05.566"/>
</kw>
<kw name="Log To Console" library="BuiltIn">
<arg>${linktext}</arg>
<doc>Logs the given message to the console.</doc>
<status status="PASS" starttime="20231019 16:01:05.566" endtime="20231019 16:01:05.567"/>
</kw>
<status status="PASS" starttime="20231019 16:01:05.548" endtime="20231019 16:01:05.567"/>
</iter>
<iter>
<var name="${i}">112</var>
<kw name="Get Text" library="SeleniumLibrary">
<var>${linktext}</var>
<arg>xpath:(//a)[${i}]</arg>
<doc>Returns the text value of the element identified by ``locator``.</doc>
<msg timestamp="20231019 16:01:05.588" level="INFO">${linktext} = 89,172,767</msg>
<status status="PASS" starttime="20231019 16:01:05.567" endtime="20231019 16:01:05.588"/>
</kw>
<kw name="Log To Console" library="BuiltIn">
<arg>${linktext}</arg>
<doc>Logs the given message to the console.</doc>
<status status="PASS" starttime="20231019 16:01:05.588" endtime="20231019 16:01:05.589"/>
</kw>
<status status="PASS" starttime="20231019 16:01:05.567" endtime="20231019 16:01:05.589"/>
</iter>
<iter>
[...]
<status status="PASS" starttime="20231019 16:01:07.821" endtime="20231019 16:01:07.842"/>
</kw>
<kw name="Log To Console" library="BuiltIn">
<arg>${linktext}</arg>
<doc>Logs the given message to the console.</doc>
<status status="PASS" starttime="20231019 16:01:07.843" endtime="20231019 16:01:07.844"/>
</kw>
<status status="PASS" starttime="20231019 16:01:07.821" endtime="20231019 16:01:07.844"/>
</iter>
<iter>
<var name="${i}">210</var>
<kw name="Get Text" library="SeleniumLibrary">
<var>${linktext}</var>
<arg>xpath:(//a)[${i}]</arg>
<doc>Returns the text value of the element identified by ``locator``.</doc>
<msg timestamp="20231019 16:01:07.867" level="INFO">${linktext} = 1,534,937</msg>
<status status="PASS" starttime="20231019 16:01:07.844" endtime="20231019 16:01:07.868"/>
</kw>
<kw name="Log To Console" library="BuiltIn">
<arg>${linktext}</arg>
<doc>Logs the given message to the console.</doc>
<status status="PASS" starttime="20231019 16:01:07.868" endtime="20231019 16:01:07.868"/>
</kw>
<status status="PASS" starttime="20231019 16:01:07.844" endtime="20231019 16:01:07.868"/>
</iter>
<iter>
<var name="${i}">211</var>
<kw name="Get Text" library="SeleniumLibrary">
<var>${linktext}</var>
<arg>xpath:(//a)[${i}]</arg>
<doc>Returns the text value of the element identified by ``locator``.</doc>
<msg timestamp="20231019 16:01:07.891" level="INFO">${linktext} = 12,458,223</msg>
<status status="PASS" starttime="20231019 16:01:07.869" endtime="20231019 16:01:07.891"/>
</kw>
<kw name="Log To Console" library="BuiltIn">
<arg>${linktext}</arg>
<doc>Logs the given message to the console.</doc>
<status status="PASS" starttime="20231019 16:01:07.891" endtime="20231019 16:01:07.891"/>
</kw>
<status status="PASS" starttime="20231019 16:01:07.868" endtime="20231019 16:01:07.891"/>
</iter>
<iter>
<var name="${i}">212</var>
<kw name="Get Text" library="SeleniumLibrary">
<var>${linktext}</var>
<arg>xpath:(//a)[${i}]</arg>
<doc>Returns the text value of the element identified by ``locator``.</doc>
<msg timestamp="20231019 16:01:07.914" level="INFO">${linktext} = 85,816,199</msg>
<status status="PASS" starttime="20231019 16:01:07.892" endtime="20231019 16:01:07.914"/>
</kw>
<kw name="Log To Console" library="BuiltIn">
<arg>${linktext}</arg>
<doc>Logs the given message to the console.</doc>
<status status="PASS" starttime="20231019 16:01:07.914" endtime="20231019 16:01:07.915"/>
</kw>
<status status="PASS" starttime="20231019 16:01:07.892" endtime="20231019 16:01:07.915"/>
</iter>
<iter>
<var name="${i}">213</var>
<kw name="Get Text" library="SeleniumLibrary">
<var>${linktext}</var>
<arg>xpath:(//a)[${i}]</arg>
<doc>Returns the text value of the element identified by ``locator``.</doc>
<msg timestamp="20231019 16:01:07.938" level="INFO">${linktext} = 6,516,100</msg>
<status status="PASS" starttime="20231019 16:01:07.915" endtime="20231019 16:01:07.938"/>
</kw>
<kw name="Log To Console" library="BuiltIn">
<arg>${linktext}</arg>
<doc>Logs the given message to the console.</doc>
<status status="PASS" starttime="20231019 16:01:07.938" endtime="20231019 16:01:07.938"/>
</kw>
<status status="PASS" starttime="20231019 16:01:07.915" endtime="20231019 16:01:07.938"/>
</iter>
<iter>
<var name="${i}">214</var>
<kw name="Get Text" library="SeleniumLibrary">
<var>${linktext}</var>
<arg>xpath:(//a)[${i}]</arg>
<doc>Returns the text value of the element identified by ``locator``.</doc>
<msg timestamp="20231019 16:01:07.962" level="INFO">${linktext} = 11,396</msg>
<status status="PASS" starttime="20231019 16:01:07.939" endtime="20231019 16:01:07.962"/>
</kw>
<kw name="Log To Console" library="BuiltIn">
<arg>${linktext}</arg>
<doc>Logs the given message to the console.</doc>
<status status="PASS" starttime="20231019 16:01:07.963" endtime="20231019 16:01:07.963"/>
</kw>
<status status="PASS" starttime="20231019 16:01:07.938" endtime="20231019 16:01:07.963"/>
</iter>
<iter>
<var name="${i}">215</var>
<kw name="Get Text" library="SeleniumLibrary">
<var>${linktext}</var>
<arg>xpath:(//a)[${i}]</arg>
<doc>Returns the text value of the element identified by ``locator``.</doc>
<msg timestamp="20231019 16:01:07.990" level="INFO">${linktext} = 48,582,334</msg>
<status status="PASS" starttime="20231019 16:01:07.964" endtime="20231019 16:01:07.990"/>
</kw>
<kw name="Log To Console" library="BuiltIn">
<arg>${linktext}</arg>
<doc>Logs the given message to the console.</doc>
<status status="PASS" starttime="20231019 16:01:07.990" endtime="20231019 16:01:07.991"/>
</kw>
<status status="PASS" starttime="20231019 16:01:07.964" endtime="20231019 16:01:07.991"/>
</iter>
<iter>
<var name="${i}">216</var>
<kw name="Get Text" library="SeleniumLibrary">
<var>${linktext}</var>
<arg>xpath:(//a)[${i}]</arg>
<doc>Returns the text value of the element identified by ``locator``.</doc>
<msg timestamp="20231019 16:01:08.022" level="INFO">${linktext} = 36,744,634</msg>
<status status="PASS" starttime="20231019 16:01:07.991" endtime="20231019 16:01:08.022"/>
</kw>
<kw name="Log To Console" library="BuiltIn">
<arg>${linktext}</arg>
<doc>Logs the given message to the console.</doc>
<status status="PASS" starttime="20231019 16:01:08.022" endtime="20231019 16:01:08.022"/>
</kw>
<status status="PASS" starttime="20231019 16:01:07.991" endtime="20231019 16:01:08.022"/>
</iter>
<iter>
<var name="${i}">217</var>
<kw name="Get Text" library="SeleniumLibrary">
<var>${linktext}</var>
<arg>xpath:(//a)[${i}]</arg>
<doc>Returns the text value of the element identified by ``locator``.</doc>
<msg timestamp="20231019 16:01:08.050" level="INFO">${linktext} = 9,516,871</msg>
<status status="PASS" starttime="20231019 16:01:08.023" endtime="20231019 16:01:08.050"/>
</kw>
<kw name="Log To Console" library="BuiltIn">
<arg>${linktext}</arg>
<doc>Logs the given message to the console.</doc>
<status status="PASS" starttime="20231019 16:01:08.050" endtime="20231019 16:01:08.051"/>
</kw>
<status status="PASS" starttime="20231019 16:01:08.023" endtime="20231019 16:01:08.051"/>
</iter>
<iter>
<var name="${i}">218</var>
<kw name="Get Text" library="SeleniumLibrary">
<var>${linktext}</var>
<arg>xpath:(//a)[${i}]</arg>
<doc>Returns the text value of the element identified by ``locator``.</doc>
<msg timestamp="20231019 16:01:08.078" level="INFO">${linktext} = 67,736,802</msg>
<status status="PASS" starttime="20231019 16:01:08.051" endtime="20231019 16:01:08.078"/>
</kw>
<kw name="Log To Console" library="BuiltIn">
<arg>${linktext}</arg>
<doc>Logs the given message to the console.</doc>
<status status="PASS" starttime="20231019 16:01:08.078" endtime="20231019 16:01:08.078"/>
</kw>
<status status="PASS" starttime="20231019 16:01:08.051" endtime="20231019 16:01:08.079"/>
</iter>
<iter>
<var name="${i}">219</var>
<kw name="Get Text" library="SeleniumLibrary">
<var>${linktext}</var>
<arg>xpath:(//a)[${i}]</arg>
<doc>Returns the text value of the element identified by ``locator``.</doc>
<msg timestamp="20231019 16:01:08.102" level="INFO">${linktext} = 339,996,563</msg>
<status status="PASS" starttime="20231019 16:01:08.079" endtime="20231019 16:01:08.102"/>
</kw>
<kw name="Log To Console" library="BuiltIn">
<arg>${linktext}</arg>
<doc>Logs the given message to the console.</doc>
<status status="PASS" starttime="20231019 16:01:08.102" endtime="20231019 16:01:08.103"/>
</kw>
<status status="PASS" starttime="20231019 16:01:08.079" endtime="20231019 16:01:08.103"/>
</iter>
<iter>
<var name="${i}">220</var>
<kw name="Get Text" library="SeleniumLibrary">
<var>${linktext}</var>
<arg>xpath:(//a)[${i}]</arg>
<doc>Returns the text value of the element identified by ``locator``.</doc>
<msg timestamp="20231019 16:01:08.127" level="INFO">${linktext} = 3,423,108</msg>
<status status="PASS" starttime="20231019 16:01:08.103" endtime="20231019 16:01:08.127"/>
</kw>
<kw name="Log To Console" library="BuiltIn">
<arg>${linktext}</arg>
<doc>Logs the given message to the console.</doc>
<status status="PASS" starttime="20231019 16:01:08.127" endtime="20231019 16:01:08.128"/>
</kw>
<status status="PASS" starttime="20231019 16:01:08.103" endtime="20231019 16:01:08.128"/>
</iter>
<iter>
<var name="${i}">221</var>
<kw name="Get Text" library="SeleniumLibrary">
<var>${linktext}</var>
<arg>xpath:(//a)[${i}]</arg>
<doc>Returns the text value of the element identified by ``locator``.</doc>
<msg timestamp="20231019 16:01:08.154" level="INFO">${linktext} = 35,163,944</msg>
<status status="PASS" starttime="20231019 16:01:08.128" endtime="20231019 16:01:08.154"/>
</kw>
<kw name="Log To Console" library="BuiltIn">
<arg>${linktext}</arg>
<doc>Logs the given message to the console.</doc>
<status status="PASS" starttime="20231019 16:01:08.154" endtime="20231019 16:01:08.154"/>
</kw>
<status status="PASS" starttime="20231019 16:01:08.128" endtime="20231019 16:01:08.155"/>
</iter>
<iter>
<var name="${i}">222</var>
<kw name="Get Text" library="SeleniumLibrary">
<var>${linktext}</var>
<arg>xpath:(//a)[${i}]</arg>
<doc>Returns the text value of the element identified by ``locator``.</doc>
<msg timestamp="20231019 16:01:08.188" level="INFO">${linktext} = 334,506</msg>
<status status="PASS" starttime="20231019 16:01:08.155" endtime="20231019 16:01:08.188"/>
</kw>
<kw name="Log To Console" library="BuiltIn">
<arg>${linktext}</arg>
<doc>Logs the given message to the console.</doc>
<status status="PASS" starttime="20231019 16:01:08.188" endtime="20231019 16:01:08.189"/>
</kw>
<status status="PASS" starttime="20231019 16:01:08.155" endtime="20231019 16:01:08.189"/>
</iter>
<iter>
<var name="${i}">223</var>
<kw name="Get Text" library="SeleniumLibrary">
<var>${linktext}</var>
<arg>xpath:(//a)[${i}]</arg>
<doc>Returns the text value of the element identified by ``locator``.</doc>
<msg timestamp="20231019 16:01:08.220" level="INFO">${linktext} = 28,838,499</msg>
<status status="PASS" starttime="20231019 16:01:08.189" endtime="20231019 16:01:08.220"/>
</kw>
<kw name="Log To Console" library="BuiltIn">
<arg>${linktext}</arg>
<doc>Logs the given message to the console.</doc>
<status status="PASS" starttime="20231019 16:01:08.221" endtime="20231019 16:01:08.221"/>
</kw>
<status status="PASS" starttime="20231019 16:01:08.189" endtime="20231019 16:01:08.221"/>
</iter>
<iter>
<var name="${i}">224</var>
<kw name="Get Text" library="SeleniumLibrary">
<var>${linktext}</var>
<arg>xpath:(//a)[${i}]</arg>
<doc>Returns the text value of the element identified by ``locator``.</doc>
<msg timestamp="20231019 16:01:08.251" level="INFO">${linktext} = 98,858,950</msg>
<status status="PASS" starttime="20231019 16:01:08.221" endtime="20231019 16:01:08.251"/>
</kw>
<kw name="Log To Console" library="BuiltIn">
<arg>${linktext}</arg>
<doc>Logs the given message to the console.</doc>
<status status="PASS" starttime="20231019 16:01:08.251" endtime="20231019 16:01:08.252"/>
</kw>
<status status="PASS" starttime="20231019 16:01:08.221" endtime="20231019 16:01:08.252"/>
</iter>
<iter>
<var name="${i}">225</var>
<kw name="Get Text" library="SeleniumLibrary">
<var>${linktext}</var>
<arg>xpath:(//a)[${i}]</arg>
<doc>Returns the text value of the element identified by ``locator``.</doc>
<msg timestamp="20231019 16:01:08.278" level="INFO">${linktext} = 34,449,825</msg>
<status status="PASS" starttime="20231019 16:01:08.252" endtime="20231019 16:01:08.278"/>
</kw>
<kw name="Log To Console" library="BuiltIn">
<arg>${linktext}</arg>
<doc>Logs the given message to the console.</doc>
<status status="PASS" starttime="20231019 16:01:08.279" endtime="20231019 16:01:08.280"/>
</kw>
<status status="PASS" starttime="20231019 16:01:08.252" endtime="20231019 16:01:08.280"/>
</iter>
<iter>
<var name="${i}">226</var>
<kw name="Get Text" library="SeleniumLibrary">
<var>${linktext}</var>
<arg>xpath:(//a)[${i}]</arg>
<doc>Returns the text value of the element identified by ``locator``.</doc>
<msg timestamp="20231019 16:01:08.304" level="INFO">${linktext} = 20,569,737</msg>
<status status="PASS" starttime="20231019 16:01:08.280" endtime="20231019 16:01:08.305"/>
</kw>
<kw name="Log To Console" library="BuiltIn">
<arg>${linktext}</arg>
<doc>Logs the given message to the console.</doc>
<status status="PASS" starttime="20231019 16:01:08.305" endtime="20231019 16:01:08.305"/>
</kw>
<status status="PASS" starttime="20231019 16:01:08.280" endtime="20231019 16:01:08.305"/>
</iter>
<iter>
<var name="${i}">227</var>
<kw name="Get Text" library="SeleniumLibrary">
<var>${linktext}</var>
<arg>xpath:(//a)[${i}]</arg>
<doc>Returns the text value of the element identified by ``locator``.</doc>
<msg timestamp="20231019 16:01:08.331" level="INFO">${linktext} = 16,665,409</msg>
<status status="PASS" starttime="20231019 16:01:08.306" endtime="20231019 16:01:08.331"/>
</kw>
<kw name="Log To Console" library="BuiltIn">
<arg>${linktext}</arg>
<doc>Logs the given message to the console.</doc>
<status status="PASS" starttime="20231019 16:01:08.332" endtime="20231019 16:01:08.332"/>
</kw>
<status status="PASS" starttime="20231019 16:01:08.305" endtime="20231019 16:01:08.332"/>
</iter>
<iter>
<var name="${i}">228</var>
<kw name="Get Text" library="SeleniumLibrary">
<var>${linktext}</var>
<arg>xpath:(//a)[${i}]</arg>
<doc>Returns the text value of the element identified by ``locator``.</doc>
<msg timestamp="20231019 16:01:08.356" level="INFO">${linktext} = </msg>
<status status="PASS" starttime="20231019 16:01:08.332" endtime="20231019 16:01:08.356"/>
</kw>
<kw name="Log To Console" library="BuiltIn">
<arg>${linktext}</arg>
<doc>Logs the given message to the console.</doc>
<status status="PASS" starttime="20231019 16:01:08.357" endtime="20231019 16:01:08.357"/>
</kw>
<status status="PASS" starttime="20231019 16:01:08.332" endtime="20231019 16:01:08.357"/>
</iter>
<iter>
<var name="${i}">229</var>
<kw name="Get Text" library="SeleniumLibrary">
<var>${linktext}</var>
<arg>xpath:(//a)[${i}]</arg>
<doc>Returns the text value of the element identified by ``locator``.</doc>
<msg timestamp="20231019 16:01:08.383" level="INFO">${linktext} = about</msg>
<status status="PASS" starttime="20231019 16:01:08.357" endtime="20231019 16:01:08.383"/>
</kw>
<kw name="Log To Console" library="BuiltIn">
<arg>${linktext}</arg>
<doc>Logs the given message to the console.</doc>
<status status="PASS" starttime="20231019 16:01:08.384" endtime="20231019 16:01:08.384"/>
</kw>
<status status="PASS" starttime="20231019 16:01:08.357" endtime="20231019 16:01:08.384"/>
</iter>
<iter>
<var name="${i}">230</var>
<kw name="Get Text" library="SeleniumLibrary">
<var>${linktext}</var>
<arg>xpath:(//a)[${i}]</arg>
<doc>Returns the text value of the element identified by ``locator``.</doc>
<msg timestamp="20231019 16:01:08.410" level="INFO">${linktext} = faq</msg>
<status status="PASS" starttime="20231019 16:01:08.384" endtime="20231019 16:01:08.410"/>
</kw>
<kw name="Log To Console" library="BuiltIn">
<arg>${linktext}</arg>
<doc>Logs the given message to the console.</doc>
<status status="PASS" starttime="20231019 16:01:08.410" endtime="20231019 16:01:08.411"/>
</kw>
<status status="PASS" starttime="20231019 16:01:08.384" endtime="20231019 16:01:08.412"/>
</iter>
<iter>
<var name="${i}">231</var>
<kw name="Get Text" library="SeleniumLibrary">
<var>${linktext}</var>
<arg>xpath:(//a)[${i}]</arg>
<doc>Returns the text value of the element identified by ``locator``.</doc>
<msg timestamp="20231019 16:01:08.437" level="INFO">${linktext} = languages</msg>
<status status="PASS" starttime="20231019 16:01:08.413" endtime="20231019 16:01:08.437"/>
</kw>
<kw name="Log To Console" library="BuiltIn">
<arg>${linktext}</arg>
<doc>Logs the given message to the console.</doc>
<status status="PASS" starttime="20231019 16:01:08.438" endtime="20231019 16:01:08.438"/>
</kw>
<status status="PASS" starttime="20231019 16:01:08.412" endtime="20231019 16:01:08.438"/>
</iter>
<iter>
<var name="${i}">232</var>
<kw name="Get Text" library="SeleniumLibrary">
<var>${linktext}</var>
<arg>xpath:(//a)[${i}]</arg>
<doc>Returns the text value of the element identified by ``locator``.</doc>
<msg timestamp="20231019 16:01:08.464" level="INFO">${linktext} = contact</msg>
<status status="PASS" starttime="20231019 16:01:08.438" endtime="20231019 16:01:08.464"/>
</kw>
<kw name="Log To Console" library="BuiltIn">
<arg>${linktext}</arg>
<doc>Logs the given message to the console.</doc>
<status status="PASS" starttime="20231019 16:01:08.464" endtime="20231019 16:01:08.465"/>
</kw>
<status status="PASS" starttime="20231019 16:01:08.438" endtime="20231019 16:01:08.465"/>
</iter>
<iter>
<var name="${i}">233</var>
<kw name="Get Text" library="SeleniumLibrary">
<var>${linktext}</var>
<arg>xpath:(//a)[${i}]</arg>
<doc>Returns the text value of the element identified by ``locator``.</doc>
<msg timestamp="20231019 16:01:08.489" level="INFO">${linktext} = </msg>
<status status="PASS" starttime="20231019 16:01:08.465" endtime="20231019 16:01:08.489"/>
</kw>
<kw name="Log To Console" library="BuiltIn">
<arg>${linktext}</arg>
<doc>Logs the given message to the console.</doc>
<status status="PASS" starttime="20231019 16:01:08.489" endtime="20231019 16:01:08.489"/>
</kw>
<status status="PASS" starttime="20231019 16:01:08.465" endtime="20231019 16:01:08.489"/>
</iter>
<iter>
<var name="${i}">234</var>
<kw name="Get Text" library="SeleniumLibrary">
<var>${linktext}</var>
<arg>xpath:(//a)[${i}]</arg>
<doc>Returns the text value of the element identified by ``locator``.</doc>
<msg timestamp="20231019 16:01:08.518" level="INFO">${linktext} = </msg>
<status status="PASS" starttime="20231019 16:01:08.490" endtime="20231019 16:01:08.518"/>
</kw>
<kw name="Log To Console" library="BuiltIn">
<arg>${linktext}</arg>
<doc>Logs the given message to the console.</doc>
<status status="PASS" starttime="20231019 16:01:08.518" endtime="20231019 16:01:08.518"/>
</kw>
<status status="PASS" starttime="20231019 16:01:08.489" endtime="20231019 16:01:08.518"/>
</iter>
<iter>
<var name="${i}">235</var>
<kw name="Get Text" library="SeleniumLibrary">
<var>${linktext}</var>
<arg>xpath:(//a)[${i}]</arg>
<doc>Returns the text value of the element identified by ``locator``.</doc>
<msg timestamp="20231019 16:01:08.549" level="INFO">${linktext} = </msg>
<status status="PASS" starttime="20231019 16:01:08.519" endtime="20231019 16:01:08.549"/>
</kw>
<kw name="Log To Console" library="BuiltIn">
<arg>${linktext}</arg>
<doc>Logs the given message to the console.</doc>
<status status="PASS" starttime="20231019 16:01:08.549" endtime="20231019 16:01:08.550"/>
</kw>
<status status="PASS" starttime="20231019 16:01:08.519" endtime="20231019 16:01:08.550"/>
</iter>
<iter>
<var name="${i}">236</var>
<kw name="Get Text" library="SeleniumLibrary">
<var>${linktext}</var>
<arg>xpath:(//a)[${i}]</arg>
<doc>Returns the text value of the element identified by ``locator``.</doc>
<msg timestamp="20231019 16:01:08.574" level="INFO">${linktext} = Disclaimer &amp; Privacy Policy</msg>
<status status="PASS" starttime="20231019 16:01:08.550" endtime="20231019 16:01:08.574"/>
</kw>
<kw name="Log To Console" library="BuiltIn">
<arg>${linktext}</arg>
<doc>Logs the given message to the console.</doc>
<status status="PASS" starttime="20231019 16:01:08.575" endtime="20231019 16:01:08.575"/>
</kw>
<status status="PASS" starttime="20231019 16:01:08.550" endtime="20231019 16:01:08.575"/>
</iter>
<status status="PASS" starttime="20231019 16:01:02.742" endtime="20231019 16:01:08.575"/>
</for>
<status status="PASS" starttime="20231019 16:00:57.816" endtime="20231019 16:01:08.575"/>
</test>
<status status="PASS" starttime="20231019 16:00:57.526" endtime="20231019 16:01:08.576"/>
</suite>
<status status="PASS" starttime="20231019 16:00:57.505" endtime="20231019 16:01:08.577"/>
</suite>
<statistics>
<total>
<stat pass="1" fail="0" skip="0">All Tests</stat>
</total>
<tag>
</tag>
<suite>
<stat pass="1" fail="0" skip="0" id="s1" name="Suites">Suites</stat>
<stat pass="1" fail="0" skip="0" id="s1-s1" name="GetAll Links">Suites.GetAll Links</stat>
</suite>
</statistics>
<errors>
</errors>
</robot>
