<?xml version="1.0" encoding="UTF-8"?>
<robot generator="Robot 6.1.1 (Python 3.11.3 on win32)" generated="20231019 15:58:30.023" rpa="false" schemaversion="4">
<suite id="s1" name="Suites">
<suite id="s1-s1" name="Capturescreenshots" source="C:\Users\CBT\PycharmProjects\GodsOwnStay\Testcases\Capturescreenshots.robot">
<test id="s1-s1-t1" name="Capturescreenshots" line="5">
<kw name="Open Browser" library="SeleniumLibrary">
<arg>https://godsownstay.com/</arg>
<arg>chrome</arg>
<doc>Opens a new browser instance to the optional ``url``.</doc>
<msg timestamp="20231019 15:58:30.487" level="INFO">Opening browser 'chrome' to base url 'https://godsownstay.com/'.</msg>
<status status="PASS" starttime="20231019 15:58:30.486" endtime="20231019 15:59:01.625"/>
</kw>
<kw name="Maximize Browser Window" library="SeleniumLibrary">
<doc>Maximizes current browser window.</doc>
<status status="PASS" starttime="20231019 15:59:01.626" endtime="20231019 15:59:02.024"/>
</kw>
<kw name="Sleep" library="BuiltIn">
<arg>3</arg>
<doc>Pauses the test executed for the given time.</doc>
<msg timestamp="20231019 15:59:05.026" level="INFO">Slept 3 seconds</msg>
<status status="PASS" starttime="20231019 15:59:02.024" endtime="20231019 15:59:05.026"/>
</kw>
<kw name="Click Element" library="SeleniumLibrary">
<arg>xpath://span[text()="Close"]</arg>
<doc>Click the element identified by ``locator``.</doc>
<msg timestamp="20231019 15:59:05.027" level="INFO">Clicking element 'xpath://span[text()="Close"]'.</msg>
<status status="PASS" starttime="20231019 15:59:05.026" endtime="20231019 15:59:05.761"/>
</kw>
<kw name="Capture Element Screenshot" library="SeleniumLibrary">
<arg>//*[@id="root"]/div/div/div[1]/div[1]/div[1]/div/img</arg>
<arg>C:/Users/CBT/PycharmProjects/GodsOwnStay/goslogo.png</arg>
<doc>Captures a screenshot from the element identified by ``locator`` and embeds it into log file.</doc>
<msg timestamp="20231019 15:59:06.464" level="INFO" html="true">&lt;/td&gt;&lt;/tr&gt;&lt;tr&gt;&lt;td colspan="3"&gt;&lt;a href="../../../goslogo.png"&gt;&lt;img src="../../../goslogo.png" width="400px"&gt;&lt;/a&gt;</msg>
<status status="PASS" starttime="20231019 15:59:05.761" endtime="20231019 15:59:06.464"/>
</kw>
<kw name="Capture Page Screenshot" library="SeleniumLibrary">
<arg>C:/Users/CBT/PycharmProjects/GodsOwnStay/gospage.png</arg>
<doc>Takes a screenshot of the current page and embeds it into a log file.</doc>
<msg timestamp="20231019 15:59:06.830" level="INFO" html="true">&lt;/td&gt;&lt;/tr&gt;&lt;tr&gt;&lt;td colspan="3"&gt;&lt;a href="../../../gospage.png"&gt;&lt;img src="../../../gospage.png" width="800px"&gt;&lt;/a&gt;</msg>
<status status="PASS" starttime="20231019 15:59:06.464" endtime="20231019 15:59:06.830"/>
</kw>
<kw name="Capture Element Screenshot" library="SeleniumLibrary">
<arg>//*[@id="root"]/div/div/div[1]/div[1]/div[1]/div/img</arg>
<arg>goslogo.png</arg>
<doc>Captures a screenshot from the element identified by ``locator`` and embeds it into log file.</doc>
<msg timestamp="20231019 15:59:07.359" level="INFO" html="true">&lt;/td&gt;&lt;/tr&gt;&lt;tr&gt;&lt;td colspan="3"&gt;&lt;a href="goslogo.png"&gt;&lt;img src="goslogo.png" width="400px"&gt;&lt;/a&gt;</msg>
<status status="PASS" starttime="20231019 15:59:06.830" endtime="20231019 15:59:07.359"/>
</kw>
<kw name="Capture Page Screenshot" library="SeleniumLibrary">
<arg>gospage.png</arg>
<doc>Takes a screenshot of the current page and embeds it into a log file.</doc>
<msg timestamp="20231019 15:59:07.617" level="INFO" html="true">&lt;/td&gt;&lt;/tr&gt;&lt;tr&gt;&lt;td colspan="3"&gt;&lt;a href="gospage.png"&gt;&lt;img src="gospage.png" width="800px"&gt;&lt;/a&gt;</msg>
<status status="PASS" starttime="20231019 15:59:07.360" endtime="20231019 15:59:07.617"/>
</kw>
<status status="PASS" starttime="20231019 15:58:30.485" endtime="20231019 15:59:07.617"/>
</test>
<status status="PASS" starttime="20231019 15:58:30.060" endtime="20231019 15:59:07.618"/>
</suite>
<status status="PASS" starttime="20231019 15:58:30.037" endtime="20231019 15:59:07.619"/>
</suite>
<statistics>
<total>
<stat pass="1" fail="0" skip="0">All Tests</stat>
</total>
<tag>
</tag>
<suite>
<stat pass="1" fail="0" skip="0" id="s1" name="Suites">Suites</stat>
<stat pass="1" fail="0" skip="0" id="s1-s1" name="Capturescreenshots">Suites.Capturescreenshots</stat>
</suite>
</statistics>
<errors>
</errors>
</robot>
