<?xml version="1.0" encoding="UTF-8"?>
<robot generator="Robot 6.1.1 (Python 3.11.3 on win32)" generated="20231019 16:04:12.693" rpa="false" schemaversion="4">
<suite id="s1" name="Suites">
<suite id="s1-s1" name="Userkeywords witharg returnval" source="C:\Users\CBT\PycharmProjects\GodsOwnStay\Testcases\Userkeywords_witharg_returnval.robot">
<test id="s1-s1-t1" name="TC1" line="9">
<kw name="Launch Browser" library="resources">
<var>${Page Title}</var>
<arg>${url}</arg>
<arg>${browser}</arg>
<kw name="Open Browser" library="SeleniumLibrary">
<arg>${appurl}</arg>
<arg>${appbrowser}</arg>
<doc>Opens a new browser instance to the optional ``url``.</doc>
<msg timestamp="20231019 16:04:12.977" level="INFO">Opening browser 'chrome' to base url 'https://www.godsownstay.com/'.</msg>
<status status="PASS" starttime="20231019 16:04:12.976" endtime="20231019 16:04:42.906"/>
</kw>
<kw name="Maximize Browser Window" library="SeleniumLibrary">
<doc>Maximizes current browser window.</doc>
<status status="PASS" starttime="20231019 16:04:42.906" endtime="20231019 16:04:43.407"/>
</kw>
<kw name="Click Element" library="SeleniumLibrary">
<arg>xpath://span[text()=" Login as Admin"]</arg>
<doc>Click the element identified by ``locator``.</doc>
<msg timestamp="20231019 16:04:43.408" level="INFO">Clicking element 'xpath://span[text()=" Login as Admin"]'.</msg>
<status status="PASS" starttime="20231019 16:04:43.407" endtime="20231019 16:04:44.339"/>
</kw>
<kw name="Get Title" library="SeleniumLibrary">
<var>${title}</var>
<doc>Returns the title of the current page.</doc>
<msg timestamp="20231019 16:04:44.348" level="INFO">${title} = God's own stay</msg>
<status status="PASS" starttime="20231019 16:04:44.340" endtime="20231019 16:04:44.348"/>
</kw>
<msg timestamp="20231019 16:04:44.349" level="INFO">${Page Title} = God's own stay</msg>
<status status="PASS" starttime="20231019 16:04:12.976" endtime="20231019 16:04:44.349"/>
</kw>
<kw name="Log To Console" library="BuiltIn">
<arg>${Page Title}</arg>
<doc>Logs the given message to the console.</doc>
<status status="PASS" starttime="20231019 16:04:44.349" endtime="20231019 16:04:44.350"/>
</kw>
<kw name="Input Text" library="SeleniumLibrary">
<arg>xpath://input[@placeholder='Your Username*']</arg>
<arg>raunakali</arg>
<doc>Types the given ``text`` into the text field identified by ``locator``.</doc>
<msg timestamp="20231019 16:04:44.351" level="INFO">Typing text 'raunakali' into text field 'xpath://input[@placeholder='Your Username*']'.</msg>
<status status="PASS" starttime="20231019 16:04:44.350" endtime="20231019 16:04:44.491"/>
</kw>
<kw name="Input Text" library="SeleniumLibrary">
<arg>xpath://input[@placeholder='Your Password']</arg>
<arg>raunak@25</arg>
<doc>Types the given ``text`` into the text field identified by ``locator``.</doc>
<msg timestamp="20231019 16:04:44.492" level="INFO">Typing text 'raunak@25' into text field 'xpath://input[@placeholder='Your Password']'.</msg>
<status status="PASS" starttime="20231019 16:04:44.491" endtime="20231019 16:04:44.633"/>
</kw>
<status status="PASS" starttime="20231019 16:04:12.975" endtime="20231019 16:04:44.633"/>
</test>
<status status="PASS" starttime="20231019 16:04:12.725" endtime="20231019 16:04:44.634"/>
</suite>
<status status="PASS" starttime="20231019 16:04:12.706" endtime="20231019 16:04:44.636"/>
</suite>
<statistics>
<total>
<stat pass="1" fail="0" skip="0">All Tests</stat>
</total>
<tag>
</tag>
<suite>
<stat pass="1" fail="0" skip="0" id="s1" name="Suites">Suites</stat>
<stat pass="1" fail="0" skip="0" id="s1-s1" name="Userkeywords witharg returnval">Suites.Userkeywords witharg returnval</stat>
</suite>
</statistics>
<errors>
</errors>
</robot>
