<?xml version="1.0" encoding="UTF-8"?>
<robot generator="Robot 6.1.1 (Python 3.11.3 on win32)" generated="20231019 15:59:26.504" rpa="false" schemaversion="4">
<suite id="s1" name="Suites">
<suite id="s1-s1" name="DDT3 CSV" source="C:\Users\CBT\PycharmProjects\GodsOwnStay\Testcases\DDT3_CSV.robot">
<test id="s1-s1-t1" name="LoginTest_with_CSVfile" line="10">
<kw name="openmybrowser" library="Login_resources" type="SETUP">
<kw name="Open Browser" library="SeleniumLibrary">
<arg>${LOGIN_URL}</arg>
<arg>${BROWSER}</arg>
<doc>Opens a new browser instance to the optional ``url``.</doc>
<msg timestamp="20231019 15:59:26.962" level="INFO">Opening browser 'chrome' to base url 'https://www.godsownstay.com/'.</msg>
<status status="PASS" starttime="20231019 15:59:26.962" endtime="20231019 15:59:28.585"/>
</kw>
<kw name="Maximize Browser Window" library="SeleniumLibrary">
<doc>Maximizes current browser window.</doc>
<status status="PASS" starttime="20231019 15:59:28.585" endtime="20231019 15:59:57.020"/>
</kw>
<kw name="Click Element" library="SeleniumLibrary">
<arg>//span[text()=" Login as Admin"]</arg>
<doc>Click the element identified by ``locator``.</doc>
<msg timestamp="20231019 15:59:57.022" level="INFO">Clicking element '//span[text()=" Login as Admin"]'.</msg>
<status status="PASS" starttime="20231019 15:59:57.021" endtime="20231019 15:59:57.686"/>
</kw>
<status status="PASS" starttime="20231019 15:59:26.961" endtime="20231019 15:59:57.686"/>
</kw>
<kw name="InvalidLogin">
<arg>raunakali</arg>
<arg>123</arg>
<kw name="Inputusername" library="Login_resources">
<arg>${username}</arg>
<kw name="Input Text" library="SeleniumLibrary">
<arg>xpath://input[@placeholder='Your Username*']</arg>
<arg>${username}</arg>
<doc>Types the given ``text`` into the text field identified by ``locator``.</doc>
<msg timestamp="20231019 15:59:57.691" level="INFO">Typing text 'raunakali' into text field 'xpath://input[@placeholder='Your Username*']'.</msg>
<status status="PASS" starttime="20231019 15:59:57.688" endtime="20231019 15:59:57.828"/>
</kw>
<status status="PASS" starttime="20231019 15:59:57.687" endtime="20231019 15:59:57.828"/>
</kw>
<kw name="Inputpwd" library="Login_resources">
<arg>${password}</arg>
<kw name="Input Text" library="SeleniumLibrary">
<arg>//input[@placeholder='Your Password']</arg>
<arg>${password}</arg>
<doc>Types the given ``text`` into the text field identified by ``locator``.</doc>
<msg timestamp="20231019 15:59:57.830" level="INFO">Typing text '123' into text field '//input[@placeholder='Your Password']'.</msg>
<status status="PASS" starttime="20231019 15:59:57.829" endtime="20231019 15:59:57.934"/>
</kw>
<status status="PASS" starttime="20231019 15:59:57.829" endtime="20231019 15:59:57.934"/>
</kw>
<kw name="Clickloginbutton" library="Login_resources">
<kw name="Click Element" library="SeleniumLibrary">
<arg>xpath://button[text()=" Login"]</arg>
<doc>Click the element identified by ``locator``.</doc>
<msg timestamp="20231019 15:59:57.936" level="INFO">Clicking element 'xpath://button[text()=" Login"]'.</msg>
<status status="PASS" starttime="20231019 15:59:57.935" endtime="20231019 15:59:58.021"/>
</kw>
<status status="PASS" starttime="20231019 15:59:57.935" endtime="20231019 15:59:58.021"/>
</kw>
<kw name="Error message should be visible" library="Login_resources">
<kw name="Page Should Contain" library="SeleniumLibrary">
<arg>Invalid Usename or Password *</arg>
<doc>Verifies that current page contains ``text``.</doc>
<msg timestamp="20231019 15:59:58.060" level="INFO">Current page contains text 'Invalid Usename or Password *'.</msg>
<status status="PASS" starttime="20231019 15:59:58.022" endtime="20231019 15:59:58.061"/>
</kw>
<status status="PASS" starttime="20231019 15:59:58.022" endtime="20231019 15:59:58.061"/>
</kw>
<status status="PASS" starttime="20231019 15:59:57.686" endtime="20231019 15:59:58.061"/>
</kw>
<kw name="Close Browsers" library="Login_resources" type="TEARDOWN">
<kw name="Close Browser" library="SeleniumLibrary">
<doc>Closes the current browser.</doc>
<status status="PASS" starttime="20231019 15:59:58.062" endtime="20231019 16:00:01.331"/>
</kw>
<status status="PASS" starttime="20231019 15:59:58.061" endtime="20231019 16:00:01.331"/>
</kw>
<status status="PASS" starttime="20231019 15:59:26.959" endtime="20231019 16:00:01.331"/>
</test>
<test id="s1-s1-t2" name="LoginTest_with_CSVfile" line="10">
<kw name="openmybrowser" library="Login_resources" type="SETUP">
<kw name="Open Browser" library="SeleniumLibrary">
<arg>${LOGIN_URL}</arg>
<arg>${BROWSER}</arg>
<doc>Opens a new browser instance to the optional ``url``.</doc>
<msg timestamp="20231019 16:00:01.336" level="INFO">Opening browser 'chrome' to base url 'https://www.godsownstay.com/'.</msg>
<status status="PASS" starttime="20231019 16:00:01.335" endtime="20231019 16:00:25.165"/>
</kw>
<kw name="Maximize Browser Window" library="SeleniumLibrary">
<doc>Maximizes current browser window.</doc>
<status status="PASS" starttime="20231019 16:00:25.165" endtime="20231019 16:00:25.581"/>
</kw>
<kw name="Click Element" library="SeleniumLibrary">
<arg>//span[text()=" Login as Admin"]</arg>
<doc>Click the element identified by ``locator``.</doc>
<msg timestamp="20231019 16:00:25.582" level="INFO">Clicking element '//span[text()=" Login as Admin"]'.</msg>
<status status="PASS" starttime="20231019 16:00:25.581" endtime="20231019 16:00:26.445"/>
</kw>
<status status="PASS" starttime="20231019 16:00:01.334" endtime="20231019 16:00:26.445"/>
</kw>
<kw name="InvalidLogin">
<arg>haritha</arg>
<arg>hari</arg>
<kw name="Inputusername" library="Login_resources">
<arg>${username}</arg>
<kw name="Input Text" library="SeleniumLibrary">
<arg>xpath://input[@placeholder='Your Username*']</arg>
<arg>${username}</arg>
<doc>Types the given ``text`` into the text field identified by ``locator``.</doc>
<msg timestamp="20231019 16:00:26.447" level="INFO">Typing text 'haritha' into text field 'xpath://input[@placeholder='Your Username*']'.</msg>
<status status="PASS" starttime="20231019 16:00:26.446" endtime="20231019 16:00:26.579"/>
</kw>
<status status="PASS" starttime="20231019 16:00:26.446" endtime="20231019 16:00:26.580"/>
</kw>
<kw name="Inputpwd" library="Login_resources">
<arg>${password}</arg>
<kw name="Input Text" library="SeleniumLibrary">
<arg>//input[@placeholder='Your Password']</arg>
<arg>${password}</arg>
<doc>Types the given ``text`` into the text field identified by ``locator``.</doc>
<msg timestamp="20231019 16:00:26.581" level="INFO">Typing text 'hari' into text field '//input[@placeholder='Your Password']'.</msg>
<status status="PASS" starttime="20231019 16:00:26.580" endtime="20231019 16:00:26.681"/>
</kw>
<status status="PASS" starttime="20231019 16:00:26.580" endtime="20231019 16:00:26.681"/>
</kw>
<kw name="Clickloginbutton" library="Login_resources">
<kw name="Click Element" library="SeleniumLibrary">
<arg>xpath://button[text()=" Login"]</arg>
<doc>Click the element identified by ``locator``.</doc>
<msg timestamp="20231019 16:00:26.682" level="INFO">Clicking element 'xpath://button[text()=" Login"]'.</msg>
<status status="PASS" starttime="20231019 16:00:26.682" endtime="20231019 16:00:26.745"/>
</kw>
<status status="PASS" starttime="20231019 16:00:26.681" endtime="20231019 16:00:26.746"/>
</kw>
<kw name="Error message should be visible" library="Login_resources">
<kw name="Page Should Contain" library="SeleniumLibrary">
<arg>Invalid Usename or Password *</arg>
<doc>Verifies that current page contains ``text``.</doc>
<msg timestamp="20231019 16:00:26.764" level="INFO">Current page contains text 'Invalid Usename or Password *'.</msg>
<status status="PASS" starttime="20231019 16:00:26.746" endtime="20231019 16:00:26.764"/>
</kw>
<status status="PASS" starttime="20231019 16:00:26.746" endtime="20231019 16:00:26.764"/>
</kw>
<status status="PASS" starttime="20231019 16:00:26.445" endtime="20231019 16:00:26.765"/>
</kw>
<kw name="Close Browsers" library="Login_resources" type="TEARDOWN">
<kw name="Close Browser" library="SeleniumLibrary">
<doc>Closes the current browser.</doc>
<status status="PASS" starttime="20231019 16:00:26.765" endtime="20231019 16:00:29.015"/>
</kw>
<status status="PASS" starttime="20231019 16:00:26.765" endtime="20231019 16:00:29.015"/>
</kw>
<status status="PASS" starttime="20231019 16:00:01.332" endtime="20231019 16:00:29.015"/>
</test>
<test id="s1-s1-t3" name="LoginTest_with_CSVfile" line="10">
<kw name="openmybrowser" library="Login_resources" type="SETUP">
<kw name="Open Browser" library="SeleniumLibrary">
<arg>${LOGIN_URL}</arg>
<arg>${BROWSER}</arg>
<doc>Opens a new browser instance to the optional ``url``.</doc>
<msg timestamp="20231019 16:00:29.019" level="INFO">Opening browser 'chrome' to base url 'https://www.godsownstay.com/'.</msg>
<status status="PASS" starttime="20231019 16:00:29.019" endtime="20231019 16:00:30.484"/>
</kw>
<kw name="Maximize Browser Window" library="SeleniumLibrary">
<doc>Maximizes current browser window.</doc>
<status status="PASS" starttime="20231019 16:00:30.484" endtime="20231019 16:00:53.383"/>
</kw>
<kw name="Click Element" library="SeleniumLibrary">
<arg>//span[text()=" Login as Admin"]</arg>
<doc>Click the element identified by ``locator``.</doc>
<msg timestamp="20231019 16:00:53.383" level="INFO">Clicking element '//span[text()=" Login as Admin"]'.</msg>
<status status="PASS" starttime="20231019 16:00:53.383" endtime="20231019 16:00:53.909"/>
</kw>
<status status="PASS" starttime="20231019 16:00:29.018" endtime="20231019 16:00:53.910"/>
</kw>
<kw name="InvalidLogin">
<arg>Bairavi</arg>
<arg>tiger</arg>
<kw name="Inputusername" library="Login_resources">
<arg>${username}</arg>
<kw name="Input Text" library="SeleniumLibrary">
<arg>xpath://input[@placeholder='Your Username*']</arg>
<arg>${username}</arg>
<doc>Types the given ``text`` into the text field identified by ``locator``.</doc>
<msg timestamp="20231019 16:00:53.911" level="INFO">Typing text 'Bairavi' into text field 'xpath://input[@placeholder='Your Username*']'.</msg>
<status status="PASS" starttime="20231019 16:00:53.911" endtime="20231019 16:00:54.034"/>
</kw>
<status status="PASS" starttime="20231019 16:00:53.910" endtime="20231019 16:00:54.034"/>
</kw>
<kw name="Inputpwd" library="Login_resources">
<arg>${password}</arg>
<kw name="Input Text" library="SeleniumLibrary">
<arg>//input[@placeholder='Your Password']</arg>
<arg>${password}</arg>
<doc>Types the given ``text`` into the text field identified by ``locator``.</doc>
<msg timestamp="20231019 16:00:54.035" level="INFO">Typing text 'tiger' into text field '//input[@placeholder='Your Password']'.</msg>
<status status="PASS" starttime="20231019 16:00:54.035" endtime="20231019 16:00:54.120"/>
</kw>
<status status="PASS" starttime="20231019 16:00:54.034" endtime="20231019 16:00:54.121"/>
</kw>
<kw name="Clickloginbutton" library="Login_resources">
<kw name="Click Element" library="SeleniumLibrary">
<arg>xpath://button[text()=" Login"]</arg>
<doc>Click the element identified by ``locator``.</doc>
<msg timestamp="20231019 16:00:54.122" level="INFO">Clicking element 'xpath://button[text()=" Login"]'.</msg>
<status status="PASS" starttime="20231019 16:00:54.121" endtime="20231019 16:00:54.173"/>
</kw>
<status status="PASS" starttime="20231019 16:00:54.121" endtime="20231019 16:00:54.173"/>
</kw>
<kw name="Error message should be visible" library="Login_resources">
<kw name="Page Should Contain" library="SeleniumLibrary">
<arg>Invalid Usename or Password *</arg>
<doc>Verifies that current page contains ``text``.</doc>
<msg timestamp="20231019 16:00:54.191" level="INFO">Current page contains text 'Invalid Usename or Password *'.</msg>
<status status="PASS" starttime="20231019 16:00:54.174" endtime="20231019 16:00:54.191"/>
</kw>
<status status="PASS" starttime="20231019 16:00:54.173" endtime="20231019 16:00:54.192"/>
</kw>
<status status="PASS" starttime="20231019 16:00:53.910" endtime="20231019 16:00:54.192"/>
</kw>
<kw name="Close Browsers" library="Login_resources" type="TEARDOWN">
<kw name="Close Browser" library="SeleniumLibrary">
<doc>Closes the current browser.</doc>
<status status="PASS" starttime="20231019 16:00:54.193" endtime="20231019 16:00:56.382"/>
</kw>
<status status="PASS" starttime="20231019 16:00:54.192" endtime="20231019 16:00:56.382"/>
</kw>
<status status="PASS" starttime="20231019 16:00:29.016" endtime="20231019 16:00:56.382"/>
</test>
<status status="PASS" starttime="20231019 15:59:26.556" endtime="20231019 16:00:56.383"/>
</suite>
<status status="PASS" starttime="20231019 15:59:26.524" endtime="20231019 16:00:56.384"/>
</suite>
<statistics>
<total>
<stat pass="3" fail="0" skip="0">All Tests</stat>
</total>
<tag>
</tag>
<suite>
<stat pass="3" fail="0" skip="0" id="s1" name="Suites">Suites</stat>
<stat pass="3" fail="0" skip="0" id="s1-s1" name="DDT3 CSV">Suites.DDT3 CSV</stat>
</suite>
</statistics>
<errors>
<msg timestamp="20231019 16:00:01.332" level="WARN">Multiple tests with name 'LoginTest_with_CSVfile' executed in suite 'Suites.DDT3 CSV'.</msg>
<msg timestamp="20231019 16:00:29.016" level="WARN">Multiple tests with name 'LoginTest_with_CSVfile' executed in suite 'Suites.DDT3 CSV'.</msg>
</errors>
</robot>
