<?xml version="1.0" encoding="UTF-8"?>
<robot generator="Robot 6.1.1 (Python 3.11.3 on win32)" generated="20231019 16:02:59.566" rpa="false" schemaversion="4">
<suite id="s1" name="Suites">
<suite id="s1-s1" name="Scrolling page" source="C:\Users\CBT\PycharmProjects\GodsOwnStay\Testcases\Scrolling_page.robot">
<test id="s1-s1-t1" name="Scrolling Test" line="5">
<kw name="Open Browser" library="SeleniumLibrary">
<arg>https://www.worldometers.info/geography/alphabetical-list-of-countries/</arg>
<arg>chrome</arg>
<doc>Opens a new browser instance to the optional ``url``.</doc>
<msg timestamp="20231019 16:02:59.959" level="INFO">Opening browser 'chrome' to base url 'https://www.worldometers.info/geography/alphabetical-list-of-countries/'.</msg>
<status status="PASS" starttime="20231019 16:02:59.958" endtime="20231019 16:03:03.759"/>
</kw>
<kw name="Maximize Browser Window" library="SeleniumLibrary">
<doc>Maximizes current browser window.</doc>
<status status="PASS" starttime="20231019 16:03:03.761" endtime="20231019 16:03:03.890"/>
</kw>
<kw name="Sleep" library="BuiltIn">
<arg>3</arg>
<doc>Pauses the test executed for the given time.</doc>
<msg timestamp="20231019 16:03:06.891" level="INFO">Slept 3 seconds</msg>
<status status="PASS" starttime="20231019 16:03:03.890" endtime="20231019 16:03:06.891"/>
</kw>
<kw name="Execute Javascript" library="SeleniumLibrary">
<arg>window.scrollTo(0,document.body.scrollHeight)</arg>
<doc>Executes the given JavaScript code with possible arguments.</doc>
<msg timestamp="20231019 16:03:06.893" level="INFO">Executing JavaScript:
window.scrollTo(0,document.body.scrollHeight)
Without any arguments.</msg>
<status status="PASS" starttime="20231019 16:03:06.891" endtime="20231019 16:03:06.938"/>
</kw>
<kw name="Sleep" library="BuiltIn">
<arg>5</arg>
<doc>Pauses the test executed for the given time.</doc>
<msg timestamp="20231019 16:03:11.939" level="INFO">Slept 5 seconds</msg>
<status status="PASS" starttime="20231019 16:03:06.939" endtime="20231019 16:03:11.939"/>
</kw>
<kw name="Execute Javascript" library="SeleniumLibrary">
<arg>window.scrollTo(0,-document.body.scrollHeight)</arg>
<doc>Executes the given JavaScript code with possible arguments.</doc>
<msg timestamp="20231019 16:03:11.940" level="INFO">Executing JavaScript:
window.scrollTo(0,-document.body.scrollHeight)
Without any arguments.</msg>
<status status="PASS" starttime="20231019 16:03:11.939" endtime="20231019 16:03:11.955"/>
</kw>
<kw name="Sleep" library="BuiltIn">
<arg>3</arg>
<doc>Pauses the test executed for the given time.</doc>
<msg timestamp="20231019 16:03:14.957" level="INFO">Slept 3 seconds</msg>
<status status="PASS" starttime="20231019 16:03:11.955" endtime="20231019 16:03:14.957"/>
</kw>
<status status="PASS" starttime="20231019 16:02:59.957" endtime="20231019 16:03:14.957"/>
</test>
<status status="PASS" starttime="20231019 16:02:59.607" endtime="20231019 16:03:14.959"/>
</suite>
<status status="PASS" starttime="20231019 16:02:59.580" endtime="20231019 16:03:14.961"/>
</suite>
<statistics>
<total>
<stat pass="1" fail="0" skip="0">All Tests</stat>
</total>
<tag>
</tag>
<suite>
<stat pass="1" fail="0" skip="0" id="s1" name="Suites">Suites</stat>
<stat pass="1" fail="0" skip="0" id="s1-s1" name="Scrolling page">Suites.Scrolling page</stat>
</suite>
</statistics>
<errors>
</errors>
</robot>
