<?xml version="1.0" encoding="UTF-8"?>
<robot generator="Robot 6.1.1 (Python 3.11.3 on win32)" generated="20231019 16:02:04.416" rpa="false" schemaversion="4">
<suite id="s1" name="Suites">
<suite id="s1-s1" name="Inputbox" source="C:\Users\CBT\PycharmProjects\GodsOwnStay\Testcases\Inputbox.robot">
<test id="s1-s1-t1" name="TestingInputBox" line="9">
<kw name="Open Browser" library="SeleniumLibrary">
<arg>http://10.10.20.141:3000/</arg>
<arg>chrome</arg>
<doc>Opens a new browser instance to the optional ``url``.</doc>
<msg timestamp="20231019 16:02:04.857" level="INFO">Opening browser 'chrome' to base url 'http://10.10.20.141:3000/'.</msg>
<msg timestamp="20231019 16:02:10.774" level="INFO" html="true">&lt;/td&gt;&lt;/tr&gt;&lt;tr&gt;&lt;td colspan="3"&gt;&lt;a href="selenium-screenshot-1.png"&gt;&lt;img src="selenium-screenshot-1.png" width="800px"&gt;&lt;/a&gt;</msg>
<msg timestamp="20231019 16:02:10.775" level="FAIL">WebDriverException: Message: unknown error: net::ERR_CONNECTION_REFUSED
  (Session info: chrome=118.0.5993.72)
Stacktrace:
	GetHandleVerifier [0x00007FF683AA8EF2+54786]
	(No symbol) [0x00007FF683A15612]
	(No symbol) [0x00007FF6838CA64B]
	(No symbol) [0x00007FF6838C63F3]
	(No symbol) [0x00007FF6838B971C]
	(No symbol) [0x00007FF6838BA977]
	(No symbol) [0x00007FF6838B9B13]
	(No symbol) [0x00007FF6838B8B8E]
	(No symbol) [0x00007FF6838B8B33]
	(No symbol) [0x00007FF6838B73AA]
	(No symbol) [0x00007FF6838B7CA3]
	(No symbol) [0x00007FF6838CCA5F]
	(No symbol) [0x00007FF683945077]
	(No symbol) [0x00007FF68392BE6A]
	(No symbol) [0x00007FF683944D02]
	(No symbol) [0x00007FF68392BC43]
	(No symbol) [0x00007FF683900941]
	(No symbol) [0x00007FF683901B84]
	GetHandleVerifier [0x00007FF683DF7F52+3524194]
	GetHandleVerifier [0x00007FF683E4D800+3874576]
	GetHandleVerifier [0x00007FF683E45D7F+3843215]
	GetHandleVerifier [0x00007FF683B45086+694166]
	(No symbol) [0x00007FF683A20A88]
	(No symbol) [0x00007FF683A1CA94]
	(No symbol) [0x00007FF683A1CBC2]
	(No symbol) [0x00007FF683A0CC83]
	BaseThreadInitThunk [0x00007FF9615D7034+20]
	RtlUserThreadStart [0x00007FF962362651+33]
</msg>
<status status="FAIL" starttime="20231019 16:02:04.855" endtime="20231019 16:02:10.931"/>
</kw>
<kw name="Maximize Browser Window" library="SeleniumLibrary">
<doc>Maximizes current browser window.</doc>
<status status="NOT RUN" starttime="20231019 16:02:10.931" endtime="20231019 16:02:10.932"/>
</kw>
<kw name="Click Element" library="SeleniumLibrary">
<arg>xpath://div[@class='loginheadbtn']</arg>
<doc>Click the element identified by ``locator``.</doc>
<status status="NOT RUN" starttime="20231019 16:02:10.932" endtime="20231019 16:02:10.933"/>
</kw>
<kw name="Click Element" library="SeleniumLibrary">
<arg>xpath://span[normalize-space()='Login as Admin']</arg>
<doc>Click the element identified by ``locator``.</doc>
<status status="NOT RUN" starttime="20231019 16:02:10.933" endtime="20231019 16:02:10.933"/>
</kw>
<kw name="Set Variable" library="BuiltIn">
<var>${username_txt}</var>
<arg>class:form-control</arg>
<doc>Returns the given values which can then be assigned to a variables.</doc>
<status status="NOT RUN" starttime="20231019 16:02:10.934" endtime="20231019 16:02:10.934"/>
</kw>
<kw name="Element Should Be Visible" library="SeleniumLibrary">
<arg>${username_txt}</arg>
<doc>Verifies that the element identified by ``locator`` is visible.</doc>
<status status="NOT RUN" starttime="20231019 16:02:10.934" endtime="20231019 16:02:10.935"/>
</kw>
<kw name="Element Should Be Enabled" library="SeleniumLibrary">
<arg>${username_txt}</arg>
<doc>Verifies that element identified by ``locator`` is enabled.</doc>
<status status="NOT RUN" starttime="20231019 16:02:10.935" endtime="20231019 16:02:10.935"/>
</kw>
<kw name="Input Text" library="SeleniumLibrary">
<arg>${username_txt}</arg>
<arg>raunakali</arg>
<doc>Types the given ``text`` into the text field identified by ``locator``.</doc>
<status status="NOT RUN" starttime="20231019 16:02:10.935" endtime="20231019 16:02:10.936"/>
</kw>
<kw name="Set Variable" library="BuiltIn">
<var>${password_txt}</var>
<arg>class:form-control</arg>
<doc>Returns the given values which can then be assigned to a variables.</doc>
<status status="NOT RUN" starttime="20231019 16:02:10.936" endtime="20231019 16:02:10.936"/>
</kw>
<kw name="Element Should Be Visible" library="SeleniumLibrary">
<arg>${password_txt}</arg>
<doc>Verifies that the element identified by ``locator`` is visible.</doc>
<status status="NOT RUN" starttime="20231019 16:02:10.937" endtime="20231019 16:02:10.937"/>
</kw>
<kw name="Element Should Be Enabled" library="SeleniumLibrary">
<arg>${password_txt}</arg>
<doc>Verifies that element identified by ``locator`` is enabled.</doc>
<status status="NOT RUN" starttime="20231019 16:02:10.937" endtime="20231019 16:02:10.938"/>
</kw>
<kw name="Input Text" library="SeleniumLibrary">
<arg>${password_txt}</arg>
<arg>raunak@25</arg>
<doc>Types the given ``text`` into the text field identified by ``locator``.</doc>
<status status="NOT RUN" starttime="20231019 16:02:10.938" endtime="20231019 16:02:10.938"/>
</kw>
<kw name="Clear Element Text" library="SeleniumLibrary">
<arg>${password_txt}</arg>
<doc>Clears the value of the text-input-element identified by ``locator``.</doc>
<status status="NOT RUN" starttime="20231019 16:02:10.939" endtime="20231019 16:02:10.939"/>
</kw>
<kw name="Close Browser" library="SeleniumLibrary">
<doc>Closes the current browser.</doc>
<status status="NOT RUN" starttime="20231019 16:02:10.939" endtime="20231019 16:02:10.939"/>
</kw>
<status status="FAIL" starttime="20231019 16:02:04.854" endtime="20231019 16:02:10.941">WebDriverException: Message: unknown error: net::ERR_CONNECTION_REFUSED
  (Session info: chrome=118.0.5993.72)
Stacktrace:
	GetHandleVerifier [0x00007FF683AA8EF2+54786]
	(No symbol) [0x00007FF683A15612]
	(No symbol) [0x00007FF6838CA64B]
	(No symbol) [0x00007FF6838C63F3]
	(No symbol) [0x00007FF6838B971C]
	(No symbol) [0x00007FF6838BA977]
	(No symbol) [0x00007FF6838B9B13]
	(No symbol) [0x00007FF6838B8B8E]
	(No symbol) [0x00007FF6838B8B33]
	(No symbol) [0x00007FF6838B73AA]
	(No symbol) [0x00007FF6838B7CA3]
	(No symbol) [0x00007FF6838CCA5F]
	(No symbol) [0x00007FF683945077]
	(No symbol) [0x00007FF68392BE6A]
	(No symbol) [0x00007FF683944D02]
	(No symbol) [0x00007FF68392BC43]
	(No symbol) [0x00007FF683900941]
	(No symbol) [0x00007FF683901B84]
	GetHandleVerifier [0x00007FF683DF7F52+3524194]
	GetHandleVerifier [0x00007FF683E4D800+3874576]
	GetHandleVerifier [0x00007FF683E45D7F+3843215]
	GetHandleVerifier [0x00007FF683B45086+694166]
	(No symbol) [0x00007FF683A20A88]
	(No symbol) [0x00007FF683A1CA94]
	(No symbol) [0x00007FF683A1CBC2]
	(No symbol) [0x00007FF683A0CC83]
	BaseThreadInitThunk [0x00007FF9615D7034+20]
	RtlUserThreadStart [0x00007FF962362651+33]
</status>
</test>
<status status="FAIL" starttime="20231019 16:02:04.475" endtime="20231019 16:02:10.942"/>
</suite>
<status status="FAIL" starttime="20231019 16:02:04.439" endtime="20231019 16:02:10.944"/>
</suite>
<statistics>
<total>
<stat pass="0" fail="1" skip="0">All Tests</stat>
</total>
<tag>
</tag>
<suite>
<stat pass="0" fail="1" skip="0" id="s1" name="Suites">Suites</stat>
<stat pass="0" fail="1" skip="0" id="s1-s1" name="Inputbox">Suites.Inputbox</stat>
</suite>
</statistics>
<errors>
</errors>
</robot>
