<?xml version="1.0" encoding="UTF-8"?>
<robot generator="Rebot 6.1.1 (Python 3.11.3 on win32)" generated="20231019 16:05:19.630" rpa="false" schemaversion="4">
<suite id="s1" name="Suites">
<suite id="s1-s1" name="Alerts" source="C:\Users\CBT\PycharmProjects\GodsOwnStay\Testcases\alerts.robot">
<test id="s1-s1-t1" name="HandlingAlerts" line="8">
<kw name="Open Browser" library="SeleniumLibrary">
<arg>https://testautomationpractice.blogspot.com/</arg>
<arg>chrome</arg>
<doc>Opens a new browser instance to the optional ``url``.</doc>
<msg timestamp="20231019 15:58:30.491" level="INFO">Opening browser 'chrome' to base url 'https://testautomationpractice.blogspot.com/'.</msg>
<status status="PASS" starttime="20231019 15:58:30.490" endtime="20231019 15:58:37.950"/>
</kw>
<kw name="Maximize Browser Window" library="SeleniumLibrary">
<doc>Maximizes current browser window.</doc>
<status status="PASS" starttime="20231019 15:58:37.950" endtime="20231019 15:58:38.126"/>
</kw>
<kw name="Sleep" library="BuiltIn">
<arg>3</arg>
<doc>Pauses the test executed for the given time.</doc>
<msg timestamp="20231019 15:58:41.128" level="INFO">Slept 3 seconds</msg>
<status status="PASS" starttime="20231019 15:58:38.127" endtime="20231019 15:58:41.128"/>
</kw>
<kw name="Click Element" library="SeleniumLibrary">
<arg>//button[text()="Alert"]</arg>
<doc>Click the element identified by ``locator``.</doc>
<msg timestamp="20231019 15:58:41.130" level="INFO">Clicking element '//button[text()="Alert"]'.</msg>
<status status="PASS" starttime="20231019 15:58:41.128" endtime="20231019 15:58:41.232"/>
</kw>
<kw name="Sleep" library="BuiltIn">
<arg>3</arg>
<doc>Pauses the test executed for the given time.</doc>
<msg timestamp="20231019 15:58:44.233" level="INFO">Slept 3 seconds</msg>
<status status="PASS" starttime="20231019 15:58:41.233" endtime="20231019 15:58:44.233"/>
</kw>
<kw name="Handle Alert" library="SeleniumLibrary">
<arg>leave</arg>
<doc>Handles the current alert and returns its message.</doc>
<msg timestamp="20231019 15:58:44.234" level="INFO">HANDLE::&lt;class 'NoneType'&gt;::None</msg>
<status status="PASS" starttime="20231019 15:58:44.233" endtime="20231019 15:58:44.237"/>
</kw>
<status status="PASS" starttime="20231019 15:58:30.490" endtime="20231019 15:58:44.237"/>
</test>
<status status="PASS" starttime="20231019 15:58:30.060" endtime="20231019 15:58:44.238"/>
</suite>
<suite id="s1-s2" name="Capturescreenshots" source="C:\Users\CBT\PycharmProjects\GodsOwnStay\Testcases\Capturescreenshots.robot">
<test id="s1-s2-t1" name="Capturescreenshots" line="5">
<kw name="Open Browser" library="SeleniumLibrary">
<arg>https://godsownstay.com/</arg>
<arg>chrome</arg>
<doc>Opens a new browser instance to the optional ``url``.</doc>
<msg timestamp="20231019 15:58:30.487" level="INFO">Opening browser 'chrome' to base url 'https://godsownstay.com/'.</msg>
<status status="PASS" starttime="20231019 15:58:30.486" endtime="20231019 15:59:01.625"/>
</kw>
<kw name="Maximize Browser Window" library="SeleniumLibrary">
<doc>Maximizes current browser window.</doc>
<status status="PASS" starttime="20231019 15:59:01.626" endtime="20231019 15:59:02.024"/>
</kw>
<kw name="Sleep" library="BuiltIn">
<arg>3</arg>
<doc>Pauses the test executed for the given time.</doc>
<msg timestamp="20231019 15:59:05.026" level="INFO">Slept 3 seconds</msg>
<status status="PASS" starttime="20231019 15:59:02.024" endtime="20231019 15:59:05.026"/>
</kw>
<kw name="Click Element" library="SeleniumLibrary">
<arg>xpath://span[text()="Close"]</arg>
<doc>Click the element identified by ``locator``.</doc>
<msg timestamp="20231019 15:59:05.027" level="INFO">Clicking element 'xpath://span[text()="Close"]'.</msg>
<status status="PASS" starttime="20231019 15:59:05.026" endtime="20231019 15:59:05.761"/>
</kw>
<kw name="Capture Element Screenshot" library="SeleniumLibrary">
<arg>//*[@id="root"]/div/div/div[1]/div[1]/div[1]/div/img</arg>
<arg>C:/Users/CBT/PycharmProjects/GodsOwnStay/goslogo.png</arg>
<doc>Captures a screenshot from the element identified by ``locator`` and embeds it into log file.</doc>
<msg timestamp="20231019 15:59:06.464" level="INFO" html="true">&lt;/td&gt;&lt;/tr&gt;&lt;tr&gt;&lt;td colspan="3"&gt;&lt;a href="../1-goslogo.png"&gt;&lt;img src="../1-goslogo.png" width="400px"&gt;&lt;/a&gt;</msg>
<status status="PASS" starttime="20231019 15:59:05.761" endtime="20231019 15:59:06.464"/>
</kw>
<kw name="Capture Page Screenshot" library="SeleniumLibrary">
<arg>C:/Users/CBT/PycharmProjects/GodsOwnStay/gospage.png</arg>
<doc>Takes a screenshot of the current page and embeds it into a log file.</doc>
<msg timestamp="20231019 15:59:06.830" level="INFO" html="true">&lt;/td&gt;&lt;/tr&gt;&lt;tr&gt;&lt;td colspan="3"&gt;&lt;a href="../1-gospage.png"&gt;&lt;img src="../1-gospage.png" width="800px"&gt;&lt;/a&gt;</msg>
<status status="PASS" starttime="20231019 15:59:06.464" endtime="20231019 15:59:06.830"/>
</kw>
<kw name="Capture Element Screenshot" library="SeleniumLibrary">
<arg>//*[@id="root"]/div/div/div[1]/div[1]/div[1]/div/img</arg>
<arg>goslogo.png</arg>
<doc>Captures a screenshot from the element identified by ``locator`` and embeds it into log file.</doc>
<msg timestamp="20231019 15:59:07.359" level="INFO" html="true">&lt;/td&gt;&lt;/tr&gt;&lt;tr&gt;&lt;td colspan="3"&gt;&lt;a href="1-goslogo.png"&gt;&lt;img src="1-goslogo.png" width="400px"&gt;&lt;/a&gt;</msg>
<status status="PASS" starttime="20231019 15:59:06.830" endtime="20231019 15:59:07.359"/>
</kw>
<kw name="Capture Page Screenshot" library="SeleniumLibrary">
<arg>gospage.png</arg>
<doc>Takes a screenshot of the current page and embeds it into a log file.</doc>
<msg timestamp="20231019 15:59:07.617" level="INFO" html="true">&lt;/td&gt;&lt;/tr&gt;&lt;tr&gt;&lt;td colspan="3"&gt;&lt;a href="1-gospage.png"&gt;&lt;img src="1-gospage.png" width="800px"&gt;&lt;/a&gt;</msg>
<status status="PASS" starttime="20231019 15:59:07.360" endtime="20231019 15:59:07.617"/>
</kw>
<status status="PASS" starttime="20231019 15:58:30.485" endtime="20231019 15:59:07.617"/>
</test>
<status status="PASS" starttime="20231019 15:58:30.060" endtime="20231019 15:59:07.618"/>
</suite>
<suite id="s1-s3" name="DBTesting" source="C:\Users\CBT\PycharmProjects\GodsOwnStay\Testcases\DBTesting.robot">
<kw name="Connect To Database" library="DatabaseLibrary" type="SETUP">
<arg>pymysql</arg>
<arg>${DBName}</arg>
<arg>${DBUser}</arg>
<arg>${DBPass}</arg>
<arg>${DBHost}</arg>
<arg>${DBPort}</arg>
<doc>Loads the DB API 2.0 module given `dbapiModuleName` then uses it to
connect to the database using `dbName`, `dbUsername`, and `dbPassword`.</doc>
<msg timestamp="20231019 15:58:47.668" level="INFO">Connecting using : pymysql.connect(db=scott, user=root, passwd=***, host=127.0.0.1, port=3306, charset=None) </msg>
<status status="PASS" starttime="20231019 15:58:47.626" endtime="20231019 15:58:47.862"/>
</kw>
<test id="s1-s3-t1" name="Multiple Records" line="26">
<kw name="Execute Sql Script" library="DatabaseLibrary">
<var>${op}</var>
<arg>./Testdata/mydb_person_insertdata.sql</arg>
<doc>Executes the content of the `sqlScriptFileName` as SQL commands. Useful for setting the database to a known
state before running your tests, or clearing out your test data after running each a test. Set optional input
`sansTran` to True to run command without an explicit transaction commit or rollback.</doc>
<msg timestamp="20231019 15:58:47.896" level="INFO">Executing : Execute SQL Script  |  ./Testdata/mydb_person_insertdata.sql </msg>
<msg timestamp="20231019 15:58:47.896" level="INFO">Executing statement from script file: INSERT INTO scott.person values(123,"B","Jooly")</msg>
<msg timestamp="20231019 15:58:47.953" level="INFO">Executing statement from script file: INSERT INTO scott.person values(456,"K","ganesh")</msg>
<msg timestamp="20231019 15:58:47.955" level="INFO">Executing statement from script file: INSERT INTO scott.person values(123,"Chethan","Kavya")</msg>
<msg timestamp="20231019 15:58:47.957" level="INFO">Executing statement from script file: INSERT INTO scott.person values(123,"akhil","mulla")</msg>
<msg timestamp="20231019 15:58:47.959" level="INFO">Executing statement from script file: INSERT INTO scott.person values(123,"Kiran","AS")</msg>
<msg timestamp="20231019 15:58:47.975" level="INFO">${op} = None</msg>
<status status="PASS" starttime="20231019 15:58:47.863" endtime="20231019 15:58:47.975"/>
</kw>
<kw name="Log To Console" library="BuiltIn">
<arg>${op}</arg>
<doc>Logs the given message to the console.</doc>
<status status="PASS" starttime="20231019 15:58:47.977" endtime="20231019 15:58:47.977"/>
</kw>
<kw name="Should Be Equal As Strings" library="BuiltIn">
<arg>${op}</arg>
<arg>None</arg>
<doc>Fails if objects are unequal after converting them to strings.</doc>
<msg timestamp="20231019 15:58:47.978" level="INFO">Argument types are:
&lt;class 'NoneType'&gt;
&lt;class 'str'&gt;</msg>
<status status="PASS" starttime="20231019 15:58:47.977" endtime="20231019 15:58:47.978"/>
</kw>
<status status="PASS" starttime="20231019 15:58:47.862" endtime="20231019 15:58:47.978"/>
</test>
<test id="s1-s3-t2" name="Check Bairavi record present in person table" line="30">
<kw name="Check If Exists In Database" library="DatabaseLibrary">
<arg>select id from scott.person where first_name="Bairavi";</arg>
<doc>Check if any row would be returned by given the input `selectStatement`. If there are no results, then this will
throw an AssertionError. Set optional input `sansTran` to True to run command without an explicit transaction
commit or rollback. The default error message can be overridden with the `msg` argument.</doc>
<msg timestamp="20231019 15:58:47.979" level="INFO">Executing : Check If Exists In Database  |  select id from scott.person where first_name="Bairavi";</msg>
<msg timestamp="20231019 15:58:47.980" level="INFO">Executing : Query  |  select id from scott.person where first_name="Bairavi"; </msg>
<msg timestamp="20231019 15:58:48.003" level="FAIL">Expected to have have at least one row, but got 0 rows from: 'select id from scott.person where first_name="Bairavi";'</msg>
<status status="FAIL" starttime="20231019 15:58:47.979" endtime="20231019 15:58:48.029"/>
</kw>
<status status="FAIL" starttime="20231019 15:58:47.978" endtime="20231019 15:58:48.029">Expected to have have at least one row, but got 0 rows from: 'select id from scott.person where first_name="Bairavi";'</status>
</test>
<test id="s1-s3-t3" name="Check David record not present in person table" line="32">
<kw name="Check If Not Exists In Database" library="DatabaseLibrary">
<arg>select id from scott.person where first_name="David";</arg>
<doc>This is the negation of `check_if_exists_in_database`.</doc>
<msg timestamp="20231019 15:58:48.031" level="INFO">Executing : Check If Not Exists In Database  |  select id from scott.person where first_name="David";</msg>
<msg timestamp="20231019 15:58:48.031" level="INFO">Executing : Query  |  select id from scott.person where first_name="David"; </msg>
<status status="PASS" starttime="20231019 15:58:48.030" endtime="20231019 15:58:48.031"/>
</kw>
<status status="PASS" starttime="20231019 15:58:48.030" endtime="20231019 15:58:48.032"/>
</test>
<test id="s1-s3-t4" name="Check person table exists in scott database" line="35">
<kw name="Table Must Exist" library="DatabaseLibrary">
<arg>person</arg>
<doc>Check if the table given exists in the database. Set optional input `sansTran` to True to run command without an
explicit transaction commit or rollback. The default error message can be overridden with the `msg` argument.</doc>
<msg timestamp="20231019 15:58:48.033" level="INFO">Executing : Table Must Exist  |  person </msg>
<msg timestamp="20231019 15:58:48.033" level="INFO">Executing : Row Count  |  SELECT * FROM information_schema.tables WHERE table_name='person' </msg>
<status status="PASS" starttime="20231019 15:58:48.032" endtime="20231019 15:58:48.081"/>
</kw>
<status status="PASS" starttime="20231019 15:58:48.032" endtime="20231019 15:58:48.081"/>
</test>
<test id="s1-s3-t5" name="Verify row count is zero" line="38">
<kw name="Row Count Is 0" library="DatabaseLibrary">
<arg>select id from scott.person where first_name="K";</arg>
<doc>Check if any rows are returned from the submitted `selectStatement`. If there are, then this will throw an
AssertionError. Set optional input `sansTran` to True to run command without an explicit transaction commit or
rollback. The default error message can be overridden with the `msg` argument.</doc>
<msg timestamp="20231019 15:58:48.082" level="INFO">Executing : Row Count Is 0  |  selectStatement</msg>
<msg timestamp="20231019 15:58:48.083" level="INFO">Executing : Row Count  |  select id from scott.person where first_name="K"; </msg>
<msg timestamp="20231019 15:58:48.083" level="FAIL">Expected 0 rows, but 1 were returned from: 'select id from scott.person where first_name="K";'</msg>
<status status="FAIL" starttime="20231019 15:58:48.082" endtime="20231019 15:58:48.085"/>
</kw>
<status status="FAIL" starttime="20231019 15:58:48.082" endtime="20231019 15:58:48.085">Expected 0 rows, but 1 were returned from: 'select id from scott.person where first_name="K";'</status>
</test>
<test id="s1-s3-t6" name="Verify row count is equal to some value" line="41">
<kw name="Row Count Is Equal To X" library="DatabaseLibrary">
<arg>SELECT * FROM scott.person WHERE first_name="Kiran";</arg>
<arg>1</arg>
<doc>Check if the number of rows returned from `selectStatement` is equal to the value submitted. If not, then this
will throw an AssertionError. Set optional input `sansTran` to True to run command without an explicit
transaction commit or rollback. The default error message can be overridden with the `msg` argument.</doc>
<msg timestamp="20231019 15:58:48.087" level="INFO">Executing : Row Count Is Equal To X  |  SELECT * FROM scott.person WHERE first_name="Kiran";  |  1</msg>
<msg timestamp="20231019 15:58:48.087" level="INFO">Executing : Row Count  |  SELECT * FROM scott.person WHERE first_name="Kiran"; </msg>
<status status="PASS" starttime="20231019 15:58:48.086" endtime="20231019 15:58:48.088"/>
</kw>
<status status="PASS" starttime="20231019 15:58:48.086" endtime="20231019 15:58:48.088"/>
</test>
<test id="s1-s3-t7" name="Verify row count is greater than some value" line="44">
<kw name="Row Count Is Greater Than X" library="DatabaseLibrary">
<arg>select id from scott.person where first_name="Bairavi";</arg>
<arg>0</arg>
<doc>Check if the number of rows returned from `selectStatement` is greater than the value submitted. If not, then
this will throw an AssertionError. Set optional input `sansTran` to True to run command without an explicit
transaction commit or rollback. The default error message can be overridden with the `msg` argument.</doc>
<msg timestamp="20231019 15:58:48.090" level="INFO">Executing : Row Count Is Greater Than X  |  select id from scott.person where first_name="Bairavi";  |  0</msg>
<msg timestamp="20231019 15:58:48.090" level="INFO">Executing : Row Count  |  select id from scott.person where first_name="Bairavi"; </msg>
<msg timestamp="20231019 15:58:48.090" level="FAIL">Expected more than 0 rows, but 0 were returned from 'select id from scott.person where first_name="Bairavi";'</msg>
<status status="FAIL" starttime="20231019 15:58:48.089" endtime="20231019 15:58:48.091"/>
</kw>
<status status="FAIL" starttime="20231019 15:58:48.089" endtime="20231019 15:58:48.091">Expected more than 0 rows, but 0 were returned from 'select id from scott.person where first_name="Bairavi";'</status>
</test>
<test id="s1-s3-t8" name="Verify row coount is less than some value" line="47">
<kw name="Row Count Is Less Than X" library="DatabaseLibrary">
<arg>select id from scott.person where first_name="Bairavi";</arg>
<arg>4</arg>
<doc>Check if the number of rows returned from `selectStatement` is less than the value submitted. If not, then this
will throw an AssertionError. Set optional input `sansTran` to True to run command without an explicit
transaction commit or rollback.</doc>
<msg timestamp="20231019 15:58:48.092" level="INFO">Executing : Row Count Is Less Than X  |  select id from scott.person where first_name="Bairavi";  |  4</msg>
<msg timestamp="20231019 15:58:48.092" level="INFO">Executing : Row Count  |  select id from scott.person where first_name="Bairavi"; </msg>
<status status="PASS" starttime="20231019 15:58:48.091" endtime="20231019 15:58:48.092"/>
</kw>
<status status="PASS" starttime="20231019 15:58:48.091" endtime="20231019 15:58:48.093"/>
</test>
<test id="s1-s3-t9" name="Update record in person table" line="50">
<kw name="Execute Sql String" library="DatabaseLibrary">
<var>${op}</var>
<arg>Update scott.person set last_name='tellodu' where id=777;</arg>
<doc>Executes the sqlString as SQL commands. Useful to pass arguments to your sql. Set optional input `sansTran` to
True to run command without an explicit transaction commit or rollback.</doc>
<msg timestamp="20231019 15:58:48.094" level="INFO">Executing : Execute SQL String  |  Update scott.person set last_name='tellodu' where id=777; </msg>
<msg timestamp="20231019 15:58:48.095" level="INFO">${op} = None</msg>
<status status="PASS" starttime="20231019 15:58:48.093" endtime="20231019 15:58:48.095"/>
</kw>
<kw name="Log To Console" library="BuiltIn">
<arg>${op}</arg>
<doc>Logs the given message to the console.</doc>
<status status="PASS" starttime="20231019 15:58:48.095" endtime="20231019 15:58:48.096"/>
</kw>
<kw name="Should Be Equal As Strings" library="BuiltIn">
<arg>${op}</arg>
<arg>None</arg>
<doc>Fails if objects are unequal after converting them to strings.</doc>
<msg timestamp="20231019 15:58:48.096" level="INFO">Argument types are:
&lt;class 'NoneType'&gt;
&lt;class 'str'&gt;</msg>
<status status="PASS" starttime="20231019 15:58:48.096" endtime="20231019 15:58:48.096"/>
</kw>
<status status="PASS" starttime="20231019 15:58:48.093" endtime="20231019 15:58:48.096"/>
</test>
<test id="s1-s3-t10" name="Retrieve records from person table" line="55">
<kw name="Execute Sql String" library="DatabaseLibrary">
<var>${output}</var>
<arg>SELECT * FROM person;</arg>
<doc>Executes the sqlString as SQL commands. Useful to pass arguments to your sql. Set optional input `sansTran` to
True to run command without an explicit transaction commit or rollback.</doc>
<msg timestamp="20231019 15:58:48.097" level="INFO">Executing : Execute SQL String  |  SELECT * FROM person; </msg>
<msg timestamp="20231019 15:58:48.098" level="INFO">${output} = None</msg>
<status status="PASS" starttime="20231019 15:58:48.097" endtime="20231019 15:58:48.098"/>
</kw>
<kw name="Log" library="BuiltIn">
<arg>${output}</arg>
<doc>Logs the given message with the given level.</doc>
<msg timestamp="20231019 15:58:48.099" level="INFO">None</msg>
<status status="PASS" starttime="20231019 15:58:48.098" endtime="20231019 15:58:48.099"/>
</kw>
<kw name="Should Be Equal As Strings" library="BuiltIn">
<arg>${output}</arg>
<arg>None</arg>
<doc>Fails if objects are unequal after converting them to strings.</doc>
<msg timestamp="20231019 15:58:48.099" level="INFO">Argument types are:
&lt;class 'NoneType'&gt;
&lt;class 'str'&gt;</msg>
<status status="PASS" starttime="20231019 15:58:48.099" endtime="20231019 15:58:48.099"/>
</kw>
<status status="PASS" starttime="20231019 15:58:48.096" endtime="20231019 15:58:48.099"/>
</test>
<test id="s1-s3-t11" name="Delete record from person table" line="60">
<kw name="Execute Sql String" library="DatabaseLibrary">
<var>${op}</var>
<arg>delete from scott.person;</arg>
<doc>Executes the sqlString as SQL commands. Useful to pass arguments to your sql. Set optional input `sansTran` to
True to run command without an explicit transaction commit or rollback.</doc>
<msg timestamp="20231019 15:58:48.100" level="INFO">Executing : Execute SQL String  |  delete from scott.person; </msg>
<msg timestamp="20231019 15:58:48.106" level="INFO">${op} = None</msg>
<status status="PASS" starttime="20231019 15:58:48.100" endtime="20231019 15:58:48.106"/>
</kw>
<kw name="Should Be Equal As Strings" library="BuiltIn">
<arg>${op}</arg>
<arg>None</arg>
<doc>Fails if objects are unequal after converting them to strings.</doc>
<msg timestamp="20231019 15:58:48.106" level="INFO">Argument types are:
&lt;class 'NoneType'&gt;
&lt;class 'str'&gt;</msg>
<status status="PASS" starttime="20231019 15:58:48.106" endtime="20231019 15:58:48.107"/>
</kw>
<status status="PASS" starttime="20231019 15:58:48.099" endtime="20231019 15:58:48.107"/>
</test>
<kw name="Disconnect From Database" library="DatabaseLibrary" type="TEARDOWN">
<doc>Disconnects from the database.
By default it's not an error if there was no open database connection -
suitable for usage as a teardown.
However you can enforce it using the `error_if_no_connection` parameter.</doc>
<msg timestamp="20231019 15:58:48.108" level="INFO">Executing : Disconnect From Database</msg>
<status status="PASS" starttime="20231019 15:58:48.107" endtime="20231019 15:58:48.108"/>
</kw>
<status status="FAIL" starttime="20231019 15:58:47.587" endtime="20231019 15:58:48.108"/>
</suite>
<suite id="s1-s4" name="DDT1" source="C:\Users\CBT\PycharmProjects\GodsOwnStay\Testcases\DDT1.robot">
<kw name="openmybrowser" library="Login_resources" type="SETUP">
<kw name="Open Browser" library="SeleniumLibrary">
<arg>${LOGIN_URL}</arg>
<arg>${BROWSER}</arg>
<doc>Opens a new browser instance to the optional ``url``.</doc>
<msg timestamp="20231019 15:58:49.419" level="INFO">Opening browser 'chrome' to base url 'https://www.godsownstay.com/'.</msg>
<status status="PASS" starttime="20231019 15:58:49.418" endtime="20231019 15:58:51.154"/>
</kw>
<kw name="Maximize Browser Window" library="SeleniumLibrary">
<doc>Maximizes current browser window.</doc>
<status status="PASS" starttime="20231019 15:58:51.154" endtime="20231019 15:59:15.741"/>
</kw>
<kw name="Click Element" library="SeleniumLibrary">
<arg>//span[text()=" Login as Admin"]</arg>
<doc>Click the element identified by ``locator``.</doc>
<msg timestamp="20231019 15:59:15.742" level="INFO">Clicking element '//span[text()=" Login as Admin"]'.</msg>
<status status="PASS" starttime="20231019 15:59:15.741" endtime="20231019 15:59:16.601"/>
</kw>
<status status="PASS" starttime="20231019 15:58:49.417" endtime="20231019 15:59:16.601"/>
</kw>
<test id="s1-s4-t1" name="Right_username_empty_pwd" line="10">
<kw name="InvalidLogin">
<arg>raunakali</arg>
<arg>${EMPTY}</arg>
<kw name="Inputusername" library="Login_resources">
<arg>${username}</arg>
<kw name="Input Text" library="SeleniumLibrary">
<arg>xpath://input[@placeholder='Your Username*']</arg>
<arg>${username}</arg>
<doc>Types the given ``text`` into the text field identified by ``locator``.</doc>
<msg timestamp="20231019 15:59:16.604" level="INFO">Typing text 'raunakali' into text field 'xpath://input[@placeholder='Your Username*']'.</msg>
<status status="PASS" starttime="20231019 15:59:16.604" endtime="20231019 15:59:17.013"/>
</kw>
<status status="PASS" starttime="20231019 15:59:16.603" endtime="20231019 15:59:17.013"/>
</kw>
<kw name="Inputpwd" library="Login_resources">
<arg>${password}</arg>
<kw name="Input Text" library="SeleniumLibrary">
<arg>//input[@placeholder='Your Password']</arg>
<arg>${password}</arg>
<doc>Types the given ``text`` into the text field identified by ``locator``.</doc>
<msg timestamp="20231019 15:59:17.015" level="INFO">Typing text '' into text field '//input[@placeholder='Your Password']'.</msg>
<status status="PASS" starttime="20231019 15:59:17.014" endtime="20231019 15:59:17.122"/>
</kw>
<status status="PASS" starttime="20231019 15:59:17.013" endtime="20231019 15:59:17.122"/>
</kw>
<kw name="Clickloginbutton" library="Login_resources">
<kw name="Click Element" library="SeleniumLibrary">
<arg>xpath://button[text()=" Login"]</arg>
<doc>Click the element identified by ``locator``.</doc>
<msg timestamp="20231019 15:59:17.124" level="INFO">Clicking element 'xpath://button[text()=" Login"]'.</msg>
<status status="PASS" starttime="20231019 15:59:17.123" endtime="20231019 15:59:17.196"/>
</kw>
<status status="PASS" starttime="20231019 15:59:17.122" endtime="20231019 15:59:17.196"/>
</kw>
<kw name="Error message should be visible" library="Login_resources">
<kw name="Page Should Contain" library="SeleniumLibrary">
<arg>Invalid Usename or Password *</arg>
<doc>Verifies that current page contains ``text``.</doc>
<msg timestamp="20231019 15:59:17.218" level="INFO">Current page contains text 'Invalid Usename or Password *'.</msg>
<status status="PASS" starttime="20231019 15:59:17.197" endtime="20231019 15:59:17.218"/>
</kw>
<status status="PASS" starttime="20231019 15:59:17.197" endtime="20231019 15:59:17.219"/>
</kw>
<status status="PASS" starttime="20231019 15:59:16.602" endtime="20231019 15:59:17.219"/>
</kw>
<status status="PASS" starttime="20231019 15:59:16.602" endtime="20231019 15:59:17.219"/>
</test>
<test id="s1-s4-t2" name="Right_username_wrong_pwd" line="12">
<kw name="InvalidLogin">
<arg>raunakali</arg>
<arg>haritha</arg>
<kw name="Inputusername" library="Login_resources">
<arg>${username}</arg>
<kw name="Input Text" library="SeleniumLibrary">
<arg>xpath://input[@placeholder='Your Username*']</arg>
<arg>${username}</arg>
<doc>Types the given ``text`` into the text field identified by ``locator``.</doc>
<msg timestamp="20231019 15:59:17.223" level="INFO">Typing text 'raunakali' into text field 'xpath://input[@placeholder='Your Username*']'.</msg>
<status status="PASS" starttime="20231019 15:59:17.222" endtime="20231019 15:59:17.338"/>
</kw>
<status status="PASS" starttime="20231019 15:59:17.222" endtime="20231019 15:59:17.338"/>
</kw>
<kw name="Inputpwd" library="Login_resources">
<arg>${password}</arg>
<kw name="Input Text" library="SeleniumLibrary">
<arg>//input[@placeholder='Your Password']</arg>
<arg>${password}</arg>
<doc>Types the given ``text`` into the text field identified by ``locator``.</doc>
<msg timestamp="20231019 15:59:17.340" level="INFO">Typing text 'haritha' into text field '//input[@placeholder='Your Password']'.</msg>
<status status="PASS" starttime="20231019 15:59:17.339" endtime="20231019 15:59:17.452"/>
</kw>
<status status="PASS" starttime="20231019 15:59:17.338" endtime="20231019 15:59:17.452"/>
</kw>
<kw name="Clickloginbutton" library="Login_resources">
<kw name="Click Element" library="SeleniumLibrary">
<arg>xpath://button[text()=" Login"]</arg>
<doc>Click the element identified by ``locator``.</doc>
<msg timestamp="20231019 15:59:17.454" level="INFO">Clicking element 'xpath://button[text()=" Login"]'.</msg>
<status status="PASS" starttime="20231019 15:59:17.453" endtime="20231019 15:59:17.505"/>
</kw>
<status status="PASS" starttime="20231019 15:59:17.453" endtime="20231019 15:59:17.506"/>
</kw>
<kw name="Error message should be visible" library="Login_resources">
<kw name="Page Should Contain" library="SeleniumLibrary">
<arg>Invalid Usename or Password *</arg>
<doc>Verifies that current page contains ``text``.</doc>
<msg timestamp="20231019 15:59:17.522" level="INFO">Current page contains text 'Invalid Usename or Password *'.</msg>
<status status="PASS" starttime="20231019 15:59:17.506" endtime="20231019 15:59:17.522"/>
</kw>
<status status="PASS" starttime="20231019 15:59:17.506" endtime="20231019 15:59:17.522"/>
</kw>
<status status="PASS" starttime="20231019 15:59:17.221" endtime="20231019 15:59:17.522"/>
</kw>
<status status="PASS" starttime="20231019 15:59:17.219" endtime="20231019 15:59:17.522"/>
</test>
<test id="s1-s4-t3" name="Wrong_username_right_pwd" line="14">
<kw name="InvalidLogin">
<arg>haritha</arg>
<arg>raunak@25</arg>
<kw name="Inputusername" library="Login_resources">
<arg>${username}</arg>
<kw name="Input Text" library="SeleniumLibrary">
<arg>xpath://input[@placeholder='Your Username*']</arg>
<arg>${username}</arg>
<doc>Types the given ``text`` into the text field identified by ``locator``.</doc>
<msg timestamp="20231019 15:59:17.524" level="INFO">Typing text 'haritha' into text field 'xpath://input[@placeholder='Your Username*']'.</msg>
<status status="PASS" starttime="20231019 15:59:17.524" endtime="20231019 15:59:17.623"/>
</kw>
<status status="PASS" starttime="20231019 15:59:17.523" endtime="20231019 15:59:17.623"/>
</kw>
<kw name="Inputpwd" library="Login_resources">
<arg>${password}</arg>
<kw name="Input Text" library="SeleniumLibrary">
<arg>//input[@placeholder='Your Password']</arg>
<arg>${password}</arg>
<doc>Types the given ``text`` into the text field identified by ``locator``.</doc>
<msg timestamp="20231019 15:59:17.625" level="INFO">Typing text 'raunak@25' into text field '//input[@placeholder='Your Password']'.</msg>
<status status="PASS" starttime="20231019 15:59:17.624" endtime="20231019 15:59:17.728"/>
</kw>
<status status="PASS" starttime="20231019 15:59:17.623" endtime="20231019 15:59:17.728"/>
</kw>
<kw name="Clickloginbutton" library="Login_resources">
<kw name="Click Element" library="SeleniumLibrary">
<arg>xpath://button[text()=" Login"]</arg>
<doc>Click the element identified by ``locator``.</doc>
<msg timestamp="20231019 15:59:17.730" level="INFO">Clicking element 'xpath://button[text()=" Login"]'.</msg>
<status status="PASS" starttime="20231019 15:59:17.729" endtime="20231019 15:59:17.770"/>
</kw>
<status status="PASS" starttime="20231019 15:59:17.728" endtime="20231019 15:59:17.771"/>
</kw>
<kw name="Error message should be visible" library="Login_resources">
<kw name="Page Should Contain" library="SeleniumLibrary">
<arg>Invalid Usename or Password *</arg>
<doc>Verifies that current page contains ``text``.</doc>
<msg timestamp="20231019 15:59:17.782" level="INFO">Current page contains text 'Invalid Usename or Password *'.</msg>
<status status="PASS" starttime="20231019 15:59:17.771" endtime="20231019 15:59:17.782"/>
</kw>
<status status="PASS" starttime="20231019 15:59:17.771" endtime="20231019 15:59:17.782"/>
</kw>
<status status="PASS" starttime="20231019 15:59:17.523" endtime="20231019 15:59:17.782"/>
</kw>
<status status="PASS" starttime="20231019 15:59:17.523" endtime="20231019 15:59:17.782"/>
</test>
<test id="s1-s4-t4" name="Wrong_username_empty_pwd" line="16">
<kw name="InvalidLogin">
<arg>haritha</arg>
<arg>${EMPTY}</arg>
<kw name="Inputusername" library="Login_resources">
<arg>${username}</arg>
<kw name="Input Text" library="SeleniumLibrary">
<arg>xpath://input[@placeholder='Your Username*']</arg>
<arg>${username}</arg>
<doc>Types the given ``text`` into the text field identified by ``locator``.</doc>
<msg timestamp="20231019 15:59:17.788" level="INFO">Typing text 'haritha' into text field 'xpath://input[@placeholder='Your Username*']'.</msg>
<status status="PASS" starttime="20231019 15:59:17.787" endtime="20231019 15:59:17.881"/>
</kw>
<status status="PASS" starttime="20231019 15:59:17.787" endtime="20231019 15:59:17.881"/>
</kw>
<kw name="Inputpwd" library="Login_resources">
<arg>${password}</arg>
<kw name="Input Text" library="SeleniumLibrary">
<arg>//input[@placeholder='Your Password']</arg>
<arg>${password}</arg>
<doc>Types the given ``text`` into the text field identified by ``locator``.</doc>
<msg timestamp="20231019 15:59:17.883" level="INFO">Typing text '' into text field '//input[@placeholder='Your Password']'.</msg>
<status status="PASS" starttime="20231019 15:59:17.882" endtime="20231019 15:59:17.998"/>
</kw>
<status status="PASS" starttime="20231019 15:59:17.881" endtime="20231019 15:59:17.999"/>
</kw>
<kw name="Clickloginbutton" library="Login_resources">
<kw name="Click Element" library="SeleniumLibrary">
<arg>xpath://button[text()=" Login"]</arg>
<doc>Click the element identified by ``locator``.</doc>
<msg timestamp="20231019 15:59:18.000" level="INFO">Clicking element 'xpath://button[text()=" Login"]'.</msg>
<status status="PASS" starttime="20231019 15:59:17.999" endtime="20231019 15:59:18.037"/>
</kw>
<status status="PASS" starttime="20231019 15:59:17.999" endtime="20231019 15:59:18.037"/>
</kw>
<kw name="Error message should be visible" library="Login_resources">
<kw name="Page Should Contain" library="SeleniumLibrary">
<arg>Invalid Usename or Password *</arg>
<doc>Verifies that current page contains ``text``.</doc>
<msg timestamp="20231019 15:59:18.050" level="INFO">Current page contains text 'Invalid Usename or Password *'.</msg>
<status status="PASS" starttime="20231019 15:59:18.038" endtime="20231019 15:59:18.050"/>
</kw>
<status status="PASS" starttime="20231019 15:59:18.038" endtime="20231019 15:59:18.050"/>
</kw>
<status status="PASS" starttime="20231019 15:59:17.786" endtime="20231019 15:59:18.051"/>
</kw>
<status status="PASS" starttime="20231019 15:59:17.784" endtime="20231019 15:59:18.051"/>
</test>
<test id="s1-s4-t5" name="WWrong_username_wrong_pwd" line="18">
<kw name="InvalidLogin">
<arg>haritha</arg>
<arg>haritha</arg>
<kw name="Inputusername" library="Login_resources">
<arg>${username}</arg>
<kw name="Input Text" library="SeleniumLibrary">
<arg>xpath://input[@placeholder='Your Username*']</arg>
<arg>${username}</arg>
<doc>Types the given ``text`` into the text field identified by ``locator``.</doc>
<msg timestamp="20231019 15:59:18.055" level="INFO">Typing text 'haritha' into text field 'xpath://input[@placeholder='Your Username*']'.</msg>
<status status="PASS" starttime="20231019 15:59:18.054" endtime="20231019 15:59:18.142"/>
</kw>
<status status="PASS" starttime="20231019 15:59:18.053" endtime="20231019 15:59:18.142"/>
</kw>
<kw name="Inputpwd" library="Login_resources">
<arg>${password}</arg>
<kw name="Input Text" library="SeleniumLibrary">
<arg>//input[@placeholder='Your Password']</arg>
<arg>${password}</arg>
<doc>Types the given ``text`` into the text field identified by ``locator``.</doc>
<msg timestamp="20231019 15:59:18.143" level="INFO">Typing text 'haritha' into text field '//input[@placeholder='Your Password']'.</msg>
<status status="PASS" starttime="20231019 15:59:18.143" endtime="20231019 15:59:18.236"/>
</kw>
<status status="PASS" starttime="20231019 15:59:18.142" endtime="20231019 15:59:18.236"/>
</kw>
<kw name="Clickloginbutton" library="Login_resources">
<kw name="Click Element" library="SeleniumLibrary">
<arg>xpath://button[text()=" Login"]</arg>
<doc>Click the element identified by ``locator``.</doc>
<msg timestamp="20231019 15:59:18.237" level="INFO">Clicking element 'xpath://button[text()=" Login"]'.</msg>
<status status="PASS" starttime="20231019 15:59:18.237" endtime="20231019 15:59:18.275"/>
</kw>
<status status="PASS" starttime="20231019 15:59:18.236" endtime="20231019 15:59:18.276"/>
</kw>
<kw name="Error message should be visible" library="Login_resources">
<kw name="Page Should Contain" library="SeleniumLibrary">
<arg>Invalid Usename or Password *</arg>
<doc>Verifies that current page contains ``text``.</doc>
<msg timestamp="20231019 15:59:18.289" level="INFO">Current page contains text 'Invalid Usename or Password *'.</msg>
<status status="PASS" starttime="20231019 15:59:18.276" endtime="20231019 15:59:18.289"/>
</kw>
<status status="PASS" starttime="20231019 15:59:18.276" endtime="20231019 15:59:18.289"/>
</kw>
<status status="PASS" starttime="20231019 15:59:18.052" endtime="20231019 15:59:18.289"/>
</kw>
<status status="PASS" starttime="20231019 15:59:18.052" endtime="20231019 15:59:18.290"/>
</test>
<kw name="Close Browsers" library="Login_resources" type="TEARDOWN">
<kw name="Close Browser" library="SeleniumLibrary">
<doc>Closes the current browser.</doc>
<status status="PASS" starttime="20231019 15:59:18.291" endtime="20231019 15:59:21.507"/>
</kw>
<status status="PASS" starttime="20231019 15:59:18.290" endtime="20231019 15:59:21.507"/>
</kw>
<status status="PASS" starttime="20231019 15:58:49.003" endtime="20231019 15:59:21.507"/>
</suite>
<suite id="s1-s5" name="DDT2 Excel" source="C:\Users\CBT\PycharmProjects\GodsOwnStay\Testcases\DDT2_Excel.robot">
<test id="s1-s5-t1" name="LoginTest_with_Excel" line="10">
<kw name="openmybrowser" library="Login_resources" type="SETUP">
<kw name="Open Browser" library="SeleniumLibrary">
<arg>${LOGIN_URL}</arg>
<arg>${BROWSER}</arg>
<doc>Opens a new browser instance to the optional ``url``.</doc>
<msg timestamp="20231019 15:59:15.252" level="INFO">Opening browser 'chrome' to base url 'https://www.godsownstay.com/'.</msg>
<status status="PASS" starttime="20231019 15:59:15.251" endtime="20231019 15:59:42.895"/>
</kw>
<kw name="Maximize Browser Window" library="SeleniumLibrary">
<doc>Maximizes current browser window.</doc>
<status status="PASS" starttime="20231019 15:59:42.895" endtime="20231019 15:59:43.526"/>
</kw>
<kw name="Click Element" library="SeleniumLibrary">
<arg>//span[text()=" Login as Admin"]</arg>
<doc>Click the element identified by ``locator``.</doc>
<msg timestamp="20231019 15:59:43.528" level="INFO">Clicking element '//span[text()=" Login as Admin"]'.</msg>
<status status="PASS" starttime="20231019 15:59:43.527" endtime="20231019 15:59:44.384"/>
</kw>
<status status="PASS" starttime="20231019 15:59:15.250" endtime="20231019 15:59:44.385"/>
</kw>
<kw name="InvalidLogin">
<arg>raunakali</arg>
<arg>123</arg>
<kw name="Inputusername" library="Login_resources">
<arg>${username}</arg>
<kw name="Input Text" library="SeleniumLibrary">
<arg>xpath://input[@placeholder='Your Username*']</arg>
<arg>${username}</arg>
<doc>Types the given ``text`` into the text field identified by ``locator``.</doc>
<msg timestamp="20231019 15:59:44.387" level="INFO">Typing text 'raunakali' into text field 'xpath://input[@placeholder='Your Username*']'.</msg>
<status status="PASS" starttime="20231019 15:59:44.387" endtime="20231019 15:59:44.551"/>
</kw>
<status status="PASS" starttime="20231019 15:59:44.386" endtime="20231019 15:59:44.552"/>
</kw>
<kw name="Inputpwd" library="Login_resources">
<arg>${password}</arg>
<kw name="Input Text" library="SeleniumLibrary">
<arg>//input[@placeholder='Your Password']</arg>
<arg>${password}</arg>
<doc>Types the given ``text`` into the text field identified by ``locator``.</doc>
<msg timestamp="20231019 15:59:44.553" level="INFO">Typing text '123' into text field '//input[@placeholder='Your Password']'.</msg>
<status status="PASS" starttime="20231019 15:59:44.553" endtime="20231019 15:59:44.668"/>
</kw>
<status status="PASS" starttime="20231019 15:59:44.552" endtime="20231019 15:59:44.668"/>
</kw>
<kw name="Clickloginbutton" library="Login_resources">
<kw name="Click Element" library="SeleniumLibrary">
<arg>xpath://button[text()=" Login"]</arg>
<doc>Click the element identified by ``locator``.</doc>
<msg timestamp="20231019 15:59:44.670" level="INFO">Clicking element 'xpath://button[text()=" Login"]'.</msg>
<status status="PASS" starttime="20231019 15:59:44.669" endtime="20231019 15:59:44.738"/>
</kw>
<status status="PASS" starttime="20231019 15:59:44.668" endtime="20231019 15:59:44.739"/>
</kw>
<kw name="Error message should be visible" library="Login_resources">
<kw name="Page Should Contain" library="SeleniumLibrary">
<arg>Invalid Usename or Password *</arg>
<doc>Verifies that current page contains ``text``.</doc>
<msg timestamp="20231019 15:59:44.765" level="INFO">Current page contains text 'Invalid Usename or Password *'.</msg>
<status status="PASS" starttime="20231019 15:59:44.739" endtime="20231019 15:59:44.765"/>
</kw>
<status status="PASS" starttime="20231019 15:59:44.739" endtime="20231019 15:59:44.765"/>
</kw>
<status status="PASS" starttime="20231019 15:59:44.385" endtime="20231019 15:59:44.765"/>
</kw>
<kw name="Close Browsers" library="Login_resources" type="TEARDOWN">
<kw name="Close Browser" library="SeleniumLibrary">
<doc>Closes the current browser.</doc>
<status status="PASS" starttime="20231019 15:59:44.766" endtime="20231019 15:59:47.022"/>
</kw>
<status status="PASS" starttime="20231019 15:59:44.766" endtime="20231019 15:59:47.022"/>
</kw>
<status status="PASS" starttime="20231019 15:59:15.248" endtime="20231019 15:59:47.022"/>
</test>
<test id="s1-s5-t2" name="LoginTest_with_Excel" line="10">
<kw name="openmybrowser" library="Login_resources" type="SETUP">
<kw name="Open Browser" library="SeleniumLibrary">
<arg>${LOGIN_URL}</arg>
<arg>${BROWSER}</arg>
<doc>Opens a new browser instance to the optional ``url``.</doc>
<msg timestamp="20231019 15:59:47.026" level="INFO">Opening browser 'chrome' to base url 'https://www.godsownstay.com/'.</msg>
<status status="PASS" starttime="20231019 15:59:47.026" endtime="20231019 16:00:11.114"/>
</kw>
<kw name="Maximize Browser Window" library="SeleniumLibrary">
<doc>Maximizes current browser window.</doc>
<status status="PASS" starttime="20231019 16:00:11.114" endtime="20231019 16:00:11.526"/>
</kw>
<kw name="Click Element" library="SeleniumLibrary">
<arg>//span[text()=" Login as Admin"]</arg>
<doc>Click the element identified by ``locator``.</doc>
<msg timestamp="20231019 16:00:11.527" level="INFO">Clicking element '//span[text()=" Login as Admin"]'.</msg>
<status status="PASS" starttime="20231019 16:00:11.527" endtime="20231019 16:00:12.359"/>
</kw>
<status status="PASS" starttime="20231019 15:59:47.025" endtime="20231019 16:00:12.359"/>
</kw>
<kw name="InvalidLogin">
<arg>raunak@123</arg>
<arg>raunak</arg>
<kw name="Inputusername" library="Login_resources">
<arg>${username}</arg>
<kw name="Input Text" library="SeleniumLibrary">
<arg>xpath://input[@placeholder='Your Username*']</arg>
<arg>${username}</arg>
<doc>Types the given ``text`` into the text field identified by ``locator``.</doc>
<msg timestamp="20231019 16:00:12.362" level="INFO">Typing text 'raunak@123' into text field 'xpath://input[@placeholder='Your Username*']'.</msg>
<status status="PASS" starttime="20231019 16:00:12.361" endtime="20231019 16:00:12.499"/>
</kw>
<status status="PASS" starttime="20231019 16:00:12.360" endtime="20231019 16:00:12.499"/>
</kw>
<kw name="Inputpwd" library="Login_resources">
<arg>${password}</arg>
<kw name="Input Text" library="SeleniumLibrary">
<arg>//input[@placeholder='Your Password']</arg>
<arg>${password}</arg>
<doc>Types the given ``text`` into the text field identified by ``locator``.</doc>
<msg timestamp="20231019 16:00:12.501" level="INFO">Typing text 'raunak' into text field '//input[@placeholder='Your Password']'.</msg>
<status status="PASS" starttime="20231019 16:00:12.500" endtime="20231019 16:00:12.614"/>
</kw>
<status status="PASS" starttime="20231019 16:00:12.500" endtime="20231019 16:00:12.614"/>
</kw>
<kw name="Clickloginbutton" library="Login_resources">
<kw name="Click Element" library="SeleniumLibrary">
<arg>xpath://button[text()=" Login"]</arg>
<doc>Click the element identified by ``locator``.</doc>
<msg timestamp="20231019 16:00:12.616" level="INFO">Clicking element 'xpath://button[text()=" Login"]'.</msg>
<status status="PASS" starttime="20231019 16:00:12.615" endtime="20231019 16:00:12.680"/>
</kw>
<status status="PASS" starttime="20231019 16:00:12.615" endtime="20231019 16:00:12.680"/>
</kw>
<kw name="Error message should be visible" library="Login_resources">
<kw name="Page Should Contain" library="SeleniumLibrary">
<arg>Invalid Usename or Password *</arg>
<doc>Verifies that current page contains ``text``.</doc>
<msg timestamp="20231019 16:00:12.700" level="INFO">Current page contains text 'Invalid Usename or Password *'.</msg>
<status status="PASS" starttime="20231019 16:00:12.681" endtime="20231019 16:00:12.700"/>
</kw>
<status status="PASS" starttime="20231019 16:00:12.680" endtime="20231019 16:00:12.700"/>
</kw>
<status status="PASS" starttime="20231019 16:00:12.360" endtime="20231019 16:00:12.700"/>
</kw>
<kw name="Close Browsers" library="Login_resources" type="TEARDOWN">
<kw name="Close Browser" library="SeleniumLibrary">
<doc>Closes the current browser.</doc>
<status status="PASS" starttime="20231019 16:00:12.701" endtime="20231019 16:00:14.950"/>
</kw>
<status status="PASS" starttime="20231019 16:00:12.701" endtime="20231019 16:00:14.950"/>
</kw>
<status status="PASS" starttime="20231019 15:59:47.023" endtime="20231019 16:00:14.950"/>
</test>
<test id="s1-s5-t3" name="LoginTest_with_Excel" line="10">
<kw name="openmybrowser" library="Login_resources" type="SETUP">
<kw name="Open Browser" library="SeleniumLibrary">
<arg>${LOGIN_URL}</arg>
<arg>${BROWSER}</arg>
<doc>Opens a new browser instance to the optional ``url``.</doc>
<msg timestamp="20231019 16:00:14.954" level="INFO">Opening browser 'chrome' to base url 'https://www.godsownstay.com/'.</msg>
<status status="PASS" starttime="20231019 16:00:14.953" endtime="20231019 16:00:39.278"/>
</kw>
<kw name="Maximize Browser Window" library="SeleniumLibrary">
<doc>Maximizes current browser window.</doc>
<status status="PASS" starttime="20231019 16:00:39.279" endtime="20231019 16:00:39.668"/>
</kw>
<kw name="Click Element" library="SeleniumLibrary">
<arg>//span[text()=" Login as Admin"]</arg>
<doc>Click the element identified by ``locator``.</doc>
<msg timestamp="20231019 16:00:39.669" level="INFO">Clicking element '//span[text()=" Login as Admin"]'.</msg>
<status status="PASS" starttime="20231019 16:00:39.669" endtime="20231019 16:00:40.464"/>
</kw>
<status status="PASS" starttime="20231019 16:00:14.953" endtime="20231019 16:00:40.464"/>
</kw>
<kw name="InvalidLogin">
<arg>haritha</arg>
<arg>tiger</arg>
<kw name="Inputusername" library="Login_resources">
<arg>${username}</arg>
<kw name="Input Text" library="SeleniumLibrary">
<arg>xpath://input[@placeholder='Your Username*']</arg>
<arg>${username}</arg>
<doc>Types the given ``text`` into the text field identified by ``locator``.</doc>
<msg timestamp="20231019 16:00:40.467" level="INFO">Typing text 'haritha' into text field 'xpath://input[@placeholder='Your Username*']'.</msg>
<status status="PASS" starttime="20231019 16:00:40.465" endtime="20231019 16:00:40.596"/>
</kw>
<status status="PASS" starttime="20231019 16:00:40.465" endtime="20231019 16:00:40.596"/>
</kw>
<kw name="Inputpwd" library="Login_resources">
<arg>${password}</arg>
<kw name="Input Text" library="SeleniumLibrary">
<arg>//input[@placeholder='Your Password']</arg>
<arg>${password}</arg>
<doc>Types the given ``text`` into the text field identified by ``locator``.</doc>
<msg timestamp="20231019 16:00:40.598" level="INFO">Typing text 'tiger' into text field '//input[@placeholder='Your Password']'.</msg>
<status status="PASS" starttime="20231019 16:00:40.597" endtime="20231019 16:00:40.707"/>
</kw>
<status status="PASS" starttime="20231019 16:00:40.597" endtime="20231019 16:00:40.708"/>
</kw>
<kw name="Clickloginbutton" library="Login_resources">
<kw name="Click Element" library="SeleniumLibrary">
<arg>xpath://button[text()=" Login"]</arg>
<doc>Click the element identified by ``locator``.</doc>
<msg timestamp="20231019 16:00:40.709" level="INFO">Clicking element 'xpath://button[text()=" Login"]'.</msg>
<status status="PASS" starttime="20231019 16:00:40.708" endtime="20231019 16:00:40.791"/>
</kw>
<status status="PASS" starttime="20231019 16:00:40.708" endtime="20231019 16:00:40.791"/>
</kw>
<kw name="Error message should be visible" library="Login_resources">
<kw name="Page Should Contain" library="SeleniumLibrary">
<arg>Invalid Usename or Password *</arg>
<doc>Verifies that current page contains ``text``.</doc>
<msg timestamp="20231019 16:00:40.829" level="INFO">Current page contains text 'Invalid Usename or Password *'.</msg>
<status status="PASS" starttime="20231019 16:00:40.791" endtime="20231019 16:00:40.830"/>
</kw>
<status status="PASS" starttime="20231019 16:00:40.791" endtime="20231019 16:00:40.830"/>
</kw>
<status status="PASS" starttime="20231019 16:00:40.464" endtime="20231019 16:00:40.830"/>
</kw>
<kw name="Close Browsers" library="Login_resources" type="TEARDOWN">
<kw name="Close Browser" library="SeleniumLibrary">
<doc>Closes the current browser.</doc>
<status status="PASS" starttime="20231019 16:00:40.831" endtime="20231019 16:00:43.040"/>
</kw>
<status status="PASS" starttime="20231019 16:00:40.830" endtime="20231019 16:00:43.040"/>
</kw>
<status status="PASS" starttime="20231019 16:00:14.951" endtime="20231019 16:00:43.040"/>
</test>
<status status="PASS" starttime="20231019 15:59:10.908" endtime="20231019 16:00:43.041"/>
</suite>
<suite id="s1-s6" name="DDT3 CSV" source="C:\Users\CBT\PycharmProjects\GodsOwnStay\Testcases\DDT3_CSV.robot">
<test id="s1-s6-t1" name="LoginTest_with_CSVfile" line="10">
<kw name="openmybrowser" library="Login_resources" type="SETUP">
<kw name="Open Browser" library="SeleniumLibrary">
<arg>${LOGIN_URL}</arg>
<arg>${BROWSER}</arg>
<doc>Opens a new browser instance to the optional ``url``.</doc>
<msg timestamp="20231019 15:59:26.962" level="INFO">Opening browser 'chrome' to base url 'https://www.godsownstay.com/'.</msg>
<status status="PASS" starttime="20231019 15:59:26.962" endtime="20231019 15:59:28.585"/>
</kw>
<kw name="Maximize Browser Window" library="SeleniumLibrary">
<doc>Maximizes current browser window.</doc>
<status status="PASS" starttime="20231019 15:59:28.585" endtime="20231019 15:59:57.020"/>
</kw>
<kw name="Click Element" library="SeleniumLibrary">
<arg>//span[text()=" Login as Admin"]</arg>
<doc>Click the element identified by ``locator``.</doc>
<msg timestamp="20231019 15:59:57.022" level="INFO">Clicking element '//span[text()=" Login as Admin"]'.</msg>
<status status="PASS" starttime="20231019 15:59:57.021" endtime="20231019 15:59:57.686"/>
</kw>
<status status="PASS" starttime="20231019 15:59:26.961" endtime="20231019 15:59:57.686"/>
</kw>
<kw name="InvalidLogin">
<arg>raunakali</arg>
<arg>123</arg>
<kw name="Inputusername" library="Login_resources">
<arg>${username}</arg>
<kw name="Input Text" library="SeleniumLibrary">
<arg>xpath://input[@placeholder='Your Username*']</arg>
<arg>${username}</arg>
<doc>Types the given ``text`` into the text field identified by ``locator``.</doc>
<msg timestamp="20231019 15:59:57.691" level="INFO">Typing text 'raunakali' into text field 'xpath://input[@placeholder='Your Username*']'.</msg>
<status status="PASS" starttime="20231019 15:59:57.688" endtime="20231019 15:59:57.828"/>
</kw>
<status status="PASS" starttime="20231019 15:59:57.687" endtime="20231019 15:59:57.828"/>
</kw>
<kw name="Inputpwd" library="Login_resources">
<arg>${password}</arg>
<kw name="Input Text" library="SeleniumLibrary">
<arg>//input[@placeholder='Your Password']</arg>
<arg>${password}</arg>
<doc>Types the given ``text`` into the text field identified by ``locator``.</doc>
<msg timestamp="20231019 15:59:57.830" level="INFO">Typing text '123' into text field '//input[@placeholder='Your Password']'.</msg>
<status status="PASS" starttime="20231019 15:59:57.829" endtime="20231019 15:59:57.934"/>
</kw>
<status status="PASS" starttime="20231019 15:59:57.829" endtime="20231019 15:59:57.934"/>
</kw>
<kw name="Clickloginbutton" library="Login_resources">
<kw name="Click Element" library="SeleniumLibrary">
<arg>xpath://button[text()=" Login"]</arg>
<doc>Click the element identified by ``locator``.</doc>
<msg timestamp="20231019 15:59:57.936" level="INFO">Clicking element 'xpath://button[text()=" Login"]'.</msg>
<status status="PASS" starttime="20231019 15:59:57.935" endtime="20231019 15:59:58.021"/>
</kw>
<status status="PASS" starttime="20231019 15:59:57.935" endtime="20231019 15:59:58.021"/>
</kw>
<kw name="Error message should be visible" library="Login_resources">
<kw name="Page Should Contain" library="SeleniumLibrary">
<arg>Invalid Usename or Password *</arg>
<doc>Verifies that current page contains ``text``.</doc>
<msg timestamp="20231019 15:59:58.060" level="INFO">Current page contains text 'Invalid Usename or Password *'.</msg>
<status status="PASS" starttime="20231019 15:59:58.022" endtime="20231019 15:59:58.061"/>
</kw>
<status status="PASS" starttime="20231019 15:59:58.022" endtime="20231019 15:59:58.061"/>
</kw>
<status status="PASS" starttime="20231019 15:59:57.686" endtime="20231019 15:59:58.061"/>
</kw>
<kw name="Close Browsers" library="Login_resources" type="TEARDOWN">
<kw name="Close Browser" library="SeleniumLibrary">
<doc>Closes the current browser.</doc>
<status status="PASS" starttime="20231019 15:59:58.062" endtime="20231019 16:00:01.331"/>
</kw>
<status status="PASS" starttime="20231019 15:59:58.061" endtime="20231019 16:00:01.331"/>
</kw>
<status status="PASS" starttime="20231019 15:59:26.959" endtime="20231019 16:00:01.331"/>
</test>
<test id="s1-s6-t2" name="LoginTest_with_CSVfile" line="10">
<kw name="openmybrowser" library="Login_resources" type="SETUP">
<kw name="Open Browser" library="SeleniumLibrary">
<arg>${LOGIN_URL}</arg>
<arg>${BROWSER}</arg>
<doc>Opens a new browser instance to the optional ``url``.</doc>
<msg timestamp="20231019 16:00:01.336" level="INFO">Opening browser 'chrome' to base url 'https://www.godsownstay.com/'.</msg>
<status status="PASS" starttime="20231019 16:00:01.335" endtime="20231019 16:00:25.165"/>
</kw>
<kw name="Maximize Browser Window" library="SeleniumLibrary">
<doc>Maximizes current browser window.</doc>
<status status="PASS" starttime="20231019 16:00:25.165" endtime="20231019 16:00:25.581"/>
</kw>
<kw name="Click Element" library="SeleniumLibrary">
<arg>//span[text()=" Login as Admin"]</arg>
<doc>Click the element identified by ``locator``.</doc>
<msg timestamp="20231019 16:00:25.582" level="INFO">Clicking element '//span[text()=" Login as Admin"]'.</msg>
<status status="PASS" starttime="20231019 16:00:25.581" endtime="20231019 16:00:26.445"/>
</kw>
<status status="PASS" starttime="20231019 16:00:01.334" endtime="20231019 16:00:26.445"/>
</kw>
<kw name="InvalidLogin">
<arg>haritha</arg>
<arg>hari</arg>
<kw name="Inputusername" library="Login_resources">
<arg>${username}</arg>
<kw name="Input Text" library="SeleniumLibrary">
<arg>xpath://input[@placeholder='Your Username*']</arg>
<arg>${username}</arg>
<doc>Types the given ``text`` into the text field identified by ``locator``.</doc>
<msg timestamp="20231019 16:00:26.447" level="INFO">Typing text 'haritha' into text field 'xpath://input[@placeholder='Your Username*']'.</msg>
<status status="PASS" starttime="20231019 16:00:26.446" endtime="20231019 16:00:26.579"/>
</kw>
<status status="PASS" starttime="20231019 16:00:26.446" endtime="20231019 16:00:26.580"/>
</kw>
<kw name="Inputpwd" library="Login_resources">
<arg>${password}</arg>
<kw name="Input Text" library="SeleniumLibrary">
<arg>//input[@placeholder='Your Password']</arg>
<arg>${password}</arg>
<doc>Types the given ``text`` into the text field identified by ``locator``.</doc>
<msg timestamp="20231019 16:00:26.581" level="INFO">Typing text 'hari' into text field '//input[@placeholder='Your Password']'.</msg>
<status status="PASS" starttime="20231019 16:00:26.580" endtime="20231019 16:00:26.681"/>
</kw>
<status status="PASS" starttime="20231019 16:00:26.580" endtime="20231019 16:00:26.681"/>
</kw>
<kw name="Clickloginbutton" library="Login_resources">
<kw name="Click Element" library="SeleniumLibrary">
<arg>xpath://button[text()=" Login"]</arg>
<doc>Click the element identified by ``locator``.</doc>
<msg timestamp="20231019 16:00:26.682" level="INFO">Clicking element 'xpath://button[text()=" Login"]'.</msg>
<status status="PASS" starttime="20231019 16:00:26.682" endtime="20231019 16:00:26.745"/>
</kw>
<status status="PASS" starttime="20231019 16:00:26.681" endtime="20231019 16:00:26.746"/>
</kw>
<kw name="Error message should be visible" library="Login_resources">
<kw name="Page Should Contain" library="SeleniumLibrary">
<arg>Invalid Usename or Password *</arg>
<doc>Verifies that current page contains ``text``.</doc>
<msg timestamp="20231019 16:00:26.764" level="INFO">Current page contains text 'Invalid Usename or Password *'.</msg>
<status status="PASS" starttime="20231019 16:00:26.746" endtime="20231019 16:00:26.764"/>
</kw>
<status status="PASS" starttime="20231019 16:00:26.746" endtime="20231019 16:00:26.764"/>
</kw>
<status status="PASS" starttime="20231019 16:00:26.445" endtime="20231019 16:00:26.765"/>
</kw>
<kw name="Close Browsers" library="Login_resources" type="TEARDOWN">
<kw name="Close Browser" library="SeleniumLibrary">
<doc>Closes the current browser.</doc>
<status status="PASS" starttime="20231019 16:00:26.765" endtime="20231019 16:00:29.015"/>
</kw>
<status status="PASS" starttime="20231019 16:00:26.765" endtime="20231019 16:00:29.015"/>
</kw>
<status status="PASS" starttime="20231019 16:00:01.332" endtime="20231019 16:00:29.015"/>
</test>
<test id="s1-s6-t3" name="LoginTest_with_CSVfile" line="10">
<kw name="openmybrowser" library="Login_resources" type="SETUP">
<kw name="Open Browser" library="SeleniumLibrary">
<arg>${LOGIN_URL}</arg>
<arg>${BROWSER}</arg>
<doc>Opens a new browser instance to the optional ``url``.</doc>
<msg timestamp="20231019 16:00:29.019" level="INFO">Opening browser 'chrome' to base url 'https://www.godsownstay.com/'.</msg>
<status status="PASS" starttime="20231019 16:00:29.019" endtime="20231019 16:00:30.484"/>
</kw>
<kw name="Maximize Browser Window" library="SeleniumLibrary">
<doc>Maximizes current browser window.</doc>
<status status="PASS" starttime="20231019 16:00:30.484" endtime="20231019 16:00:53.383"/>
</kw>
<kw name="Click Element" library="SeleniumLibrary">
<arg>//span[text()=" Login as Admin"]</arg>
<doc>Click the element identified by ``locator``.</doc>
<msg timestamp="20231019 16:00:53.383" level="INFO">Clicking element '//span[text()=" Login as Admin"]'.</msg>
<status status="PASS" starttime="20231019 16:00:53.383" endtime="20231019 16:00:53.909"/>
</kw>
<status status="PASS" starttime="20231019 16:00:29.018" endtime="20231019 16:00:53.910"/>
</kw>
<kw name="InvalidLogin">
<arg>Bairavi</arg>
<arg>tiger</arg>
<kw name="Inputusername" library="Login_resources">
<arg>${username}</arg>
<kw name="Input Text" library="SeleniumLibrary">
<arg>xpath://input[@placeholder='Your Username*']</arg>
<arg>${username}</arg>
<doc>Types the given ``text`` into the text field identified by ``locator``.</doc>
<msg timestamp="20231019 16:00:53.911" level="INFO">Typing text 'Bairavi' into text field 'xpath://input[@placeholder='Your Username*']'.</msg>
<status status="PASS" starttime="20231019 16:00:53.911" endtime="20231019 16:00:54.034"/>
</kw>
<status status="PASS" starttime="20231019 16:00:53.910" endtime="20231019 16:00:54.034"/>
</kw>
<kw name="Inputpwd" library="Login_resources">
<arg>${password}</arg>
<kw name="Input Text" library="SeleniumLibrary">
<arg>//input[@placeholder='Your Password']</arg>
<arg>${password}</arg>
<doc>Types the given ``text`` into the text field identified by ``locator``.</doc>
<msg timestamp="20231019 16:00:54.035" level="INFO">Typing text 'tiger' into text field '//input[@placeholder='Your Password']'.</msg>
<status status="PASS" starttime="20231019 16:00:54.035" endtime="20231019 16:00:54.120"/>
</kw>
<status status="PASS" starttime="20231019 16:00:54.034" endtime="20231019 16:00:54.121"/>
</kw>
<kw name="Clickloginbutton" library="Login_resources">
<kw name="Click Element" library="SeleniumLibrary">
<arg>xpath://button[text()=" Login"]</arg>
<doc>Click the element identified by ``locator``.</doc>
<msg timestamp="20231019 16:00:54.122" level="INFO">Clicking element 'xpath://button[text()=" Login"]'.</msg>
<status status="PASS" starttime="20231019 16:00:54.121" endtime="20231019 16:00:54.173"/>
</kw>
<status status="PASS" starttime="20231019 16:00:54.121" endtime="20231019 16:00:54.173"/>
</kw>
<kw name="Error message should be visible" library="Login_resources">
<kw name="Page Should Contain" library="SeleniumLibrary">
<arg>Invalid Usename or Password *</arg>
<doc>Verifies that current page contains ``text``.</doc>
<msg timestamp="20231019 16:00:54.191" level="INFO">Current page contains text 'Invalid Usename or Password *'.</msg>
<status status="PASS" starttime="20231019 16:00:54.174" endtime="20231019 16:00:54.191"/>
</kw>
<status status="PASS" starttime="20231019 16:00:54.173" endtime="20231019 16:00:54.192"/>
</kw>
<status status="PASS" starttime="20231019 16:00:53.910" endtime="20231019 16:00:54.192"/>
</kw>
<kw name="Close Browsers" library="Login_resources" type="TEARDOWN">
<kw name="Close Browser" library="SeleniumLibrary">
<doc>Closes the current browser.</doc>
<status status="PASS" starttime="20231019 16:00:54.193" endtime="20231019 16:00:56.382"/>
</kw>
<status status="PASS" starttime="20231019 16:00:54.192" endtime="20231019 16:00:56.382"/>
</kw>
<status status="PASS" starttime="20231019 16:00:29.016" endtime="20231019 16:00:56.382"/>
</test>
<status status="PASS" starttime="20231019 15:59:26.556" endtime="20231019 16:00:56.383"/>
</suite>
<suite id="s1-s7" name="Forloopdemo" source="C:\Users\CBT\PycharmProjects\GodsOwnStay\Testcases\Forloopdemo.robot">
<test id="s1-s7-t1" name="Template with FOR loop7" line="51">
<kw name="Create List" library="BuiltIn">
<var>@{LIST1}</var>
<arg>1 2 3 4 5</arg>
<doc>Returns a list containing given items.</doc>
<msg timestamp="20231019 16:00:56.756" level="INFO">@{LIST1} = [ 1 2 3 4 5 ]</msg>
<status status="PASS" starttime="20231019 16:00:56.755" endtime="20231019 16:00:56.756"/>
</kw>
<kw name="Create List" library="BuiltIn">
<var>@{LIST2}</var>
<arg>6 7 8 9 10</arg>
<doc>Returns a list containing given items.</doc>
<msg timestamp="20231019 16:00:56.757" level="INFO">@{LIST2} = [ 6 7 8 9 10 ]</msg>
<status status="PASS" starttime="20231019 16:00:56.756" endtime="20231019 16:00:56.757"/>
</kw>
<for flavor="IN">
<var>${i}</var>
<value>@{LIST1}</value>
<iter>
<var name="${i}">1 2 3 4 5</var>
<kw name="Log To Console" library="BuiltIn">
<arg>${i}</arg>
<doc>Logs the given message to the console.</doc>
<status status="PASS" starttime="20231019 16:00:56.757" endtime="20231019 16:00:56.758"/>
</kw>
<for flavor="IN">
<var>${j}</var>
<value>@{LIST2}</value>
<iter>
<var name="${j}">6 7 8 9 10</var>
<kw name="Log To Console" library="BuiltIn">
<arg>${j}</arg>
<doc>Logs the given message to the console.</doc>
<status status="PASS" starttime="20231019 16:00:56.759" endtime="20231019 16:00:56.759"/>
</kw>
<status status="PASS" starttime="20231019 16:00:56.759" endtime="20231019 16:00:56.759"/>
</iter>
<status status="PASS" starttime="20231019 16:00:56.758" endtime="20231019 16:00:56.759"/>
</for>
<status status="PASS" starttime="20231019 16:00:56.757" endtime="20231019 16:00:56.760"/>
</iter>
<status status="PASS" starttime="20231019 16:00:56.757" endtime="20231019 16:00:56.760"/>
</for>
<status status="PASS" starttime="20231019 16:00:56.754" endtime="20231019 16:00:56.760"/>
</test>
<status status="PASS" starttime="20231019 16:00:56.457" endtime="20231019 16:00:56.761"/>
</suite>
<suite id="s1-s8" name="GetAll Links" source="C:\Users\CBT\PycharmProjects\GodsOwnStay\Testcases\GetAll_Links.robot">
<test id="s1-s8-t1" name="Getall_links" line="5">
<kw name="Open Browser" library="SeleniumLibrary">
<arg>https://www.worldometers.info/geography/alphabetical-list-of-countries/</arg>
<arg>chrome</arg>
<doc>Opens a new browser instance to the optional ``url``.</doc>
<msg timestamp="20231019 16:00:57.818" level="INFO">Opening browser 'chrome' to base url 'https://www.worldometers.info/geography/alphabetical-list-of-countries/'.</msg>
<status status="PASS" starttime="20231019 16:00:57.817" endtime="20231019 16:01:02.571"/>
</kw>
<kw name="Maximize Browser Window" library="SeleniumLibrary">
<doc>Maximizes current browser window.</doc>
<status status="PASS" starttime="20231019 16:01:02.571" endtime="20231019 16:01:02.699"/>
</kw>
<kw name="Get Element Count" library="SeleniumLibrary">
<var>${getalllinkscount}</var>
<arg>xpath://a</arg>
<doc>Returns the number of elements matching ``locator``.</doc>
<msg timestamp="20231019 16:01:02.739" level="INFO">${getalllinkscount} = 236</msg>
<status status="PASS" starttime="20231019 16:01:02.699" endtime="20231019 16:01:02.739"/>
</kw>
<kw name="Log To Console" library="BuiltIn">
<arg>${getalllinkscount}</arg>
<doc>Logs the given message to the console.</doc>
<status status="PASS" starttime="20231019 16:01:02.739" endtime="20231019 16:01:02.741"/>
</kw>
<kw name="Create List" library="BuiltIn">
<var>@{Linkitems}</var>
<doc>Returns a list containing given items.</doc>
<msg timestamp="20231019 16:01:02.742" level="INFO">@{Linkitems} = [ ]</msg>
<status status="PASS" starttime="20231019 16:01:02.741" endtime="20231019 16:01:02.742"/>
</kw>
<for flavor="IN RANGE">
<var>${i}</var>
<value>1</value>
<value>${getalllinkscount}+1</value>
<iter>
<var name="${i}">1</var>
<kw name="Get Text" library="SeleniumLibrary">
<var>${linktext}</var>
<arg>xpath:(//a)[${i}]</arg>
<doc>Returns the text value of the element identified by ``locator``.</doc>
<msg timestamp="20231019 16:01:02.772" level="INFO">${linktext} = Learn more</msg>
<status status="PASS" starttime="20231019 16:01:02.743" endtime="20231019 16:01:02.772"/>
</kw>
<kw name="Log To Console" library="BuiltIn">
<arg>${linktext}</arg>
<doc>Logs the given message to the console.</doc>
<status status="PASS" starttime="20231019 16:01:02.772" endtime="20231019 16:01:02.773"/>
</kw>
<status status="PASS" starttime="20231019 16:01:02.742" endtime="20231019 16:01:02.774"/>
</iter>
<iter>
<var name="${i}">2</var>
<kw name="Get Text" library="SeleniumLibrary">
<var>${linktext}</var>
<arg>xpath:(//a)[${i}]</arg>
<doc>Returns the text value of the element identified by ``locator``.</doc>
<msg timestamp="20231019 16:01:02.836" level="INFO">${linktext} = Got it!</msg>
<status status="PASS" starttime="20231019 16:01:02.775" endtime="20231019 16:01:02.836"/>
</kw>
<kw name="Log To Console" library="BuiltIn">
<arg>${linktext}</arg>
<doc>Logs the given message to the console.</doc>
<status status="PASS" starttime="20231019 16:01:02.836" endtime="20231019 16:01:02.837"/>
</kw>
<status status="PASS" starttime="20231019 16:01:02.774" endtime="20231019 16:01:02.837"/>
</iter>
<iter>
<var name="${i}">3</var>
<kw name="Get Text" library="SeleniumLibrary">
<var>${linktext}</var>
<arg>xpath:(//a)[${i}]</arg>
<doc>Returns the text value of the element identified by ``locator``.</doc>
<msg timestamp="20231019 16:01:02.864" level="INFO">${linktext} = </msg>
<status status="PASS" starttime="20231019 16:01:02.837" endtime="20231019 16:01:02.864"/>
</kw>
<kw name="Log To Console" library="BuiltIn">
<arg>${linktext}</arg>
<doc>Logs the given message to the console.</doc>
<status status="PASS" starttime="20231019 16:01:02.864" endtime="20231019 16:01:02.865"/>
</kw>
<status status="PASS" starttime="20231019 16:01:02.837" endtime="20231019 16:01:02.865"/>
</iter>
<iter>
<var name="${i}">4</var>
<kw name="Get Text" library="SeleniumLibrary">
<var>${linktext}</var>
<arg>xpath:(//a)[${i}]</arg>
<doc>Returns the text value of the element identified by ``locator``.</doc>
<msg timestamp="20231019 16:01:02.891" level="INFO">${linktext} = Coronavirus</msg>
<status status="PASS" starttime="20231019 16:01:02.866" endtime="20231019 16:01:02.891"/>
</kw>
<kw name="Log To Console" library="BuiltIn">
<arg>${linktext}</arg>
<doc>Logs the given message to the console.</doc>
<status status="PASS" starttime="20231019 16:01:02.892" endtime="20231019 16:01:02.892"/>
</kw>
<status status="PASS" starttime="20231019 16:01:02.865" endtime="20231019 16:01:02.892"/>
</iter>
<iter>
<var name="${i}">5</var>
<kw name="Get Text" library="SeleniumLibrary">
<var>${linktext}</var>
<arg>xpath:(//a)[${i}]</arg>
<doc>Returns the text value of the element identified by ``locator``.</doc>
<msg timestamp="20231019 16:01:02.916" level="INFO">${linktext} = Population</msg>
<status status="PASS" starttime="20231019 16:01:02.893" endtime="20231019 16:01:02.916"/>
</kw>
<kw name="Log To Console" library="BuiltIn">
<arg>${linktext}</arg>
<doc>Logs the given message to the console.</doc>
<status status="PASS" starttime="20231019 16:01:02.917" endtime="20231019 16:01:02.917"/>
</kw>
<status status="PASS" starttime="20231019 16:01:02.893" endtime="20231019 16:01:02.917"/>
</iter>
<iter>
<var name="${i}">6</var>
<kw name="Get Text" library="SeleniumLibrary">
<var>${linktext}</var>
<arg>xpath:(//a)[${i}]</arg>
<doc>Returns the text value of the element identified by ``locator``.</doc>
<msg timestamp="20231019 16:01:02.938" level="INFO">${linktext} = W</msg>
<status status="PASS" starttime="20231019 16:01:02.918" endtime="20231019 16:01:02.938"/>
</kw>
<kw name="Log To Console" library="BuiltIn">
<arg>${linktext}</arg>
<doc>Logs the given message to the console.</doc>
<status status="PASS" starttime="20231019 16:01:02.938" endtime="20231019 16:01:02.940"/>
</kw>
<status status="PASS" starttime="20231019 16:01:02.918" endtime="20231019 16:01:02.940"/>
</iter>
<iter>
<var name="${i}">7</var>
<kw name="Get Text" library="SeleniumLibrary">
<var>${linktext}</var>
<arg>xpath:(//a)[${i}]</arg>
<doc>Returns the text value of the element identified by ``locator``.</doc>
<msg timestamp="20231019 16:01:02.978" level="INFO">${linktext} = A</msg>
<status status="PASS" starttime="20231019 16:01:02.940" endtime="20231019 16:01:02.978"/>
</kw>
<kw name="Log To Console" library="BuiltIn">
<arg>${linktext}</arg>
<doc>Logs the given message to the console.</doc>
<status status="PASS" starttime="20231019 16:01:02.978" endtime="20231019 16:01:02.979"/>
</kw>
<status status="PASS" starttime="20231019 16:01:02.940" endtime="20231019 16:01:02.979"/>
</iter>
<iter>
<var name="${i}">8</var>
<kw name="Get Text" library="SeleniumLibrary">
<var>${linktext}</var>
<arg>xpath:(//a)[${i}]</arg>
<doc>Returns the text value of the element identified by ``locator``.</doc>
<msg timestamp="20231019 16:01:03.014" level="INFO">${linktext} = B</msg>
<status status="PASS" starttime="20231019 16:01:02.980" endtime="20231019 16:01:03.015"/>
</kw>
<kw name="Log To Console" library="BuiltIn">
<arg>${linktext}</arg>
<doc>Logs the given message to the console.</doc>
<status status="PASS" starttime="20231019 16:01:03.015" endtime="20231019 16:01:03.015"/>
</kw>
<status status="PASS" starttime="20231019 16:01:02.979" endtime="20231019 16:01:03.016"/>
</iter>
<iter>
<var name="${i}">9</var>
<kw name="Get Text" library="SeleniumLibrary">
<var>${linktext}</var>
<arg>xpath:(//a)[${i}]</arg>
<doc>Returns the text value of the element identified by ``locator``.</doc>
<msg timestamp="20231019 16:01:03.037" level="INFO">${linktext} = C</msg>
<status status="PASS" starttime="20231019 16:01:03.016" endtime="20231019 16:01:03.037"/>
</kw>
<kw name="Log To Console" library="BuiltIn">
<arg>${linktext}</arg>
<doc>Logs the given message to the console.</doc>
<status status="PASS" starttime="20231019 16:01:03.037" endtime="20231019 16:01:03.038"/>
</kw>
<status status="PASS" starttime="20231019 16:01:03.016" endtime="20231019 16:01:03.038"/>
</iter>
<iter>
<var name="${i}">10</var>
<kw name="Get Text" library="SeleniumLibrary">
<var>${linktext}</var>
<arg>xpath:(//a)[${i}]</arg>
<doc>Returns the text value of the element identified by ``locator``.</doc>
<msg timestamp="20231019 16:01:03.065" level="INFO">${linktext} = D</msg>
<status status="PASS" starttime="20231019 16:01:03.038" endtime="20231019 16:01:03.065"/>
</kw>
<kw name="Log To Console" library="BuiltIn">
<arg>${linktext}</arg>
<doc>Logs the given message to the console.</doc>
<status status="PASS" starttime="20231019 16:01:03.065" endtime="20231019 16:01:03.066"/>
</kw>
<status status="PASS" starttime="20231019 16:01:03.038" endtime="20231019 16:01:03.066"/>
</iter>
<iter>
<var name="${i}">11</var>
<kw name="Get Text" library="SeleniumLibrary">
<var>${linktext}</var>
<arg>xpath:(//a)[${i}]</arg>
<doc>Returns the text value of the element identified by ``locator``.</doc>
<msg timestamp="20231019 16:01:03.090" level="INFO">${linktext} = E</msg>
<status status="PASS" starttime="20231019 16:01:03.067" endtime="20231019 16:01:03.090"/>
</kw>
<kw name="Log To Console" library="BuiltIn">
<arg>${linktext}</arg>
<doc>Logs the given message to the console.</doc>
<status status="PASS" starttime="20231019 16:01:03.090" endtime="20231019 16:01:03.091"/>
</kw>
<status status="PASS" starttime="20231019 16:01:03.066" endtime="20231019 16:01:03.091"/>
</iter>
<iter>
<var name="${i}">12</var>
<kw name="Get Text" library="SeleniumLibrary">
<var>${linktext}</var>
<arg>xpath:(//a)[${i}]</arg>
<doc>Returns the text value of the element identified by ``locator``.</doc>
<msg timestamp="20231019 16:01:03.112" level="INFO">${linktext} = F</msg>
<status status="PASS" starttime="20231019 16:01:03.092" endtime="20231019 16:01:03.112"/>
</kw>
<kw name="Log To Console" library="BuiltIn">
<arg>${linktext}</arg>
<doc>Logs the given message to the console.</doc>
<status status="PASS" starttime="20231019 16:01:03.112" endtime="20231019 16:01:03.113"/>
</kw>
<status status="PASS" starttime="20231019 16:01:03.091" endtime="20231019 16:01:03.113"/>
</iter>
<iter>
<var name="${i}">13</var>
<kw name="Get Text" library="SeleniumLibrary">
<var>${linktext}</var>
<arg>xpath:(//a)[${i}]</arg>
<doc>Returns the text value of the element identified by ``locator``.</doc>
<msg timestamp="20231019 16:01:03.133" level="INFO">${linktext} = G</msg>
<status status="PASS" starttime="20231019 16:01:03.113" endtime="20231019 16:01:03.133"/>
</kw>
<kw name="Log To Console" library="BuiltIn">
<arg>${linktext}</arg>
<doc>Logs the given message to the console.</doc>
<status status="PASS" starttime="20231019 16:01:03.133" endtime="20231019 16:01:03.134"/>
</kw>
<status status="PASS" starttime="20231019 16:01:03.113" endtime="20231019 16:01:03.134"/>
</iter>
<iter>
<var name="${i}">14</var>
<kw name="Get Text" library="SeleniumLibrary">
<var>${linktext}</var>
<arg>xpath:(//a)[${i}]</arg>
<doc>Returns the text value of the element identified by ``locator``.</doc>
<msg timestamp="20231019 16:01:03.156" level="INFO">${linktext} = H</msg>
<status status="PASS" starttime="20231019 16:01:03.134" endtime="20231019 16:01:03.156"/>
</kw>
<kw name="Log To Console" library="BuiltIn">
<arg>${linktext}</arg>
<doc>Logs the given message to the console.</doc>
<status status="PASS" starttime="20231019 16:01:03.156" endtime="20231019 16:01:03.157"/>
</kw>
<status status="PASS" starttime="20231019 16:01:03.134" endtime="20231019 16:01:03.157"/>
</iter>
<iter>
<var name="${i}">15</var>
<kw name="Get Text" library="SeleniumLibrary">
<var>${linktext}</var>
<arg>xpath:(//a)[${i}]</arg>
<doc>Returns the text value of the element identified by ``locator``.</doc>
<msg timestamp="20231019 16:01:03.192" level="INFO">${linktext} = I</msg>
<status status="PASS" starttime="20231019 16:01:03.158" endtime="20231019 16:01:03.192"/>
</kw>
<kw name="Log To Console" library="BuiltIn">
<arg>${linktext}</arg>
<doc>Logs the given message to the console.</doc>
<status status="PASS" starttime="20231019 16:01:03.193" endtime="20231019 16:01:03.193"/>
</kw>
<status status="PASS" starttime="20231019 16:01:03.158" endtime="20231019 16:01:03.193"/>
</iter>
<iter>
<var name="${i}">16</var>
<kw name="Get Text" library="SeleniumLibrary">
<var>${linktext}</var>
<arg>xpath:(//a)[${i}]</arg>
<doc>Returns the text value of the element identified by ``locator``.</doc>
<msg timestamp="20231019 16:01:03.216" level="INFO">${linktext} = J</msg>
<status status="PASS" starttime="20231019 16:01:03.193" endtime="20231019 16:01:03.216"/>
</kw>
<kw name="Log To Console" library="BuiltIn">
<arg>${linktext}</arg>
<doc>Logs the given message to the console.</doc>
<status status="PASS" starttime="20231019 16:01:03.216" endtime="20231019 16:01:03.217"/>
</kw>
<status status="PASS" starttime="20231019 16:01:03.193" endtime="20231019 16:01:03.217"/>
</iter>
<iter>
<var name="${i}">17</var>
<kw name="Get Text" library="SeleniumLibrary">
<var>${linktext}</var>
<arg>xpath:(//a)[${i}]</arg>
<doc>Returns the text value of the element identified by ``locator``.</doc>
<msg timestamp="20231019 16:01:03.245" level="INFO">${linktext} = K</msg>
<status status="PASS" starttime="20231019 16:01:03.217" endtime="20231019 16:01:03.245"/>
</kw>
<kw name="Log To Console" library="BuiltIn">
<arg>${linktext}</arg>
<doc>Logs the given message to the console.</doc>
<status status="PASS" starttime="20231019 16:01:03.245" endtime="20231019 16:01:03.246"/>
</kw>
<status status="PASS" starttime="20231019 16:01:03.217" endtime="20231019 16:01:03.246"/>
</iter>
<iter>
<var name="${i}">18</var>
<kw name="Get Text" library="SeleniumLibrary">
<var>${linktext}</var>
<arg>xpath:(//a)[${i}]</arg>
<doc>Returns the text value of the element identified by ``locator``.</doc>
<msg timestamp="20231019 16:01:03.286" level="INFO">${linktext} = L</msg>
<status status="PASS" starttime="20231019 16:01:03.246" endtime="20231019 16:01:03.287"/>
</kw>
<kw name="Log To Console" library="BuiltIn">
<arg>${linktext}</arg>
<doc>Logs the given message to the console.</doc>
<status status="PASS" starttime="20231019 16:01:03.287" endtime="20231019 16:01:03.287"/>
</kw>
<status status="PASS" starttime="20231019 16:01:03.246" endtime="20231019 16:01:03.287"/>
</iter>
<iter>
<var name="${i}">19</var>
<kw name="Get Text" library="SeleniumLibrary">
<var>${linktext}</var>
<arg>xpath:(//a)[${i}]</arg>
<doc>Returns the text value of the element identified by ``locator``.</doc>
<msg timestamp="20231019 16:01:03.338" level="INFO">${linktext} = M</msg>
<status status="PASS" starttime="20231019 16:01:03.288" endtime="20231019 16:01:03.338"/>
</kw>
<kw name="Log To Console" library="BuiltIn">
<arg>${linktext}</arg>
<doc>Logs the given message to the console.</doc>
<status status="PASS" starttime="20231019 16:01:03.339" endtime="20231019 16:01:03.339"/>
</kw>
<status status="PASS" starttime="20231019 16:01:03.288" endtime="20231019 16:01:03.340"/>
</iter>
<iter>
<var name="${i}">20</var>
<kw name="Get Text" library="SeleniumLibrary">
<var>${linktext}</var>
<arg>xpath:(//a)[${i}]</arg>
<doc>Returns the text value of the element identified by ``locator``.</doc>
<msg timestamp="20231019 16:01:03.408" level="INFO">${linktext} = N</msg>
<status status="PASS" starttime="20231019 16:01:03.340" endtime="20231019 16:01:03.409"/>
</kw>
<kw name="Log To Console" library="BuiltIn">
<arg>${linktext}</arg>
<doc>Logs the given message to the console.</doc>
<status status="PASS" starttime="20231019 16:01:03.409" endtime="20231019 16:01:03.410"/>
</kw>
<status status="PASS" starttime="20231019 16:01:03.340" endtime="20231019 16:01:03.410"/>
</iter>
<iter>
<var name="${i}">21</var>
<kw name="Get Text" library="SeleniumLibrary">
<var>${linktext}</var>
<arg>xpath:(//a)[${i}]</arg>
<doc>Returns the text value of the element identified by ``locator``.</doc>
<msg timestamp="20231019 16:01:03.443" level="INFO">${linktext} = O</msg>
<status status="PASS" starttime="20231019 16:01:03.410" endtime="20231019 16:01:03.443"/>
</kw>
<kw name="Log To Console" library="BuiltIn">
<arg>${linktext}</arg>
<doc>Logs the given message to the console.</doc>
<status status="PASS" starttime="20231019 16:01:03.444" endtime="20231019 16:01:03.444"/>
</kw>
<status status="PASS" starttime="20231019 16:01:03.410" endtime="20231019 16:01:03.444"/>
</iter>
<iter>
<var name="${i}">22</var>
<kw name="Get Text" library="SeleniumLibrary">
<var>${linktext}</var>
<arg>xpath:(//a)[${i}]</arg>
<doc>Returns the text value of the element identified by ``locator``.</doc>
<msg timestamp="20231019 16:01:03.473" level="INFO">${linktext} = P</msg>
<status status="PASS" starttime="20231019 16:01:03.445" endtime="20231019 16:01:03.473"/>
</kw>
<kw name="Log To Console" library="BuiltIn">
<arg>${linktext}</arg>
<doc>Logs the given message to the console.</doc>
<status status="PASS" starttime="20231019 16:01:03.473" endtime="20231019 16:01:03.473"/>
</kw>
<status status="PASS" starttime="20231019 16:01:03.445" endtime="20231019 16:01:03.474"/>
</iter>
<iter>
<var name="${i}">23</var>
<kw name="Get Text" library="SeleniumLibrary">
<var>${linktext}</var>
<arg>xpath:(//a)[${i}]</arg>
<doc>Returns the text value of the element identified by ``locator``.</doc>
<msg timestamp="20231019 16:01:03.528" level="INFO">${linktext} = Q</msg>
<status status="PASS" starttime="20231019 16:01:03.474" endtime="20231019 16:01:03.528"/>
</kw>
<kw name="Log To Console" library="BuiltIn">
<arg>${linktext}</arg>
<doc>Logs the given message to the console.</doc>
[...]
<msg timestamp="20231019 16:03:19.318" level="INFO">Opening browser 'chrome' to base url 'https://godsownstay.com/'.</msg>
<status status="PASS" starttime="20231019 16:03:19.317" endtime="20231019 16:03:38.663"/>
</kw>
<kw name="Maximize Browser Window" library="SeleniumLibrary">
<doc>Maximizes current browser window.</doc>
<status status="PASS" starttime="20231019 16:03:38.664" endtime="20231019 16:03:39.006"/>
</kw>
<kw name="Sleep" library="BuiltIn">
<arg>3</arg>
<doc>Pauses the test executed for the given time.</doc>
<msg timestamp="20231019 16:03:42.008" level="INFO">Slept 3 seconds</msg>
<status status="PASS" starttime="20231019 16:03:39.007" endtime="20231019 16:03:42.008"/>
</kw>
<kw name="Open Browser" library="SeleniumLibrary">
<arg>https://gitlab.com/</arg>
<arg>chrome</arg>
<doc>Opens a new browser instance to the optional ``url``.</doc>
<msg timestamp="20231019 16:03:42.009" level="INFO">Opening browser 'chrome' to base url 'https://gitlab.com/'.</msg>
<status status="PASS" starttime="20231019 16:03:42.008" endtime="20231019 16:04:01.943"/>
</kw>
<kw name="Maximize Browser Window" library="SeleniumLibrary">
<doc>Maximizes current browser window.</doc>
<status status="PASS" starttime="20231019 16:04:01.944" endtime="20231019 16:04:02.148"/>
</kw>
<kw name="Sleep" library="BuiltIn">
<arg>3</arg>
<doc>Pauses the test executed for the given time.</doc>
<msg timestamp="20231019 16:04:05.150" level="INFO">Slept 3 seconds</msg>
<status status="PASS" starttime="20231019 16:04:02.148" endtime="20231019 16:04:05.150"/>
</kw>
<kw name="Switch Browser" library="SeleniumLibrary">
<arg>1</arg>
<doc>Switches between active browsers using ``index_or_alias``.</doc>
<status status="PASS" starttime="20231019 16:04:05.150" endtime="20231019 16:04:05.151"/>
</kw>
<kw name="Get Title" library="SeleniumLibrary">
<var>${title1}</var>
<doc>Returns the title of the current page.</doc>
<msg timestamp="20231019 16:04:05.430" level="INFO">${title1} = God's own stay</msg>
<status status="PASS" starttime="20231019 16:04:05.151" endtime="20231019 16:04:05.430"/>
</kw>
<kw name="Log To Console" library="BuiltIn">
<arg>${title1}</arg>
<doc>Logs the given message to the console.</doc>
<status status="PASS" starttime="20231019 16:04:05.430" endtime="20231019 16:04:05.430"/>
</kw>
<kw name="Switch Browser" library="SeleniumLibrary">
<arg>2</arg>
<doc>Switches between active browsers using ``index_or_alias``.</doc>
<status status="PASS" starttime="20231019 16:04:05.431" endtime="20231019 16:04:05.431"/>
</kw>
<kw name="Get Title" library="SeleniumLibrary">
<var>${title2}</var>
<doc>Returns the title of the current page.</doc>
<msg timestamp="20231019 16:04:05.441" level="INFO">${title2} = The DevSecOps Platform | GitLab</msg>
<status status="PASS" starttime="20231019 16:04:05.431" endtime="20231019 16:04:05.441"/>
</kw>
<kw name="Log To Console" library="BuiltIn">
<arg>${title2}</arg>
<doc>Logs the given message to the console.</doc>
<status status="PASS" starttime="20231019 16:04:05.441" endtime="20231019 16:04:05.442"/>
</kw>
<kw name="Sleep" library="BuiltIn">
<arg>3</arg>
<doc>Pauses the test executed for the given time.</doc>
<msg timestamp="20231019 16:04:08.443" level="INFO">Slept 3 seconds</msg>
<status status="PASS" starttime="20231019 16:04:05.442" endtime="20231019 16:04:08.443"/>
</kw>
<kw name="Close All Browsers" library="SeleniumLibrary">
<doc>Closes all open browsers and resets the browser cache.</doc>
<status status="PASS" starttime="20231019 16:04:08.443" endtime="20231019 16:04:21.041"/>
</kw>
<status status="PASS" starttime="20231019 16:03:19.316" endtime="20231019 16:04:21.041"/>
</test>
<status status="PASS" starttime="20231019 16:03:18.982" endtime="20231019 16:04:21.042"/>
</suite>
<suite id="s1-s20" name="TC1" source="C:\Users\CBT\PycharmProjects\GodsOwnStay\Testcases\TC1.robot">
<test id="s1-s20-t1" name="LoginTest" line="10">
<kw name="Open Browser" library="SeleniumLibrary">
<arg>http://10.10.20.141:3000/</arg>
<arg>chrome</arg>
<doc>Opens a new browser instance to the optional ``url``.</doc>
<msg timestamp="20231019 16:04:00.210" level="INFO">Opening browser 'chrome' to base url 'http://10.10.20.141:3000/'.</msg>
<msg timestamp="20231019 16:04:09.856" level="INFO" html="true">&lt;/td&gt;&lt;/tr&gt;&lt;tr&gt;&lt;td colspan="3"&gt;&lt;a href="19-selenium-screenshot-1.png"&gt;&lt;img src="19-selenium-screenshot-1.png" width="800px"&gt;&lt;/a&gt;</msg>
<msg timestamp="20231019 16:04:09.857" level="FAIL">WebDriverException: Message: unknown error: net::ERR_CONNECTION_REFUSED
  (Session info: chrome=118.0.5993.72)
Stacktrace:
	GetHandleVerifier [0x00007FF683AA8EF2+54786]
	(No symbol) [0x00007FF683A15612]
	(No symbol) [0x00007FF6838CA64B]
	(No symbol) [0x00007FF6838C63F3]
	(No symbol) [0x00007FF6838B971C]
	(No symbol) [0x00007FF6838BA977]
	(No symbol) [0x00007FF6838B9B13]
	(No symbol) [0x00007FF6838B8B8E]
	(No symbol) [0x00007FF6838B8B33]
	(No symbol) [0x00007FF6838B73AA]
	(No symbol) [0x00007FF6838B7CA3]
	(No symbol) [0x00007FF6838CCA5F]
	(No symbol) [0x00007FF683945077]
	(No symbol) [0x00007FF68392BE6A]
	(No symbol) [0x00007FF683944D02]
	(No symbol) [0x00007FF68392BC43]
	(No symbol) [0x00007FF683900941]
	(No symbol) [0x00007FF683901B84]
	GetHandleVerifier [0x00007FF683DF7F52+3524194]
	GetHandleVerifier [0x00007FF683E4D800+3874576]
	GetHandleVerifier [0x00007FF683E45D7F+3843215]
	GetHandleVerifier [0x00007FF683B45086+694166]
	(No symbol) [0x00007FF683A20A88]
	(No symbol) [0x00007FF683A1CA94]
	(No symbol) [0x00007FF683A1CBC2]
	(No symbol) [0x00007FF683A0CC83]
	BaseThreadInitThunk [0x00007FF9615D7034+20]
	RtlUserThreadStart [0x00007FF962362651+33]
</msg>
<status status="FAIL" starttime="20231019 16:04:00.210" endtime="20231019 16:04:09.861"/>
</kw>
<kw name="Maximize Browser Window" library="SeleniumLibrary">
<doc>Maximizes current browser window.</doc>
<status status="NOT RUN" starttime="20231019 16:04:09.862" endtime="20231019 16:04:09.862"/>
</kw>
<kw name="Click Element" library="SeleniumLibrary">
<arg>xpath://div[@class='loginheadbtn']</arg>
<doc>Click the element identified by ``locator``.</doc>
<status status="NOT RUN" starttime="20231019 16:04:09.862" endtime="20231019 16:04:09.862"/>
</kw>
<kw name="Click Element" library="SeleniumLibrary">
<arg>xpath://span[normalize-space()='Login as Admin']</arg>
<doc>Click the element identified by ``locator``.</doc>
<status status="NOT RUN" starttime="20231019 16:04:09.863" endtime="20231019 16:04:09.863"/>
</kw>
<kw name="Input Text" library="SeleniumLibrary">
<arg>xpath://input[@placeholder='Your Username*']</arg>
<arg>raunakali</arg>
<doc>Types the given ``text`` into the text field identified by ``locator``.</doc>
<status status="NOT RUN" starttime="20231019 16:04:09.863" endtime="20231019 16:04:09.863"/>
</kw>
<kw name="Input Text" library="SeleniumLibrary">
<arg>xpath://input[@placeholder='Your Password']</arg>
<arg>raunak@25</arg>
<doc>Types the given ``text`` into the text field identified by ``locator``.</doc>
<status status="NOT RUN" starttime="20231019 16:04:09.863" endtime="20231019 16:04:09.863"/>
</kw>
<kw name="Click Element" library="SeleniumLibrary">
<arg>xpath://button[@type='submit']</arg>
<doc>Click the element identified by ``locator``.</doc>
<status status="NOT RUN" starttime="20231019 16:04:09.863" endtime="20231019 16:04:09.863"/>
</kw>
<kw name="Close Browser" library="SeleniumLibrary">
<doc>Closes the current browser.</doc>
<status status="NOT RUN" starttime="20231019 16:04:09.864" endtime="20231019 16:04:09.864"/>
</kw>
<status status="FAIL" starttime="20231019 16:04:00.209" endtime="20231019 16:04:09.864">WebDriverException: Message: unknown error: net::ERR_CONNECTION_REFUSED
  (Session info: chrome=118.0.5993.72)
Stacktrace:
	GetHandleVerifier [0x00007FF683AA8EF2+54786]
	(No symbol) [0x00007FF683A15612]
	(No symbol) [0x00007FF6838CA64B]
	(No symbol) [0x00007FF6838C63F3]
	(No symbol) [0x00007FF6838B971C]
	(No symbol) [0x00007FF6838BA977]
	(No symbol) [0x00007FF6838B9B13]
	(No symbol) [0x00007FF6838B8B8E]
	(No symbol) [0x00007FF6838B8B33]
	(No symbol) [0x00007FF6838B73AA]
	(No symbol) [0x00007FF6838B7CA3]
	(No symbol) [0x00007FF6838CCA5F]
	(No symbol) [0x00007FF683945077]
	(No symbol) [0x00007FF68392BE6A]
	(No symbol) [0x00007FF683944D02]
	(No symbol) [0x00007FF68392BC43]
	(No symbol) [0x00007FF683900941]
	(No symbol) [0x00007FF683901B84]
	GetHandleVerifier [0x00007FF683DF7F52+3524194]
	GetHandleVerifier [0x00007FF683E4D800+3874576]
	GetHandleVerifier [0x00007FF683E45D7F+3843215]
	GetHandleVerifier [0x00007FF683B45086+694166]
	(No symbol) [0x00007FF683A20A88]
	(No symbol) [0x00007FF683A1CA94]
	(No symbol) [0x00007FF683A1CBC2]
	(No symbol) [0x00007FF683A0CC83]
	BaseThreadInitThunk [0x00007FF9615D7034+20]
	RtlUserThreadStart [0x00007FF962362651+33]
</status>
</test>
<status status="FAIL" starttime="20231019 16:03:59.845" endtime="20231019 16:04:09.865"/>
</suite>
<suite id="s1-s21" name="Userkeywords witharg returnval" source="C:\Users\CBT\PycharmProjects\GodsOwnStay\Testcases\Userkeywords_witharg_returnval.robot">
<test id="s1-s21-t1" name="TC1" line="9">
<kw name="Launch Browser" library="resources">
<var>${Page Title}</var>
<arg>${url}</arg>
<arg>${browser}</arg>
<kw name="Open Browser" library="SeleniumLibrary">
<arg>${appurl}</arg>
<arg>${appbrowser}</arg>
<doc>Opens a new browser instance to the optional ``url``.</doc>
<msg timestamp="20231019 16:04:12.977" level="INFO">Opening browser 'chrome' to base url 'https://www.godsownstay.com/'.</msg>
<status status="PASS" starttime="20231019 16:04:12.976" endtime="20231019 16:04:42.906"/>
</kw>
<kw name="Maximize Browser Window" library="SeleniumLibrary">
<doc>Maximizes current browser window.</doc>
<status status="PASS" starttime="20231019 16:04:42.906" endtime="20231019 16:04:43.407"/>
</kw>
<kw name="Click Element" library="SeleniumLibrary">
<arg>xpath://span[text()=" Login as Admin"]</arg>
<doc>Click the element identified by ``locator``.</doc>
<msg timestamp="20231019 16:04:43.408" level="INFO">Clicking element 'xpath://span[text()=" Login as Admin"]'.</msg>
<status status="PASS" starttime="20231019 16:04:43.407" endtime="20231019 16:04:44.339"/>
</kw>
<kw name="Get Title" library="SeleniumLibrary">
<var>${title}</var>
<doc>Returns the title of the current page.</doc>
<msg timestamp="20231019 16:04:44.348" level="INFO">${title} = God's own stay</msg>
<status status="PASS" starttime="20231019 16:04:44.340" endtime="20231019 16:04:44.348"/>
</kw>
<msg timestamp="20231019 16:04:44.349" level="INFO">${Page Title} = God's own stay</msg>
<status status="PASS" starttime="20231019 16:04:12.976" endtime="20231019 16:04:44.349"/>
</kw>
<kw name="Log To Console" library="BuiltIn">
<arg>${Page Title}</arg>
<doc>Logs the given message to the console.</doc>
<status status="PASS" starttime="20231019 16:04:44.349" endtime="20231019 16:04:44.350"/>
</kw>
<kw name="Input Text" library="SeleniumLibrary">
<arg>xpath://input[@placeholder='Your Username*']</arg>
<arg>raunakali</arg>
<doc>Types the given ``text`` into the text field identified by ``locator``.</doc>
<msg timestamp="20231019 16:04:44.351" level="INFO">Typing text 'raunakali' into text field 'xpath://input[@placeholder='Your Username*']'.</msg>
<status status="PASS" starttime="20231019 16:04:44.350" endtime="20231019 16:04:44.491"/>
</kw>
<kw name="Input Text" library="SeleniumLibrary">
<arg>xpath://input[@placeholder='Your Password']</arg>
<arg>raunak@25</arg>
<doc>Types the given ``text`` into the text field identified by ``locator``.</doc>
<msg timestamp="20231019 16:04:44.492" level="INFO">Typing text 'raunak@25' into text field 'xpath://input[@placeholder='Your Password']'.</msg>
<status status="PASS" starttime="20231019 16:04:44.491" endtime="20231019 16:04:44.633"/>
</kw>
<status status="PASS" starttime="20231019 16:04:12.975" endtime="20231019 16:04:44.633"/>
</test>
<status status="PASS" starttime="20231019 16:04:12.725" endtime="20231019 16:04:44.634"/>
</suite>
<suite id="s1-s22" name="Userkeywordswitharg" source="C:\Users\CBT\PycharmProjects\GodsOwnStay\Testcases\Userkeywordswitharg.robot">
<test id="s1-s22-t1" name="TC1" line="8">
<kw name="Launch Browser">
<arg>${url}</arg>
<arg>${browser}</arg>
<kw name="Open Browser" library="SeleniumLibrary">
<arg>${appurl}</arg>
<arg>${appbrowser}</arg>
<doc>Opens a new browser instance to the optional ``url``.</doc>
<msg timestamp="20231019 16:04:22.330" level="INFO">Opening browser 'chrome' to base url 'https://www.godsownstay.com/'.</msg>
<status status="PASS" starttime="20231019 16:04:22.330" endtime="20231019 16:04:42.914"/>
</kw>
<kw name="Maximize Browser Window" library="SeleniumLibrary">
<doc>Maximizes current browser window.</doc>
<status status="PASS" starttime="20231019 16:04:42.914" endtime="20231019 16:04:43.375"/>
</kw>
<kw name="Click Element" library="SeleniumLibrary">
<arg>xpath://span[text()=" Login as Admin"]</arg>
<doc>Click the element identified by ``locator``.</doc>
<msg timestamp="20231019 16:04:43.378" level="INFO">Clicking element 'xpath://span[text()=" Login as Admin"]'.</msg>
<status status="PASS" starttime="20231019 16:04:43.376" endtime="20231019 16:04:44.316"/>
</kw>
<status status="PASS" starttime="20231019 16:04:22.329" endtime="20231019 16:04:44.316"/>
</kw>
<kw name="Input Text" library="SeleniumLibrary">
<arg>xpath://input[@placeholder='Your Username*']</arg>
<arg>raunakali</arg>
<doc>Types the given ``text`` into the text field identified by ``locator``.</doc>
<msg timestamp="20231019 16:04:44.318" level="INFO">Typing text 'raunakali' into text field 'xpath://input[@placeholder='Your Username*']'.</msg>
<status status="PASS" starttime="20231019 16:04:44.317" endtime="20231019 16:04:44.456"/>
</kw>
<kw name="Input Text" library="SeleniumLibrary">
<arg>xpath://input[@placeholder='Your Password']</arg>
<arg>raunak@25</arg>
<doc>Types the given ``text`` into the text field identified by ``locator``.</doc>
<msg timestamp="20231019 16:04:44.457" level="INFO">Typing text 'raunak@25' into text field 'xpath://input[@placeholder='Your Password']'.</msg>
<status status="PASS" starttime="20231019 16:04:44.456" endtime="20231019 16:04:44.584"/>
</kw>
<status status="PASS" starttime="20231019 16:04:22.328" endtime="20231019 16:04:44.585"/>
</test>
<status status="PASS" starttime="20231019 16:04:22.011" endtime="20231019 16:04:44.586"/>
</suite>
<suite id="s1-s23" name="Userkeywordswtoutarg" source="C:\Users\CBT\PycharmProjects\GodsOwnStay\Testcases\Userkeywordswtoutarg.robot">
<test id="s1-s23-t1" name="TC1" line="8">
<kw name="Launch Browser">
<kw name="Open Browser" library="SeleniumLibrary">
<arg>${url}</arg>
<arg>${browser}</arg>
<doc>Opens a new browser instance to the optional ``url``.</doc>
<msg timestamp="20231019 16:04:46.183" level="INFO">Opening browser 'chrome' to base url 'https://www.godsownstay.com/'.</msg>
<status status="PASS" starttime="20231019 16:04:46.182" endtime="20231019 16:05:15.883"/>
</kw>
<kw name="Maximize Browser Window" library="SeleniumLibrary">
<doc>Maximizes current browser window.</doc>
<status status="PASS" starttime="20231019 16:05:15.883" endtime="20231019 16:05:16.242"/>
</kw>
<kw name="Click Element" library="SeleniumLibrary">
<arg>xpath://span[text()=" Login as Admin"]</arg>
<doc>Click the element identified by ``locator``.</doc>
<msg timestamp="20231019 16:05:16.244" level="INFO">Clicking element 'xpath://span[text()=" Login as Admin"]'.</msg>
<status status="PASS" starttime="20231019 16:05:16.243" endtime="20231019 16:05:16.855"/>
</kw>
<status status="PASS" starttime="20231019 16:04:46.182" endtime="20231019 16:05:16.855"/>
</kw>
<kw name="Input Text" library="SeleniumLibrary">
<arg>xpath://input[@placeholder='Your Username*']</arg>
<arg>raunakali</arg>
<doc>Types the given ``text`` into the text field identified by ``locator``.</doc>
<msg timestamp="20231019 16:05:16.856" level="INFO">Typing text 'raunakali' into text field 'xpath://input[@placeholder='Your Username*']'.</msg>
<status status="PASS" starttime="20231019 16:05:16.856" endtime="20231019 16:05:16.969"/>
</kw>
<kw name="Input Text" library="SeleniumLibrary">
<arg>xpath://input[@placeholder='Your Password']</arg>
<arg>raunak@25</arg>
<doc>Types the given ``text`` into the text field identified by ``locator``.</doc>
<msg timestamp="20231019 16:05:16.970" level="INFO">Typing text 'raunak@25' into text field 'xpath://input[@placeholder='Your Password']'.</msg>
<status status="PASS" starttime="20231019 16:05:16.970" endtime="20231019 16:05:17.068"/>
</kw>
<status status="PASS" starttime="20231019 16:04:46.181" endtime="20231019 16:05:17.069"/>
</test>
<status status="PASS" starttime="20231019 16:04:45.936" endtime="20231019 16:05:17.069"/>
</suite>
<doc>[https://pabot.org/?ref=log|Pabot] result from 23 executions.</doc>
<status status="FAIL" starttime="20231019 15:58:30.037" endtime="20231019 16:05:17.071"/>
</suite>
<statistics>
<total>
<stat pass="42" fail="5" skip="0">All Tests</stat>
</total>
<tag>
<stat pass="2" fail="0" skip="0">Regression</stat>
<stat pass="2" fail="0" skip="0">sanity</stat>
</tag>
<suite>
<stat pass="42" fail="5" skip="0" id="s1" name="Suites">Suites</stat>
<stat pass="1" fail="0" skip="0" id="s1-s1" name="Alerts">Suites.Alerts</stat>
<stat pass="1" fail="0" skip="0" id="s1-s2" name="Capturescreenshots">Suites.Capturescreenshots</stat>
<stat pass="8" fail="3" skip="0" id="s1-s3" name="DBTesting">Suites.DBTesting</stat>
<stat pass="5" fail="0" skip="0" id="s1-s4" name="DDT1">Suites.DDT1</stat>
<stat pass="3" fail="0" skip="0" id="s1-s5" name="DDT2 Excel">Suites.DDT2 Excel</stat>
<stat pass="3" fail="0" skip="0" id="s1-s6" name="DDT3 CSV">Suites.DDT3 CSV</stat>
<stat pass="1" fail="0" skip="0" id="s1-s7" name="Forloopdemo">Suites.Forloopdemo</stat>
<stat pass="1" fail="0" skip="0" id="s1-s8" name="GetAll Links">Suites.GetAll Links</stat>
<stat pass="4" fail="0" skip="0" id="s1-s9" name="Groupingtestsusing tags">Suites.Groupingtestsusing tags</stat>
<stat pass="1" fail="0" skip="0" id="s1-s10" name="HTML table demo">Suites.HTML table demo</stat>
<stat pass="1" fail="0" skip="0" id="s1-s11" name="Handlingdropdownlists2">Suites.Handlingdropdownlists2</stat>
<stat pass="1" fail="0" skip="0" id="s1-s12" name="Handlingradiocheckboxes">Suites.Handlingradiocheckboxes</stat>
<stat pass="0" fail="1" skip="0" id="s1-s13" name="Inputbox">Suites.Inputbox</stat>
<stat pass="1" fail="0" skip="0" id="s1-s14" name="LOGIN Test">Suites.LOGIN Test</stat>
<stat pass="1" fail="0" skip="0" id="s1-s15" name="Mouseactions">Suites.Mouseactions</stat>
<stat pass="1" fail="0" skip="0" id="s1-s16" name="Navigational keywords">Suites.Navigational keywords</stat>
<stat pass="1" fail="0" skip="0" id="s1-s17" name="Scrolling page">Suites.Scrolling page</stat>
<stat pass="4" fail="0" skip="0" id="s1-s18" name="SetupandTeardown">Suites.SetupandTeardown</stat>
<stat pass="1" fail="0" skip="0" id="s1-s19" name="Switchingbrowsers">Suites.Switchingbrowsers</stat>
<stat pass="0" fail="1" skip="0" id="s1-s20" name="TC1">Suites.TC1</stat>
<stat pass="1" fail="0" skip="0" id="s1-s21" name="Userkeywords witharg returnval">Suites.Userkeywords witharg returnval</stat>
<stat pass="1" fail="0" skip="0" id="s1-s22" name="Userkeywordswitharg">Suites.Userkeywordswitharg</stat>
<stat pass="1" fail="0" skip="0" id="s1-s23" name="Userkeywordswtoutarg">Suites.Userkeywordswtoutarg</stat>
</suite>
</statistics>
<errors>
<msg timestamp="20231019 15:59:47.023" level="WARN">Multiple tests with name 'LoginTest_with_Excel' executed in suite 'Suites.DDT2 Excel'.</msg>
<msg timestamp="20231019 16:00:14.951" level="WARN">Multiple tests with name 'LoginTest_with_Excel' executed in suite 'Suites.DDT2 Excel'.</msg>
<msg timestamp="20231019 16:00:01.332" level="WARN">Multiple tests with name 'LoginTest_with_CSVfile' executed in suite 'Suites.DDT3 CSV'.</msg>
<msg timestamp="20231019 16:00:29.016" level="WARN">Multiple tests with name 'LoginTest_with_CSVfile' executed in suite 'Suites.DDT3 CSV'.</msg>
</errors>
</robot>
