<?xml version="1.0" encoding="UTF-8"?>
<robot generator="Robot 6.1.1 (Python 3.11.3 on win32)" generated="20231019 16:02:54.430" rpa="false" schemaversion="4">
<suite id="s1" name="Suites">
<suite id="s1-s1" name="Navigational keywords" source="C:\Users\CBT\PycharmProjects\GodsOwnStay\Testcases\Navigational_keywords.robot">
<test id="s1-s1-t1" name="Navigational Keywords" line="5">
<kw name="Open Browser" library="SeleniumLibrary">
<arg>https://godsownstay.com/</arg>
<arg>chrome</arg>
<doc>Opens a new browser instance to the optional ``url``.</doc>
<msg timestamp="20231019 16:02:54.695" level="INFO">Opening browser 'chrome' to base url 'https://godsownstay.com/'.</msg>
<status status="PASS" starttime="20231019 16:02:54.694" endtime="20231019 16:03:24.498"/>
</kw>
<kw name="Maximize Browser Window" library="SeleniumLibrary">
<doc>Maximizes current browser window.</doc>
<status status="PASS" starttime="20231019 16:03:24.499" endtime="20231019 16:03:24.955"/>
</kw>
<kw name="Get Location" library="SeleniumLibrary">
<var>${loc}</var>
<doc>Returns the current browser window URL.</doc>
<msg timestamp="20231019 16:03:25.123" level="INFO">${loc} = https://godsownstay.com/</msg>
<status status="PASS" starttime="20231019 16:03:24.956" endtime="20231019 16:03:25.123"/>
</kw>
<kw name="Log To Console" library="BuiltIn">
<arg>${loc}</arg>
<doc>Logs the given message to the console.</doc>
<status status="PASS" starttime="20231019 16:03:25.123" endtime="20231019 16:03:25.124"/>
</kw>
<kw name="Sleep" library="BuiltIn">
<arg>3</arg>
<doc>Pauses the test executed for the given time.</doc>
<msg timestamp="20231019 16:03:28.125" level="INFO">Slept 3 seconds</msg>
<status status="PASS" starttime="20231019 16:03:25.124" endtime="20231019 16:03:28.125"/>
</kw>
<kw name="Go To" library="SeleniumLibrary">
<arg>https://about.gitlab.com/</arg>
<doc>Navigates the current browser window to the provided ``url``.</doc>
<msg timestamp="20231019 16:03:28.126" level="INFO">Opening url 'https://about.gitlab.com/'</msg>
<status status="PASS" starttime="20231019 16:03:28.125" endtime="20231019 16:03:50.509"/>
</kw>
<kw name="Maximize Browser Window" library="SeleniumLibrary">
<doc>Maximizes current browser window.</doc>
<status status="PASS" starttime="20231019 16:03:50.509" endtime="20231019 16:03:50.578"/>
</kw>
<kw name="Get Location" library="SeleniumLibrary">
<var>${loc}</var>
<doc>Returns the current browser window URL.</doc>
<msg timestamp="20231019 16:03:50.588" level="INFO">${loc} = https://about.gitlab.com/</msg>
<status status="PASS" starttime="20231019 16:03:50.579" endtime="20231019 16:03:50.588"/>
</kw>
<kw name="Log To Console" library="BuiltIn">
<arg>${loc}</arg>
<doc>Logs the given message to the console.</doc>
<status status="PASS" starttime="20231019 16:03:50.588" endtime="20231019 16:03:50.589"/>
</kw>
<kw name="Sleep" library="BuiltIn">
<arg>3</arg>
<doc>Pauses the test executed for the given time.</doc>
<msg timestamp="20231019 16:03:53.590" level="INFO">Slept 3 seconds</msg>
<status status="PASS" starttime="20231019 16:03:50.589" endtime="20231019 16:03:53.590"/>
</kw>
<kw name="Go Back" library="SeleniumLibrary">
<doc>Simulates the user clicking the back button on their browser.</doc>
<status status="PASS" starttime="20231019 16:03:53.590" endtime="20231019 16:03:53.650"/>
</kw>
<kw name="Get Location" library="SeleniumLibrary">
<var>${loc}</var>
<doc>Returns the current browser window URL.</doc>
<msg timestamp="20231019 16:03:53.657" level="INFO">${loc} = https://about.gitlab.com/</msg>
<status status="PASS" starttime="20231019 16:03:53.651" endtime="20231019 16:03:53.657"/>
</kw>
<kw name="Log To Console" library="BuiltIn">
<arg>${loc}</arg>
<doc>Logs the given message to the console.</doc>
<status status="PASS" starttime="20231019 16:03:53.657" endtime="20231019 16:03:53.658"/>
</kw>
<kw name="Sleep" library="BuiltIn">
<arg>3</arg>
<doc>Pauses the test executed for the given time.</doc>
<msg timestamp="20231019 16:03:56.659" level="INFO">Slept 3 seconds</msg>
<status status="PASS" starttime="20231019 16:03:53.658" endtime="20231019 16:03:56.659"/>
</kw>
<status status="PASS" starttime="20231019 16:02:54.693" endtime="20231019 16:03:56.659"/>
</test>
<status status="PASS" starttime="20231019 16:02:54.461" endtime="20231019 16:03:56.660"/>
</suite>
<status status="PASS" starttime="20231019 16:02:54.443" endtime="20231019 16:03:56.661"/>
</suite>
<statistics>
<total>
<stat pass="1" fail="0" skip="0">All Tests</stat>
</total>
<tag>
</tag>
<suite>
<stat pass="1" fail="0" skip="0" id="s1" name="Suites">Suites</stat>
<stat pass="1" fail="0" skip="0" id="s1-s1" name="Navigational keywords">Suites.Navigational keywords</stat>
</suite>
</statistics>
<errors>
</errors>
</robot>
